<?xml version="1.0" encoding="utf-8"?>
<TestRun id="6f274d52-dfd6-4ca9-ba7a-843c71274564" name="Cemal@ASUSTOWER 2026-04-23 09:14:12" runUser="AsusTower\Cemal" xmlns="http://microsoft.com/schemas/VisualStudio/TeamTest/2010">
  <Times creation="2026-04-23T09:14:12.7260641+02:00" queuing="2026-04-23T09:14:12.7260646+02:00" start="2026-04-23T09:14:10.6235639+02:00" finish="2026-04-23T09:23:01.8938945+02:00" />
  <TestSettings name="default" id="8807044a-ffe3-4987-89bd-0a5c5205eedc">
    <Deployment runDeploymentRoot="Cemal_ASUSTOWER_2026-04-23_09_14_12" />
  </TestSettings>
  <Results>
    <UnitTestResult executionId="40de21b5-989a-4a85-ba88-242adda50514" testId="8751d75b-8815-716e-23f8-dee90e5bbe03" testName="Romulus.Tests.Conversion.ConversionMetricsPipelineTests.FullChain_ConvertMetrics_ConsistentAcrossAllChannels" computerName="ASUSTOWER" duration="00:00:00.0003407" startTime="2026-04-23T09:23:01.6630752+02:00" endTime="2026-04-23T09:23:01.6632877+02:00" testType="13cdc9d9-ddb5-4fa4-a97d-d965ccfc6d4b" outcome="Passed" testListId="8c84fa94-04c1-424b-9868-57a2d4851a1d" relativeResultsDirectory="40de21b5-989a-4a85-ba88-242adda50514" />
    <UnitTestResult executionId="6d0f3d8b-5359-4224-be87-a96d0297b012" testId="64fa44fe-9407-31ec-2f44-5d426b11c48e" testName="Romulus.Tests.ConverterTests.InverseBoolToVisibility_ConvertBack_Visible_ReturnsFalse" computerName="ASUSTOWER" duration="00:00:00.0000780" startTime="2026-04-23T09:23:01.5764744+02:00" endTime="2026-04-23T09:23:01.5764895+02:00" testType="13cdc9d9-ddb5-4fa4-a97d-d965ccfc6d4b" outcome="Passed" testListId="8c84fa94-04c1-424b-9868-57a2d4851a1d" relativeResultsDirectory="6d0f3d8b-5359-4224-be87-a96d0297b012" />
    <UnitTestResult executionId="f6c78817-f325-4d74-b595-3ee113988c7f" testId="221863cc-b30e-64a9-288f-4a9b1fc154d5" testName="Romulus.Tests.Conversion.ConversionPhaseHelperRegressionTests.ConvertSingleFile_WhenErrorAuditAppendThrows_WritesTraceFallback" computerName="ASUSTOWER" duration="00:00:00.0174991" startTime="2026-04-23T09:23:01.3548867+02:00" endTime="2026-04-23T09:23:01.3722502+02:00" testType="13cdc9d9-ddb5-4fa4-a97d-d965ccfc6d4b" outcome="Passed" testListId="8c84fa94-04c1-424b-9868-57a2d4851a1d" relativeResultsDirectory="f6c78817-f325-4d74-b595-3ee113988c7f" />
    <UnitTestResult executionId="b7da9da4-c2cf-450c-b0e1-a2beb04187fb" testId="9a4bba83-725c-ae98-c1e0-5a21a693f790" testName="Romulus.Tests.ChdmanToolConverterCoverageTests.Convert_7z_NoToolFound_Skipped" computerName="ASUSTOWER" duration="00:00:00.0028856" startTime="2026-04-23T09:21:38.6436647+02:00" endTime="2026-04-23T09:21:38.6465200+02:00" testType="13cdc9d9-ddb5-4fa4-a97d-d965ccfc6d4b" outcome="Passed" testListId="8c84fa94-04c1-424b-9868-57a2d4851a1d" relativeResultsDirectory="b7da9da4-c2cf-450c-b0e1-a2beb04187fb" />
    <UnitTestResult executionId="89665f43-4620-4ed9-aae9-252adec49b88" testId="491ce354-a26d-014a-8e25-bb1b08ffc0d4" testName="Romulus.Tests.ConverterTests.LogLevelToBrush_Error_ReturnsRed" computerName="ASUSTOWER" duration="00:00:00.0001107" startTime="2026-04-23T09:23:01.5752541+02:00" endTime="2026-04-23T09:23:01.5752670+02:00" testType="13cdc9d9-ddb5-4fa4-a97d-d965ccfc6d4b" outcome="Passed" testListId="8c84fa94-04c1-424b-9868-57a2d4851a1d" relativeResultsDirectory="89665f43-4620-4ed9-aae9-252adec49b88" />
    <UnitTestResult executionId="feb3f2bc-636c-4942-b2e9-60f43b7a118f" testId="10641f23-33a6-0be8-3ab1-ae89fd486e55" testName="Romulus.Tests.FormatConverterAdapterTests.Convert_LegacyNkitToRvz_IsBlocked" computerName="ASUSTOWER" duration="00:00:00.0008241" startTime="2026-04-23T09:21:39.2364286+02:00" endTime="2026-04-23T09:21:39.2371357+02:00" testType="13cdc9d9-ddb5-4fa4-a97d-d965ccfc6d4b" outcome="Passed" testListId="8c84fa94-04c1-424b-9868-57a2d4851a1d" relativeResultsDirectory="feb3f2bc-636c-4942-b2e9-60f43b7a118f" />
    <UnitTestResult executionId="596895b3-6875-4113-bb5d-adb5f95ba64b" testId="6aee6f72-cf58-91db-f0a8-e302d2736e60" testName="Romulus.Tests.RunReportWriterTests.BuildEntries_UsesProjectedConvertedWinnerPath" computerName="ASUSTOWER" duration="00:00:00.0099795" startTime="2026-04-23T09:14:14.6347571+02:00" endTime="2026-04-23T09:14:14.6445055+02:00" testType="13cdc9d9-ddb5-4fa4-a97d-d965ccfc6d4b" outcome="Passed" testListId="8c84fa94-04c1-424b-9868-57a2d4851a1d" relativeResultsDirectory="596895b3-6875-4113-bb5d-adb5f95ba64b" />
    <UnitTestResult executionId="daf02194-9c49-46f5-b517-2b150ebdd5a4" testId="9b22d545-8502-89c7-8b63-a28a3bd8957b" testName="Romulus.Tests.GuiViewModelTests.IsConvertPhaseApplicable_TrueWhenConvertOnly" computerName="ASUSTOWER" duration="00:00:00.0034084" startTime="2026-04-23T09:23:01.6430262+02:00" endTime="2026-04-23T09:23:01.6459885+02:00" testType="13cdc9d9-ddb5-4fa4-a97d-d965ccfc6d4b" outcome="Passed" testListId="8c84fa94-04c1-424b-9868-57a2d4851a1d" relativeResultsDirectory="daf02194-9c49-46f5-b517-2b150ebdd5a4" />
    <UnitTestResult executionId="a3f4c841-8b5a-47e9-a6f5-1ebe5f956a3d" testId="36d21db5-5f5d-ee45-1f3a-69bc0cfa3be8" testName="Romulus.Tests.ConverterAndValidatorCoverageTests.DolphinVerify_MissingFile_ReturnsFalse" computerName="ASUSTOWER" duration="00:00:00.0006191" startTime="2026-04-23T09:23:01.1683409+02:00" endTime="2026-04-23T09:23:01.1687507+02:00" testType="13cdc9d9-ddb5-4fa4-a97d-d965ccfc6d4b" outcome="Passed" testListId="8c84fa94-04c1-424b-9868-57a2d4851a1d" relativeResultsDirectory="a3f4c841-8b5a-47e9-a6f5-1ebe5f956a3d" />
    <UnitTestResult executionId="f3bed98a-71e0-48af-be57-328f10d7d846" testId="fa93815b-5ca3-d7a1-a213-64f05ffe685d" testName="Romulus.Tests.ConverterTests.LogLevelToBrush_NonString_ReturnsCyan" computerName="ASUSTOWER" duration="00:00:00.0001941" startTime="2026-04-23T09:23:01.5753078+02:00" endTime="2026-04-23T09:23:01.5753248+02:00" testType="13cdc9d9-ddb5-4fa4-a97d-d965ccfc6d4b" outcome="Failed" testListId="8c84fa94-04c1-424b-9868-57a2d4851a1d" relativeResultsDirectory="f3bed98a-71e0-48af-be57-328f10d7d846">
      <Output>
        <ErrorInfo>
          <Message>Assert.Equal() Failure: Values differ&#xD;
Expected: #FF00F5FF&#xD;
Actual:   #FF2C6E95</Message>
          <StackTrace>   at Romulus.Tests.ConverterTests.LogLevelToBrush_NonString_ReturnsCyan() in C:\Code\Sortierung\src\Romulus.Tests\ConverterTests.cs:line 253&#xD;
   at System.RuntimeMethodHandle.InvokeMethod(ObjectHandleOnStack target, Void** arguments, ObjectHandleOnStack sig, BOOL isConstructor, ObjectHandleOnStack result)&#xD;
   at System.Reflection.MethodBaseInvoker.InterpretedInvoke_Method(Object obj, IntPtr* args)&#xD;
   at System.Reflection.MethodBaseInvoker.InvokeWithNoArgs(Object obj, BindingFlags invokeAttr)</StackTrace>
        </ErrorInfo>
      </Output>
    </UnitTestResult>
    <UnitTestResult executionId="b664cd90-2bc4-409e-b89a-487b7e164237" testId="38de1465-0439-53ed-2cda-61999e5c5255" testName="Romulus.Tests.ApiRedPhaseTests.RunRequest_Should_Support_ConvertOnly_Issue9" computerName="ASUSTOWER" duration="00:01:21.4015943" startTime="2026-04-23T09:21:39.4341590+02:00" endTime="2026-04-23T09:23:00.8367828+02:00" testType="13cdc9d9-ddb5-4fa4-a97d-d965ccfc6d4b" outcome="Passed" testListId="8c84fa94-04c1-424b-9868-57a2d4851a1d" relativeResultsDirectory="b664cd90-2bc4-409e-b89a-487b7e164237" />
    <UnitTestResult executionId="9ffd33b4-0cec-4fb1-b1e0-ee58f948fdbe" testId="b6e22794-c542-8341-935a-01ec4139feb0" testName="Romulus.Tests.ConverterTests.LogLevelToBrush_Debug_ReturnsMuted" computerName="ASUSTOWER" duration="00:00:00.0004768" startTime="2026-04-23T09:23:01.5467327+02:00" endTime="2026-04-23T09:23:01.5470938+02:00" testType="13cdc9d9-ddb5-4fa4-a97d-d965ccfc6d4b" outcome="Passed" testListId="8c84fa94-04c1-424b-9868-57a2d4851a1d" relativeResultsDirectory="9ffd33b4-0cec-4fb1-b1e0-ee58f948fdbe" />
    <UnitTestResult executionId="70ecccb1-c62e-4db0-b8fe-58bbe8165e46" testId="d9747c8e-c8f9-3141-8d09-32499c0c8960" testName="Romulus.Tests.AuditSigningServiceTests.Rollback_ConvertAction_KeepsTarget_WhenSourceRestoreCollides" computerName="ASUSTOWER" duration="00:00:00.0997929" startTime="2026-04-23T09:14:14.6451633+02:00" endTime="2026-04-23T09:14:14.7451755+02:00" testType="13cdc9d9-ddb5-4fa4-a97d-d965ccfc6d4b" outcome="Passed" testListId="8c84fa94-04c1-424b-9868-57a2d4851a1d" relativeResultsDirectory="70ecccb1-c62e-4db0-b8fe-58bbe8165e46" />
    <UnitTestResult executionId="495546ee-7ecb-4439-a791-ad1a49294003" testId="cdf855af-f070-570c-06ae-0c8ef016c4bc" testName="Romulus.Tests.HardAuditInvariantTests.P0A_ConvertVerifyFailure_AuditMustNotLogSuccess_Issue9" computerName="ASUSTOWER" duration="00:00:00.0148997" startTime="2026-04-23T09:23:01.0548232+02:00" endTime="2026-04-23T09:23:01.0696553+02:00" testType="13cdc9d9-ddb5-4fa4-a97d-d965ccfc6d4b" outcome="Passed" testListId="8c84fa94-04c1-424b-9868-57a2d4851a1d" relativeResultsDirectory="495546ee-7ecb-4439-a791-ad1a49294003" />
    <UnitTestResult executionId="3f67a984-d97e-44ae-84fb-7a519f75f4ad" testId="7babb77a-ff26-ad35-c96b-90021e4c576f" testName="Romulus.Tests.AuditSigningServiceTests.Rollback_ConvertAction_DeletesTarget_AndRestoresSourceFromTrash" computerName="ASUSTOWER" duration="00:00:00.0699631" startTime="2026-04-23T09:14:14.8213172+02:00" endTime="2026-04-23T09:14:14.8908983+02:00" testType="13cdc9d9-ddb5-4fa4-a97d-d965ccfc6d4b" outcome="Passed" testListId="8c84fa94-04c1-424b-9868-57a2d4851a1d" relativeResultsDirectory="3f67a984-d97e-44ae-84fb-7a519f75f4ad" />
    <UnitTestResult executionId="9644677a-c78c-4f13-be1b-adda27243fae" testId="430262b7-cce8-81fa-b863-020134aecec8" testName="Romulus.Tests.StandaloneConversionServiceTests.ConvertFile_NullConverter_Throws" computerName="ASUSTOWER" duration="00:00:00.0028163" startTime="2026-04-23T09:21:39.2959860+02:00" endTime="2026-04-23T09:21:39.2980825+02:00" testType="13cdc9d9-ddb5-4fa4-a97d-d965ccfc6d4b" outcome="Passed" testListId="8c84fa94-04c1-424b-9868-57a2d4851a1d" relativeResultsDirectory="9644677a-c78c-4f13-be1b-adda27243fae" />
    <UnitTestResult executionId="16d63bbd-cc70-4a7a-863d-b4b4cee52042" testId="c19a21da-123b-f633-30f5-5b275b18797b" testName="Romulus.Tests.ConverterTests.StepActiveBrush_StepReached_ReturnsActive" computerName="ASUSTOWER" duration="00:00:00.0001212" startTime="2026-04-23T09:23:01.5791518+02:00" endTime="2026-04-23T09:23:01.5792106+02:00" testType="13cdc9d9-ddb5-4fa4-a97d-d965ccfc6d4b" outcome="Passed" testListId="8c84fa94-04c1-424b-9868-57a2d4851a1d" relativeResultsDirectory="16d63bbd-cc70-4a7a-863d-b4b4cee52042" />
    <UnitTestResult executionId="5ce4abb0-f976-4db1-a015-2076cadc714a" testId="acde871a-0f70-a905-ee5f-43969d995998" testName="Romulus.Tests.ProfileValidatorAndPathCoverageTests.ValidateSettings_InvalidConvertFormat_Error" computerName="ASUSTOWER" duration="00:00:00.0016861" startTime="2026-04-23T09:23:00.8404436+02:00" endTime="2026-04-23T09:23:00.8417382+02:00" testType="13cdc9d9-ddb5-4fa4-a97d-d965ccfc6d4b" outcome="Passed" testListId="8c84fa94-04c1-424b-9868-57a2d4851a1d" relativeResultsDirectory="5ce4abb0-f976-4db1-a015-2076cadc714a" />
    <UnitTestResult executionId="ca7cb6e1-4161-4afe-a8c9-a387e44b1def" testId="f133b3e2-4b51-965a-c93b-a8fe0154d310" testName="Romulus.Tests.ConvertOnlyConfirmTests.ConvertOnly_ProceedsWhenUserConfirmsDanger" computerName="ASUSTOWER" duration="00:00:00.0147753" startTime="2026-04-23T09:14:12.6784555+02:00" endTime="2026-04-23T09:14:12.6785110+02:00" testType="13cdc9d9-ddb5-4fa4-a97d-d965ccfc6d4b" outcome="Passed" testListId="8c84fa94-04c1-424b-9868-57a2d4851a1d" relativeResultsDirectory="ca7cb6e1-4161-4afe-a8c9-a387e44b1def" />
    <UnitTestResult executionId="16ba7177-35c0-4a6d-9b21-ed742e04a164" testId="8d7334dd-7411-8247-b53e-a78851fb1fad" testName="Romulus.Tests.HardGuiInvariantTests.GUI_INV_15_ConvertOnly_MoveConsequenceText_MustNotShowMoveText" computerName="ASUSTOWER" duration="00:00:00.0117396" startTime="2026-04-23T09:23:00.8453897+02:00" endTime="2026-04-23T09:23:00.8569589+02:00" testType="13cdc9d9-ddb5-4fa4-a97d-d965ccfc6d4b" outcome="Passed" testListId="8c84fa94-04c1-424b-9868-57a2d4851a1d" relativeResultsDirectory="16ba7177-35c0-4a6d-9b21-ed742e04a164" />
    <UnitTestResult executionId="4d86d8f1-b699-4c04-9351-ab74a8ca1772" testId="96e005ef-b5e6-929c-e2ff-e1b009f42cfd" testName="Romulus.Tests.ChdmanToolConverterCoverageTests.Convert_BinExtension_AcceptedDirectly" computerName="ASUSTOWER" duration="00:00:00.0015556" startTime="2026-04-23T09:21:38.6476193+02:00" endTime="2026-04-23T09:21:38.6481470+02:00" testType="13cdc9d9-ddb5-4fa4-a97d-d965ccfc6d4b" outcome="Passed" testListId="8c84fa94-04c1-424b-9868-57a2d4851a1d" relativeResultsDirectory="4d86d8f1-b699-4c04-9351-ab74a8ca1772" />
    <UnitTestResult executionId="ab81c20f-6760-4645-8285-4e584cf905b3" testId="ed3e1393-991e-fd31-c85f-2f8282cae384" testName="Romulus.Tests.GuiDashboardRedPhaseTests.ConvertOnly_HidesAllDedupeKPIs" computerName="ASUSTOWER" duration="00:00:00.0045193" startTime="2026-04-23T09:21:39.3366137+02:00" endTime="2026-04-23T09:21:39.3411289+02:00" testType="13cdc9d9-ddb5-4fa4-a97d-d965ccfc6d4b" outcome="Passed" testListId="8c84fa94-04c1-424b-9868-57a2d4851a1d" relativeResultsDirectory="ab81c20f-6760-4645-8285-4e584cf905b3" />
    <UnitTestResult executionId="a2a51503-6c96-483c-b1f6-c3cc29793559" testId="e9acb272-ae3c-9e63-6928-955e357029e1" testName="Romulus.Tests.Block2_SecurityHardeningTests.R6_05_ChdmanToolConverter_MustPassToolRequirement_ToToolRunner" computerName="ASUSTOWER" duration="00:00:00.0064541" startTime="2026-04-23T09:23:01.4801463+02:00" endTime="2026-04-23T09:23:01.4864708+02:00" testType="13cdc9d9-ddb5-4fa4-a97d-d965ccfc6d4b" outcome="Passed" testListId="8c84fa94-04c1-424b-9868-57a2d4851a1d" relativeResultsDirectory="a2a51503-6c96-483c-b1f6-c3cc29793559" />
    <UnitTestResult executionId="3385d34f-acb5-495a-97ba-21e6d6f07d33" testId="9bf702bc-5f3b-e046-ab74-33df8f7db87e" testName="Romulus.Tests.ConverterTests.LogLevelToBrush_Warn_ReturnsAmber" computerName="ASUSTOWER" duration="00:00:00.0001006" startTime="2026-04-23T09:23:01.5793754+02:00" endTime="2026-04-23T09:23:01.5794479+02:00" testType="13cdc9d9-ddb5-4fa4-a97d-d965ccfc6d4b" outcome="Passed" testListId="8c84fa94-04c1-424b-9868-57a2d4851a1d" relativeResultsDirectory="3385d34f-acb5-495a-97ba-21e6d6f07d33" />
    <UnitTestResult executionId="2f4281a7-8a74-47f5-bbf8-2953db120b06" testId="1cc4a793-3965-6c3a-feb8-8730b31f6b73" testName="Romulus.Tests.ConverterAndValidatorCoverageTests.PbpEncryption_FileTooShort_ReturnsFalse" computerName="ASUSTOWER" duration="00:00:00.0049351" startTime="2026-04-23T09:23:01.0971482+02:00" endTime="2026-04-23T09:23:01.1020086+02:00" testType="13cdc9d9-ddb5-4fa4-a97d-d965ccfc6d4b" outcome="Passed" testListId="8c84fa94-04c1-424b-9868-57a2d4851a1d" relativeResultsDirectory="2f4281a7-8a74-47f5-bbf8-2953db120b06" />
    <UnitTestResult executionId="595b5947-b4f7-4f08-b923-d4cd3601a13b" testId="9d3e79d7-dd94-d6a7-a090-23e1bdf97875" testName="Romulus.Tests.Conversion.ConversionMetricsPipelineTests.ApiRunResultMapper_ConvertReviewCountAndSavedBytes_Mapped" computerName="ASUSTOWER" duration="00:00:00.0001414" startTime="2026-04-23T09:23:01.6634271+02:00" endTime="2026-04-23T09:23:01.6634709+02:00" testType="13cdc9d9-ddb5-4fa4-a97d-d965ccfc6d4b" outcome="Passed" testListId="8c84fa94-04c1-424b-9868-57a2d4851a1d" relativeResultsDirectory="595b5947-b4f7-4f08-b923-d4cd3601a13b" />
    <UnitTestResult executionId="5b9b609e-e960-431d-8897-b19912142a34" testId="e2589512-5a8b-12ab-a12a-7e58914d2b1a" testName="Romulus.Tests.AuditComplianceTests.Audit3_Test016_FormatConverter_Verify_1ByteRvz_ReturnsFalse" computerName="ASUSTOWER" duration="00:00:00.0083513" startTime="2026-04-23T09:21:39.1375563+02:00" endTime="2026-04-23T09:21:39.1460023+02:00" testType="13cdc9d9-ddb5-4fa4-a97d-d965ccfc6d4b" outcome="Passed" testListId="8c84fa94-04c1-424b-9868-57a2d4851a1d" relativeResultsDirectory="5b9b609e-e960-431d-8897-b19912142a34" />
    <UnitTestResult executionId="d1f93a71-b2b0-4a02-a41f-dd8cebefa9b6" testId="535dd794-d1bf-f776-ab8d-ca820cf33c22" testName="Romulus.Tests.PipelinePhaseIsolationTests.ConvertOnlyPhase_PreservesResultOrder_ForIndependentCandidates" computerName="ASUSTOWER" duration="00:00:00.1650468" startTime="2026-04-23T09:14:13.3968105+02:00" endTime="2026-04-23T09:14:13.5610292+02:00" testType="13cdc9d9-ddb5-4fa4-a97d-d965ccfc6d4b" outcome="Passed" testListId="8c84fa94-04c1-424b-9868-57a2d4851a1d" relativeResultsDirectory="d1f93a71-b2b0-4a02-a41f-dd8cebefa9b6" />
    <UnitTestResult executionId="8e5c1ac8-35de-4997-9e2f-a572a7688e4b" testId="a5a13d23-9c66-d3bb-fe69-5432bd878264" testName="Romulus.Tests.ConverterTests.PhaseDetail_ConvertBack_Throws" computerName="ASUSTOWER" duration="00:00:00.0002751" startTime="2026-04-23T09:23:01.5763408+02:00" endTime="2026-04-23T09:23:01.5763546+02:00" testType="13cdc9d9-ddb5-4fa4-a97d-d965ccfc6d4b" outcome="Passed" testListId="8c84fa94-04c1-424b-9868-57a2d4851a1d" relativeResultsDirectory="8e5c1ac8-35de-4997-9e2f-a572a7688e4b" />
    <UnitTestResult executionId="2a53ddf7-2562-49d2-a1e1-0b1b2aa01dc9" testId="df3e0810-cae3-4d9d-9165-c156940f53b1" testName="Romulus.Tests.ConverterTests.PipelinePhaseBrush_ReturnsCorrectState(state: Scanning, param: &quot;3&quot;, expected: &quot;Pending&quot;)" computerName="ASUSTOWER" duration="00:00:00.0000022" startTime="2026-04-23T09:23:01.5683943+02:00" endTime="2026-04-23T09:23:01.5684548+02:00" testType="13cdc9d9-ddb5-4fa4-a97d-d965ccfc6d4b" outcome="Passed" testListId="8c84fa94-04c1-424b-9868-57a2d4851a1d" relativeResultsDirectory="2a53ddf7-2562-49d2-a1e1-0b1b2aa01dc9" />
    <UnitTestResult executionId="32150b14-d485-4459-b016-026a4585156d" testId="a3cc8a1d-e67d-ca92-98d0-03a21be02cc4" testName="Romulus.Tests.ConverterTests.BoolToVisibility_False_ReturnsCollapsed" computerName="ASUSTOWER" duration="00:00:00.0002151" startTime="2026-04-23T09:23:01.5484001+02:00" endTime="2026-04-23T09:23:01.5484615+02:00" testType="13cdc9d9-ddb5-4fa4-a97d-d965ccfc6d4b" outcome="Passed" testListId="8c84fa94-04c1-424b-9868-57a2d4851a1d" relativeResultsDirectory="32150b14-d485-4459-b016-026a4585156d" />
    <UnitTestResult executionId="1ff7db51-260c-4531-b287-76927ba9ce4b" testId="4ae15190-7e60-0a8b-88ae-4a9f2ac76d77" testName="Romulus.Tests.ChdmanToolConverterCoverageTests.Convert_SmallBin_CreatedvdBecomesCreatecd" computerName="ASUSTOWER" duration="00:00:00.0017292" startTime="2026-04-23T09:21:38.8646010+02:00" endTime="2026-04-23T09:21:38.8653539+02:00" testType="13cdc9d9-ddb5-4fa4-a97d-d965ccfc6d4b" outcome="Passed" testListId="8c84fa94-04c1-424b-9868-57a2d4851a1d" relativeResultsDirectory="1ff7db51-260c-4531-b287-76927ba9ce4b" />
    <UnitTestResult executionId="a03197db-3998-4f8f-91fd-a4d7b9e4e2c9" testId="49b4577b-4ea7-7442-a06a-42ae087f7b0d" testName="Romulus.Tests.PipelinePhaseHelpersCoverageTests.MoveConvertedSourceToTrash_ConvertedFileDoesNotExist_ReturnsNull" computerName="ASUSTOWER" duration="00:00:00.0014178" startTime="2026-04-23T09:23:01.4435262+02:00" endTime="2026-04-23T09:23:01.4448974+02:00" testType="13cdc9d9-ddb5-4fa4-a97d-d965ccfc6d4b" outcome="Passed" testListId="8c84fa94-04c1-424b-9868-57a2d4851a1d" relativeResultsDirectory="a03197db-3998-4f8f-91fd-a4d7b9e4e2c9" />
    <UnitTestResult executionId="33e56fad-4600-49df-95e3-56fa2bd52a30" testId="a486b6da-e604-c993-b1c0-b80dcabafb10" testName="Romulus.Tests.ConverterTests.PipelinePhaseBrush_ActivePhase_ReturnsActiveBrush(state: CompletedDryRun, param: &quot;7&quot;)" computerName="ASUSTOWER" duration="00:00:00.0000065" startTime="2026-04-23T09:23:01.5490633+02:00" endTime="2026-04-23T09:23:01.5491199+02:00" testType="13cdc9d9-ddb5-4fa4-a97d-d965ccfc6d4b" outcome="Passed" testListId="8c84fa94-04c1-424b-9868-57a2d4851a1d" relativeResultsDirectory="33e56fad-4600-49df-95e3-56fa2bd52a30" />
    <UnitTestResult executionId="f10dc07a-cdba-4e90-9e49-482aa35cd1eb" testId="20bbfa9e-1fc2-00e7-a4b9-e37096d9b582" testName="Romulus.Tests.ChdmanToolConverterCoverageTests.Convert_ZipCorrupt_ReturnsError" computerName="ASUSTOWER" duration="00:00:00.0143135" startTime="2026-04-23T09:21:38.5059065+02:00" endTime="2026-04-23T09:21:38.5202042+02:00" testType="13cdc9d9-ddb5-4fa4-a97d-d965ccfc6d4b" outcome="Passed" testListId="8c84fa94-04c1-424b-9868-57a2d4851a1d" relativeResultsDirectory="f10dc07a-cdba-4e90-9e49-482aa35cd1eb" />
    <UnitTestResult executionId="f4ec9f81-12a6-4c17-a036-45ea38b6671a" testId="0f3c5152-12d5-71c0-a88a-5447476d1ba7" testName="Romulus.Tests.ConverterAndValidatorCoverageTests.DolphinConvert_AllowedExtension_InvokesTool(ext: &quot;.gcm&quot;)" computerName="ASUSTOWER" duration="00:00:00.0055971" startTime="2026-04-23T09:23:01.0803023+02:00" endTime="2026-04-23T09:23:01.0859340+02:00" testType="13cdc9d9-ddb5-4fa4-a97d-d965ccfc6d4b" outcome="Passed" testListId="8c84fa94-04c1-424b-9868-57a2d4851a1d" relativeResultsDirectory="f4ec9f81-12a6-4c17-a036-45ea38b6671a" />
    <UnitTestResult executionId="b97b364b-ddd0-4d26-bc40-4f4d3e23d599" testId="80757a70-dd0d-8f22-1840-999c7e5ef6b1" testName="Romulus.Tests.SetMemberRootContainmentSecurityTests.MoveConvertedSourceToTrash_EmptyConvertedPath_SourceNotMoved" computerName="ASUSTOWER" duration="00:00:00.0042596" startTime="2026-04-23T09:23:01.6910852+02:00" endTime="2026-04-23T09:23:01.6952449+02:00" testType="13cdc9d9-ddb5-4fa4-a97d-d965ccfc6d4b" outcome="Passed" testListId="8c84fa94-04c1-424b-9868-57a2d4851a1d" relativeResultsDirectory="b97b364b-ddd0-4d26-bc40-4f4d3e23d599" />
    <UnitTestResult executionId="25fbdfcd-8382-4beb-a2fa-6a7432b6d693" testId="38a1d38f-c2b9-bf72-7ec1-f46f2a174ee6" testName="Romulus.Tests.ConversionPhaseHelperCoverageBoostTests.ConvertSingleFile_AlreadyTargetFormat_ReturnsNull" computerName="ASUSTOWER" duration="00:00:00.0014752" startTime="2026-04-23T09:21:37.2893730+02:00" endTime="2026-04-23T09:21:37.2905528+02:00" testType="13cdc9d9-ddb5-4fa4-a97d-d965ccfc6d4b" outcome="Passed" testListId="8c84fa94-04c1-424b-9868-57a2d4851a1d" relativeResultsDirectory="25fbdfcd-8382-4beb-a2fa-6a7432b6d693" />
    <UnitTestResult executionId="da273182-f07d-469e-8daa-b520697eb1bd" testId="7c951f06-a816-8c42-ffab-d762ffdd39ab" testName="Romulus.Tests.ConversionVerificationHelpersCoverageTests.IsVerificationSuccessful_NotAttempted_ConverterReturnsFalse" computerName="ASUSTOWER" duration="00:00:00.0000949" startTime="2026-04-23T09:21:38.8684367+02:00" endTime="2026-04-23T09:21:38.8684989+02:00" testType="13cdc9d9-ddb5-4fa4-a97d-d965ccfc6d4b" outcome="Passed" testListId="8c84fa94-04c1-424b-9868-57a2d4851a1d" relativeResultsDirectory="da273182-f07d-469e-8daa-b520697eb1bd" />
    <UnitTestResult executionId="38836589-73ef-427d-9b15-23757f9352df" testId="9b2977df-29bf-894a-b91a-ae1773174383" testName="Romulus.Tests.ConverterTests.InverseBoolToVisibility_False_ReturnsVisible" computerName="ASUSTOWER" duration="00:00:00.0000785" startTime="2026-04-23T09:23:01.5751212+02:00" endTime="2026-04-23T09:23:01.5751347+02:00" testType="13cdc9d9-ddb5-4fa4-a97d-d965ccfc6d4b" outcome="Passed" testListId="8c84fa94-04c1-424b-9868-57a2d4851a1d" relativeResultsDirectory="38836589-73ef-427d-9b15-23757f9352df" />
    <UnitTestResult executionId="96716165-1513-48a7-8ae8-b9282035659e" testId="fd42055b-fca7-e0a6-36c7-e031f452635a" testName="Romulus.Tests.Conversion.ConversionPhaseHelperRegressionTests.ConvertSingleFile_SourceMoveFailure_WithRollbackFailure_ReportsRollbackPartialFailure" computerName="ASUSTOWER" duration="00:00:00.0239963" startTime="2026-04-23T09:23:01.3808244+02:00" endTime="2026-04-23T09:23:01.4046277+02:00" testType="13cdc9d9-ddb5-4fa4-a97d-d965ccfc6d4b" outcome="Passed" testListId="8c84fa94-04c1-424b-9868-57a2d4851a1d" relativeResultsDirectory="96716165-1513-48a7-8ae8-b9282035659e" />
    <UnitTestResult executionId="0e642594-ea89-47f8-b65e-42f3533e06b0" testId="a71aca0b-d21b-5797-ff31-993f550cb5a8" testName="Romulus.Tests.UiProjectionTests.DashboardProjection_PositiveConvertSavedBytes_UsesPositiveSign" computerName="ASUSTOWER" duration="00:00:00.0015017" startTime="2026-04-23T09:23:01.4991529+02:00" endTime="2026-04-23T09:23:01.5005072+02:00" testType="13cdc9d9-ddb5-4fa4-a97d-d965ccfc6d4b" outcome="Passed" testListId="8c84fa94-04c1-424b-9868-57a2d4851a1d" relativeResultsDirectory="0e642594-ea89-47f8-b65e-42f3533e06b0" />
    <UnitTestResult executionId="915213e1-dff9-40c2-8d3e-6fce6d2ed875" testId="62efd71c-5183-c0da-bf27-385ce934ca5e" testName="Romulus.Tests.RunEnvironmentBuilderCoverageBoostTests.Build_ConversionEnabled_CreatesConverter" computerName="ASUSTOWER" duration="00:00:00.2827600" startTime="2026-04-23T09:21:37.7559605+02:00" endTime="2026-04-23T09:21:38.0387860+02:00" testType="13cdc9d9-ddb5-4fa4-a97d-d965ccfc6d4b" outcome="Passed" testListId="8c84fa94-04c1-424b-9868-57a2d4851a1d" relativeResultsDirectory="915213e1-dff9-40c2-8d3e-6fce6d2ed875" />
    <UnitTestResult executionId="a1617d54-5b23-480a-b67f-f7e0a849e102" testId="895915b7-8bdb-3989-abfd-03869cdbbeb0" testName="Romulus.Tests.FormatConverterAdapterTests.Convert_WhenToolCreatesEmptyOutput_ReturnsErrorAndCleansPartialTarget" computerName="ASUSTOWER" duration="00:00:00.0047366" startTime="2026-04-23T09:21:39.2305008+02:00" endTime="2026-04-23T09:21:39.2351663+02:00" testType="13cdc9d9-ddb5-4fa4-a97d-d965ccfc6d4b" outcome="Passed" testListId="8c84fa94-04c1-424b-9868-57a2d4851a1d" relativeResultsDirectory="a1617d54-5b23-480a-b67f-f7e0a849e102" />
    <UnitTestResult executionId="d6663b04-e544-4055-844b-99365ac9f436" testId="245f3be0-f709-4a87-97fc-0f44cc89d5f9" testName="Romulus.Tests.HardAuditInvariantTests.P1_01_Status_MustNotBeOk_WhenConvertErrorsExist_Issue9" computerName="ASUSTOWER" duration="00:00:00.0405101" startTime="2026-04-23T09:23:00.9730054+02:00" endTime="2026-04-23T09:23:01.0135897+02:00" testType="13cdc9d9-ddb5-4fa4-a97d-d965ccfc6d4b" outcome="Passed" testListId="8c84fa94-04c1-424b-9868-57a2d4851a1d" relativeResultsDirectory="d6663b04-e544-4055-844b-99365ac9f436" />
    <UnitTestResult executionId="d5299f04-7705-46fb-bd0a-b5ea241a0f45" testId="a60df854-4119-fe63-22e6-a2d15d5cc362" testName="Romulus.Tests.ConverterAndValidatorCoverageTests.DolphinConvert_AllowedExtension_InvokesTool(ext: &quot;.iso&quot;)" computerName="ASUSTOWER" duration="00:00:00.0011494" startTime="2026-04-23T09:23:01.0912363+02:00" endTime="2026-04-23T09:23:01.0922647+02:00" testType="13cdc9d9-ddb5-4fa4-a97d-d965ccfc6d4b" outcome="Passed" testListId="8c84fa94-04c1-424b-9868-57a2d4851a1d" relativeResultsDirectory="d5299f04-7705-46fb-bd0a-b5ea241a0f45" />
    <UnitTestResult executionId="efba27d4-9a59-483d-949d-6e2a4d2880b0" testId="0af57bbb-55ae-dd65-58d0-452a3cefd352" testName="Romulus.Tests.Phase5AModelInvariantTests.RunProjection_ConvertCountsPassThrough_ExactlyFromRunResult" computerName="ASUSTOWER" duration="00:00:00.0013188" startTime="2026-04-23T09:23:00.8437051+02:00" endTime="2026-04-23T09:23:00.8450158+02:00" testType="13cdc9d9-ddb5-4fa4-a97d-d965ccfc6d4b" outcome="Passed" testListId="8c84fa94-04c1-424b-9868-57a2d4851a1d" relativeResultsDirectory="efba27d4-9a59-483d-949d-6e2a4d2880b0" />
    <UnitTestResult executionId="533a0fe6-c9b1-4913-9343-cd616f6ea2a1" testId="9cfa9e22-889c-e746-ecd5-b0ab1eb1756c" testName="Romulus.Tests.SetMemberRootContainmentSecurityTests.MoveConvertedSourceToTrash_ValidConvertedFile_SourceIsTrashed" computerName="ASUSTOWER" duration="00:00:00.0141561" startTime="2026-04-23T09:23:01.6769668+02:00" endTime="2026-04-23T09:23:01.6909181+02:00" testType="13cdc9d9-ddb5-4fa4-a97d-d965ccfc6d4b" outcome="Passed" testListId="8c84fa94-04c1-424b-9868-57a2d4851a1d" relativeResultsDirectory="533a0fe6-c9b1-4913-9343-cd616f6ea2a1" />
    <UnitTestResult executionId="75886ff8-d387-4cfd-9da3-4e20ccdb2fa7" testId="33435b9f-4b71-8c08-29bf-177f7c668e1b" testName="Romulus.Tests.Conversion.ConversionFacadeRegressionTests.Convert_WithExecutor_DelegatesToSingleStepPlan" computerName="ASUSTOWER" duration="00:00:00.0008174" startTime="2026-04-23T09:21:38.4583289+02:00" endTime="2026-04-23T09:21:38.4589890+02:00" testType="13cdc9d9-ddb5-4fa4-a97d-d965ccfc6d4b" outcome="Passed" testListId="8c84fa94-04c1-424b-9868-57a2d4851a1d" relativeResultsDirectory="75886ff8-d387-4cfd-9da3-4e20ccdb2fa7" />
    <UnitTestResult executionId="c3f46715-c56c-4c24-a9f3-476cb3958c7a" testId="9fda6849-9d5d-0d89-3cd5-5160c8f12f27" testName="Romulus.Tests.PipelinePhaseHelpersCoverageTests.MoveConvertedSourceToTrash_NullOrEmptyConvertedPath_ReturnsNull" computerName="ASUSTOWER" duration="00:00:00.0025382" startTime="2026-04-23T09:23:01.4486615+02:00" endTime="2026-04-23T09:23:01.4511764+02:00" testType="13cdc9d9-ddb5-4fa4-a97d-d965ccfc6d4b" outcome="Passed" testListId="8c84fa94-04c1-424b-9868-57a2d4851a1d" relativeResultsDirectory="c3f46715-c56c-4c24-a9f3-476cb3958c7a" />
    <UnitTestResult executionId="e508de5e-207a-4562-b33e-eaf42845ab35" testId="588b82e5-10e8-1f1c-253c-fd33ff5e7a66" testName="Romulus.Tests.StandaloneConversionServiceTests.ConvertDirectory_EmptyDir_ReturnsEmptyReport" computerName="ASUSTOWER" duration="00:00:00.0018303" startTime="2026-04-23T09:21:39.2982439+02:00" endTime="2026-04-23T09:21:39.2999628+02:00" testType="13cdc9d9-ddb5-4fa4-a97d-d965ccfc6d4b" outcome="Passed" testListId="8c84fa94-04c1-424b-9868-57a2d4851a1d" relativeResultsDirectory="e508de5e-207a-4562-b33e-eaf42845ab35" />
    <UnitTestResult executionId="72d34546-c824-4246-b9d1-69dd450fee20" testId="bcca2daa-efa9-4a3f-fb43-c96554f1e93e" testName="Romulus.Tests.Phase1ReleaseBlockerTests.R2_003_SevenZipToolConverter_Verify_PassesToolRequirement" computerName="ASUSTOWER" duration="00:00:00.0345942" startTime="2026-04-23T09:23:01.5044782+02:00" endTime="2026-04-23T09:23:01.5385771+02:00" testType="13cdc9d9-ddb5-4fa4-a97d-d965ccfc6d4b" outcome="Passed" testListId="8c84fa94-04c1-424b-9868-57a2d4851a1d" relativeResultsDirectory="72d34546-c824-4246-b9d1-69dd450fee20" />
    <UnitTestResult executionId="7afa98c4-846a-436c-a0c7-71fdc3a21942" testId="ce2e448d-0da8-e097-8007-7127dbaa52e6" testName="Romulus.Tests.GuiViewModelTests.SEC001_DialogDecline_ResetsConvertOnlyFlag" computerName="ASUSTOWER" duration="00:00:00.0053987" startTime="2026-04-23T09:23:01.6267057+02:00" endTime="2026-04-23T09:23:01.6320863+02:00" testType="13cdc9d9-ddb5-4fa4-a97d-d965ccfc6d4b" outcome="Passed" testListId="8c84fa94-04c1-424b-9868-57a2d4851a1d" relativeResultsDirectory="7afa98c4-846a-436c-a0c7-71fdc3a21942" />
    <UnitTestResult executionId="cc203b23-8bc1-42e2-8341-42ef6c34966a" testId="bda5f2a2-d28f-4550-4ce8-237310f40bd7" testName="Romulus.Tests.ConverterTests.LogLevelToBrush_Null_ReturnsCyan" computerName="ASUSTOWER" duration="00:00:00.0014032" startTime="2026-04-23T09:23:01.5686198+02:00" endTime="2026-04-23T09:23:01.5689096+02:00" testType="13cdc9d9-ddb5-4fa4-a97d-d965ccfc6d4b" outcome="Failed" testListId="8c84fa94-04c1-424b-9868-57a2d4851a1d" relativeResultsDirectory="cc203b23-8bc1-42e2-8341-42ef6c34966a">
      <Output>
        <ErrorInfo>
          <Message>Assert.Equal() Failure: Values differ&#xD;
Expected: #FF00F5FF&#xD;
Actual:   #FF2C6E95</Message>
          <StackTrace>   at Romulus.Tests.ConverterTests.LogLevelToBrush_Null_ReturnsCyan() in C:\Code\Sortierung\src\Romulus.Tests\ConverterTests.cs:line 245&#xD;
   at System.RuntimeMethodHandle.InvokeMethod(ObjectHandleOnStack target, Void** arguments, ObjectHandleOnStack sig, BOOL isConstructor, ObjectHandleOnStack result)&#xD;
   at System.Reflection.MethodBaseInvoker.InterpretedInvoke_Method(Object obj, IntPtr* args)&#xD;
   at System.Reflection.MethodBaseInvoker.InvokeWithNoArgs(Object obj, BindingFlags invokeAttr)</StackTrace>
        </ErrorInfo>
      </Output>
    </UnitTestResult>
    <UnitTestResult executionId="a6ee2ec9-3e35-4462-95ca-158787555bed" testId="41b0edc1-74fc-073d-913d-a0deebc7c7de" testName="Romulus.Tests.ConverterTests.StringEqualsToVisibility_Match_ReturnsVisible" computerName="ASUSTOWER" duration="00:00:00.0002296" startTime="2026-04-23T09:23:01.5742462+02:00" endTime="2026-04-23T09:23:01.5742986+02:00" testType="13cdc9d9-ddb5-4fa4-a97d-d965ccfc6d4b" outcome="Passed" testListId="8c84fa94-04c1-424b-9868-57a2d4851a1d" relativeResultsDirectory="a6ee2ec9-3e35-4462-95ca-158787555bed" />
    <UnitTestResult executionId="b9fbe8ba-e54b-441e-8d98-46f81c6e3e72" testId="2351dc96-eea8-9ee0-8ca3-763be7db701c" testName="Romulus.Tests.ConverterTests.PipelinePhaseBrush_ActivePhase_ReturnsActiveBrush(state: Sorting, param: &quot;5&quot;)" computerName="ASUSTOWER" duration="00:00:00.0002252" startTime="2026-04-23T09:23:01.5488560+02:00" endTime="2026-04-23T09:23:01.5489345+02:00" testType="13cdc9d9-ddb5-4fa4-a97d-d965ccfc6d4b" outcome="Passed" testListId="8c84fa94-04c1-424b-9868-57a2d4851a1d" relativeResultsDirectory="b9fbe8ba-e54b-441e-8d98-46f81c6e3e72" />
    <UnitTestResult executionId="d2ffd137-2702-46e2-b20a-9b05725f5d24" testId="56257183-90da-7147-35bf-352c18dcf9b3" testName="Romulus.Tests.SetMemberRootContainmentSecurityTests.MoveConvertedSourceToTrash_SourceOutsideRoots_NotTrashed" computerName="ASUSTOWER" duration="00:00:00.0060774" startTime="2026-04-23T09:23:01.6996752+02:00" endTime="2026-04-23T09:23:01.7057571+02:00" testType="13cdc9d9-ddb5-4fa4-a97d-d965ccfc6d4b" outcome="Passed" testListId="8c84fa94-04c1-424b-9868-57a2d4851a1d" relativeResultsDirectory="d2ffd137-2702-46e2-b20a-9b05725f5d24" />
    <UnitTestResult executionId="0fb4bbce-2450-4b01-a674-81b438c3ff1d" testId="96a4744c-fa3b-8619-1951-0713450a059c" testName="Romulus.Tests.AuditSigningHelperCoverageTests.NormalizeRollbackAction_Convert_ReturnsUpper" computerName="ASUSTOWER" duration="00:00:00.0002799" startTime="2026-04-23T09:23:01.6638075+02:00" endTime="2026-04-23T09:23:01.6639408+02:00" testType="13cdc9d9-ddb5-4fa4-a97d-d965ccfc6d4b" outcome="Passed" testListId="8c84fa94-04c1-424b-9868-57a2d4851a1d" relativeResultsDirectory="0fb4bbce-2450-4b01-a674-81b438c3ff1d" />
    <UnitTestResult executionId="89935477-055f-48a0-97b7-c5592037737b" testId="31a74817-1c97-45c1-808b-37a547fa3218" testName="Romulus.Tests.ConverterAndValidatorCoverageTests.PsxtractConverter_NullToolRunner_Throws" computerName="ASUSTOWER" duration="00:00:00.0009848" startTime="2026-04-23T09:23:01.0933788+02:00" endTime="2026-04-23T09:23:01.0941766+02:00" testType="13cdc9d9-ddb5-4fa4-a97d-d965ccfc6d4b" outcome="Passed" testListId="8c84fa94-04c1-424b-9868-57a2d4851a1d" relativeResultsDirectory="89935477-055f-48a0-97b7-c5592037737b" />
    <UnitTestResult executionId="92148429-e133-4d34-a8e6-7d3605f55e9a" testId="370e0129-4a01-1bfa-623b-95858121eb22" testName="Romulus.Tests.PathAndStemHelperCoverageTests.IsInExcludedFolder_TrashConverted_NotExcluded" computerName="ASUSTOWER" duration="00:00:00.0010845" startTime="2026-04-23T09:14:13.0202480+02:00" endTime="2026-04-23T09:14:13.0204501+02:00" testType="13cdc9d9-ddb5-4fa4-a97d-d965ccfc6d4b" outcome="Passed" testListId="8c84fa94-04c1-424b-9868-57a2d4851a1d" relativeResultsDirectory="92148429-e133-4d34-a8e6-7d3605f55e9a" />
    <UnitTestResult executionId="ce192ef7-887a-4acd-9534-d8d2e03562fc" testId="ac7c1b5c-d8b7-4ae5-4328-8a1a25e8109c" testName="Romulus.Tests.PipelinePhaseHelpersCoverageTests.TryMovePathToConvertedTrash_PathOutsideRoots_ReturnsFalse" computerName="ASUSTOWER" duration="00:00:00.0035445" startTime="2026-04-23T09:23:01.4450470+02:00" endTime="2026-04-23T09:23:01.4485200+02:00" testType="13cdc9d9-ddb5-4fa4-a97d-d965ccfc6d4b" outcome="Passed" testListId="8c84fa94-04c1-424b-9868-57a2d4851a1d" relativeResultsDirectory="ce192ef7-887a-4acd-9534-d8d2e03562fc" />
    <UnitTestResult executionId="7d643511-63e6-4c1e-be19-0e8ac6798518" testId="14d660d8-116d-1df0-d875-727bdd83ae63" testName="Romulus.Tests.Conversion.ConversionFacadeRegressionTests.ConvertForConsole_BlockedSystem_ReturnsBlockedOutcome" computerName="ASUSTOWER" duration="00:00:00.0015043" startTime="2026-04-23T09:21:38.4463627+02:00" endTime="2026-04-23T09:21:38.4475807+02:00" testType="13cdc9d9-ddb5-4fa4-a97d-d965ccfc6d4b" outcome="Passed" testListId="8c84fa94-04c1-424b-9868-57a2d4851a1d" relativeResultsDirectory="7d643511-63e6-4c1e-be19-0e8ac6798518" />
    <UnitTestResult executionId="378438ef-f1b0-4654-b30f-298fec7e40e7" testId="21f22c7e-ae19-8c8e-3b16-dc1db956b405" testName="Romulus.Tests.ApiSecurityTests.ConvertFormat_ValidValues_Accepted(format: &quot;auto&quot;)" computerName="ASUSTOWER" duration="00:01:40.5897404" startTime="2026-04-23T09:14:14.9291310+02:00" endTime="2026-04-23T09:15:55.5351441+02:00" testType="13cdc9d9-ddb5-4fa4-a97d-d965ccfc6d4b" outcome="Failed" testListId="8c84fa94-04c1-424b-9868-57a2d4851a1d" relativeResultsDirectory="378438ef-f1b0-4654-b30f-298fec7e40e7">
      <Output>
        <ErrorInfo>
          <Message>System.Threading.Tasks.TaskCanceledException : The operation was canceled.&#xD;
---- System.Net.Http.HttpRequestException : Error while copying content to a stream.&#xD;
-------- System.IO.IOException : &#xD;
------------ System.IO.IOException : The client aborted the request.</Message>
          <StackTrace>   at System.Net.Http.HttpClient.HandleFailure(Exception e, Boolean telemetryStarted, HttpResponseMessage response, CancellationTokenSource cts, CancellationToken cancellationToken, CancellationTokenSource pendingRequestsCts)&#xD;
   at System.Net.Http.HttpClient.&lt;SendAsync&gt;g__Core|83_0(HttpRequestMessage request, HttpCompletionOption completionOption, CancellationTokenSource cts, Boolean disposeCts, CancellationTokenSource pendingRequestsCts, CancellationToken originalCancellationToken)&#xD;
   at Romulus.Tests.ApiSecurityTests.ConvertFormat_ValidValues_Accepted(String format) in C:\Code\Sortierung\src\Romulus.Tests\ApiSecurityTests.cs:line 151&#xD;
--- End of stack trace from previous location ---&#xD;
----- Inner Stack Trace -----&#xD;
   at System.Net.Http.HttpContent.LoadIntoBufferAsyncCore(Task serializeToStreamTask, LimitArrayPoolWriteStream tempBuffer)&#xD;
   at System.Runtime.CompilerServices.AsyncMethodBuilderCore.Start[TStateMachine](TStateMachine&amp; stateMachine)&#xD;
   at System.Net.Http.HttpContent.LoadIntoBufferAsyncCore(Task serializeToStreamTask, LimitArrayPoolWriteStream tempBuffer)&#xD;
   at System.Net.Http.HttpContent.LoadIntoBufferAsync(Int64 maxBufferSize, CancellationToken cancellationToken)&#xD;
   at System.Net.Http.HttpClient.&lt;SendAsync&gt;g__Core|83_0(HttpRequestMessage request, HttpCompletionOption completionOption, CancellationTokenSource cts, Boolean disposeCts, CancellationTokenSource pendingRequestsCts, CancellationToken originalCancellationToken)&#xD;
   at System.Runtime.CompilerServices.AsyncTaskMethodBuilder`1.AsyncStateMachineBox`1.ExecutionContextCallback(Object s)&#xD;
   at System.Threading.ExecutionContext.RunInternal(ExecutionContext executionContext, ContextCallback callback, Object state)&#xD;
   at System.Runtime.CompilerServices.AsyncTaskMethodBuilder`1.AsyncStateMachineBox`1.MoveNext(Thread threadPoolThread)&#xD;
   at System.Runtime.CompilerServices.AsyncTaskMethodBuilder`1.AsyncStateMachineBox`1.MoveNext()&#xD;
   at System.Threading.Tasks.AwaitTaskContinuation.RunOrScheduleAction(IAsyncStateMachineBox box, Boolean allowInlining)&#xD;
   at System.Threading.Tasks.Task.RunContinuations(Object continuationObject)&#xD;
   at System.Threading.Tasks.Task`1.TrySetResult(TResult result)&#xD;
   at System.Runtime.CompilerServices.AsyncTaskMethodBuilder`1.SetExistingTaskResult(Task`1 task, TResult result)&#xD;
   at Microsoft.AspNetCore.Mvc.Testing.Handlers.RedirectHandler.SendAsync(HttpRequestMessage request, CancellationToken cancellationToken)&#xD;
   at System.Runtime.CompilerServices.AsyncTaskMethodBuilder`1.AsyncStateMachineBox`1.ExecutionContextCallback(Object s)&#xD;
   at System.Threading.ExecutionContext.RunInternal(ExecutionContext executionContext, ContextCallback callback, Object state)&#xD;
   at System.Runtime.CompilerServices.AsyncTaskMethodBuilder`1.AsyncStateMachineBox`1.MoveNext(Thread threadPoolThread)&#xD;
   at System.Runtime.CompilerServices.AsyncTaskMethodBuilder`1.AsyncStateMachineBox`1.MoveNext()&#xD;
   at System.Threading.ExecutionContext.RunInternal(ExecutionContext executionContext, ContextCallback callback, Object state)&#xD;
   at System.Threading.Tasks.Task.ExecuteWithThreadLocal(Task&amp; currentTaskSlot, Thread threadPoolThread)&#xD;
   at System.Threading.Thread.StartCallback()&#xD;
--- End of stack trace from previous location ---&#xD;
   at System.Net.Http.HttpContent.LoadIntoBufferAsyncCore(Task serializeToStreamTask, LimitArrayPoolWriteStream tempBuffer)&#xD;
   at System.Net.Http.HttpClient.&lt;SendAsync&gt;g__Core|83_0(HttpRequestMessage request, HttpCompletionOption completionOption, CancellationTokenSource cts, Boolean disposeCts, CancellationTokenSource pendingRequestsCts, CancellationToken originalCancellationToken)&#xD;
----- Inner Stack Trace -----&#xD;
   at Microsoft.AspNetCore.TestHost.ResponseBodyReaderStream.CheckAborted()&#xD;
   at Microsoft.AspNetCore.TestHost.ResponseBodyReaderStream.ReadAsync(Memory`1 buffer, CancellationToken cancellationToken)&#xD;
   at System.IO.Stream.&lt;CopyToAsync&gt;g__Core|30_0(Stream source, Stream destination, Int32 bufferSize, CancellationToken cancellationToken)&#xD;
   at System.Net.Http.HttpContent.LoadIntoBufferAsyncCore(Task serializeToStreamTask, LimitArrayPoolWriteStream tempBuffer)&#xD;
----- Inner Stack Trace -----&#xD;
</StackTrace>
        </ErrorInfo>
      </Output>
    </UnitTestResult>
    <UnitTestResult executionId="78f01abe-9170-4535-9f94-3abbfb124648" testId="3e28c5f2-5609-ecdf-f97f-670a7987197f" testName="Romulus.Tests.ConverterAndValidatorCoverageTests.DolphinVerify_FileTooShort_ReturnsFalse" computerName="ASUSTOWER" duration="00:00:00.0009990" startTime="2026-04-23T09:23:01.1348106+02:00" endTime="2026-04-23T09:23:01.1356692+02:00" testType="13cdc9d9-ddb5-4fa4-a97d-d965ccfc6d4b" outcome="Passed" testListId="8c84fa94-04c1-424b-9868-57a2d4851a1d" relativeResultsDirectory="78f01abe-9170-4535-9f94-3abbfb124648" />
    <UnitTestResult executionId="40d4ecbd-8fb0-42aa-a10d-7df0ddf54a40" testId="52ef5535-d359-087e-7231-2575b8f50913" testName="Romulus.Tests.FormatConverterAdapterTests.GetTargetFormat_UnknownConsole_ReturnsNull" computerName="ASUSTOWER" duration="00:00:00.0002635" startTime="2026-04-23T09:21:39.1834523+02:00" endTime="2026-04-23T09:21:39.1835322+02:00" testType="13cdc9d9-ddb5-4fa4-a97d-d965ccfc6d4b" outcome="Passed" testListId="8c84fa94-04c1-424b-9868-57a2d4851a1d" relativeResultsDirectory="40d4ecbd-8fb0-42aa-a10d-7df0ddf54a40" />
    <UnitTestResult executionId="98a824d1-8b7f-498e-94ba-40a167fa18b6" testId="2072cee0-8535-6281-9e0b-205d9cec4e59" testName="Romulus.Tests.FormatConverterAdapterTests.GetTargetFormat_BlockedAutoSystems_ReturnsNull(console: &quot;3DS&quot;, ext: &quot;.3ds&quot;)" computerName="ASUSTOWER" duration="00:00:00.0015270" startTime="2026-04-23T09:21:39.1693274+02:00" endTime="2026-04-23T09:21:39.1708654+02:00" testType="13cdc9d9-ddb5-4fa4-a97d-d965ccfc6d4b" outcome="Passed" testListId="8c84fa94-04c1-424b-9868-57a2d4851a1d" relativeResultsDirectory="98a824d1-8b7f-498e-94ba-40a167fa18b6" />
    <UnitTestResult executionId="8e49a06f-1d39-413d-8ec3-73fa6710aa08" testId="96c22e99-7c80-184e-f461-fc71b4e1d5d3" testName="Romulus.Tests.RunOrchestratorCoverageTests.Execute_ConvertOnly_NoConverter_ReturnsOkWithNoConversion" computerName="ASUSTOWER" duration="00:00:00.0454757" startTime="2026-04-23T09:21:38.9181716+02:00" endTime="2026-04-23T09:21:38.9635265+02:00" testType="13cdc9d9-ddb5-4fa4-a97d-d965ccfc6d4b" outcome="Passed" testListId="8c84fa94-04c1-424b-9868-57a2d4851a1d" relativeResultsDirectory="8e49a06f-1d39-413d-8ec3-73fa6710aa08" />
    <UnitTestResult executionId="522f37c2-1339-4a1b-b284-7b61929d1942" testId="2050d927-a3ed-b36c-4153-6a79faef0d79" testName="Romulus.Tests.ConverterTests.PhaseDetail_FuturePhase_ReturnsAusstehend" computerName="ASUSTOWER" duration="00:00:00.0018486" startTime="2026-04-23T09:23:01.5625257+02:00" endTime="2026-04-23T09:23:01.5641105+02:00" testType="13cdc9d9-ddb5-4fa4-a97d-d965ccfc6d4b" outcome="Passed" testListId="8c84fa94-04c1-424b-9868-57a2d4851a1d" relativeResultsDirectory="522f37c2-1339-4a1b-b284-7b61929d1942" />
    <UnitTestResult executionId="7459933f-fb75-453b-a306-8fe67a1cbcd0" testId="848f9d22-9977-1013-9cc1-b849626e940e" testName="Romulus.Tests.ConverterTests.InverseBool_Null_ReturnsTrue" computerName="ASUSTOWER" duration="00:00:00.0000816" startTime="2026-04-23T09:23:01.5752107+02:00" endTime="2026-04-23T09:23:01.5752232+02:00" testType="13cdc9d9-ddb5-4fa4-a97d-d965ccfc6d4b" outcome="Passed" testListId="8c84fa94-04c1-424b-9868-57a2d4851a1d" relativeResultsDirectory="7459933f-fb75-453b-a306-8fe67a1cbcd0" />
    <UnitTestResult executionId="dac550ae-a399-43bb-9694-5519db119e93" testId="78071761-999e-4c5d-460a-68b392fe1fca" testName="Romulus.Tests.FeatureServiceTests.GetTargetFormat_NonConvertible_ReturnsNull(ext: &quot;gba&quot;)" computerName="ASUSTOWER" duration="00:00:00.0004285" startTime="2026-04-23T09:14:12.6802435+02:00" endTime="2026-04-23T09:14:12.6807515+02:00" testType="13cdc9d9-ddb5-4fa4-a97d-d965ccfc6d4b" outcome="Passed" testListId="8c84fa94-04c1-424b-9868-57a2d4851a1d" relativeResultsDirectory="dac550ae-a399-43bb-9694-5519db119e93" />
    <UnitTestResult executionId="06e7a935-af4e-44cf-9254-adce990f100f" testId="80d65dee-1637-35b0-e8a9-31dadfa298e4" testName="Romulus.Tests.ProfileValidatorAndPathCoverageTests.ValidateSettings_ValidConvertFormat_NoError(format: &quot;auto&quot;)" computerName="ASUSTOWER" duration="00:00:00.0006623" startTime="2026-04-23T09:23:00.8392806+02:00" endTime="2026-04-23T09:23:00.8398644+02:00" testType="13cdc9d9-ddb5-4fa4-a97d-d965ccfc6d4b" outcome="Passed" testListId="8c84fa94-04c1-424b-9868-57a2d4851a1d" relativeResultsDirectory="06e7a935-af4e-44cf-9254-adce990f100f" />
    <UnitTestResult executionId="ff4a3ac3-1154-4d98-9029-9c55e4672ccf" testId="f898bb60-40d7-d769-27dc-bafc16b21902" testName="Romulus.Tests.ChdmanToolConverterCoverageTests.Ctor_NullTools_Throws" computerName="ASUSTOWER" duration="00:00:00.0026534" startTime="2026-04-23T09:21:38.6336689+02:00" endTime="2026-04-23T09:21:38.6362905+02:00" testType="13cdc9d9-ddb5-4fa4-a97d-d965ccfc6d4b" outcome="Passed" testListId="8c84fa94-04c1-424b-9868-57a2d4851a1d" relativeResultsDirectory="ff4a3ac3-1154-4d98-9029-9c55e4672ccf" />
    <UnitTestResult executionId="9cc81a84-8e58-4c6c-b480-dbb6e0feb609" testId="42fe991b-b12e-a4ad-a59b-191dd2149f50" testName="Romulus.Tests.FormatConverterAdapterTests.GetTargetFormat_BlockedAutoSystems_ReturnsNull(console: &quot;PS3&quot;, ext: &quot;.iso&quot;)" computerName="ASUSTOWER" duration="00:00:00.0000026" startTime="2026-04-23T09:21:39.1727585+02:00" endTime="2026-04-23T09:21:39.1728137+02:00" testType="13cdc9d9-ddb5-4fa4-a97d-d965ccfc6d4b" outcome="Passed" testListId="8c84fa94-04c1-424b-9868-57a2d4851a1d" relativeResultsDirectory="9cc81a84-8e58-4c6c-b480-dbb6e0feb609" />
    <UnitTestResult executionId="c795c97d-16be-4b3a-8cf0-77a9cc1ba387" testId="f6926818-15a4-7bcd-5faf-f531bf0ac256" testName="Romulus.Tests.CliArgsParserSubcommandCoverageTests.Run_ConvertFormat_SetsTrue" computerName="ASUSTOWER" duration="00:00:00.0018309" startTime="2026-04-23T09:14:13.3781065+02:00" endTime="2026-04-23T09:14:13.3790917+02:00" testType="13cdc9d9-ddb5-4fa4-a97d-d965ccfc6d4b" outcome="Passed" testListId="8c84fa94-04c1-424b-9868-57a2d4851a1d" relativeResultsDirectory="c795c97d-16be-4b3a-8cf0-77a9cc1ba387" />
    <UnitTestResult executionId="fe537f98-3eb4-4635-8160-6eb1ac6adc0e" testId="1dbf7702-b1f7-040e-c2cc-1d922ba1300c" testName="Romulus.Tests.HardAuditInvariantTests.P0A_ConvertVerifyFailure_ConvertedCount_MustNotIncrement_Issue9" computerName="ASUSTOWER" duration="00:00:00.0409435" startTime="2026-04-23T09:23:01.0146088+02:00" endTime="2026-04-23T09:23:01.0545965+02:00" testType="13cdc9d9-ddb5-4fa4-a97d-d965ccfc6d4b" outcome="Passed" testListId="8c84fa94-04c1-424b-9868-57a2d4851a1d" relativeResultsDirectory="fe537f98-3eb4-4635-8160-6eb1ac6adc0e" />
    <UnitTestResult executionId="940631fe-12c4-4c15-b4cf-d0ee1f969ff9" testId="44ec4d67-bf5f-3881-6c9e-b100bb01ce8c" testName="Romulus.Tests.ConverterAndValidatorCoverageTests.OutputValidator_NonEmptyFile_ReturnsTrue" computerName="ASUSTOWER" duration="00:00:00.0011796" startTime="2026-04-23T09:23:01.1080694+02:00" endTime="2026-04-23T09:23:01.1090972+02:00" testType="13cdc9d9-ddb5-4fa4-a97d-d965ccfc6d4b" outcome="Passed" testListId="8c84fa94-04c1-424b-9868-57a2d4851a1d" relativeResultsDirectory="940631fe-12c4-4c15-b4cf-d0ee1f969ff9" />
    <UnitTestResult executionId="489b93ce-f8d3-4839-a411-30c8b497605e" testId="cf3cf33a-0bde-4138-d96d-2116fb7eec86" testName="Romulus.Tests.FeatureServiceTests.GetTargetFormat_NonConvertible_ReturnsNull(ext: &quot;sfc&quot;)" computerName="ASUSTOWER" duration="00:00:00.0007052" startTime="2026-04-23T09:14:12.6793994+02:00" endTime="2026-04-23T09:14:12.6801304+02:00" testType="13cdc9d9-ddb5-4fa4-a97d-d965ccfc6d4b" outcome="Passed" testListId="8c84fa94-04c1-424b-9868-57a2d4851a1d" relativeResultsDirectory="489b93ce-f8d3-4839-a411-30c8b497605e" />
    <UnitTestResult executionId="67db5875-809f-4f2c-9165-35f14b9df314" testId="2f9f0c91-ef14-c28b-b8a3-af04c6dd3ef7" testName="Romulus.Tests.FormatConverterAdapterTests.GetTargetFormat_ManualOnlySystems_AutoSelectionReturnsNull(console: &quot;WIIU&quot;, ext: &quot;.wux&quot;)" computerName="ASUSTOWER" duration="00:00:00.0000027" startTime="2026-04-23T09:21:39.1855329+02:00" endTime="2026-04-23T09:21:39.1855873+02:00" testType="13cdc9d9-ddb5-4fa4-a97d-d965ccfc6d4b" outcome="Passed" testListId="8c84fa94-04c1-424b-9868-57a2d4851a1d" relativeResultsDirectory="67db5875-809f-4f2c-9165-35f14b9df314" />
    <UnitTestResult executionId="ed328a32-1871-4225-a0ff-9a2ebd54f679" testId="8fc5de87-4eab-0d39-54bd-51c585eac81f" testName="Romulus.Tests.FormatConverterAdapterTests.GetTargetFormat_ManualOnlySystems_AutoSelectionReturnsNull(console: &quot;X68K&quot;, ext: &quot;.xdf&quot;)" computerName="ASUSTOWER" duration="00:00:00.0004178" startTime="2026-04-23T09:21:39.1850020+02:00" endTime="2026-04-23T09:21:39.1851081+02:00" testType="13cdc9d9-ddb5-4fa4-a97d-d965ccfc6d4b" outcome="Passed" testListId="8c84fa94-04c1-424b-9868-57a2d4851a1d" relativeResultsDirectory="ed328a32-1871-4225-a0ff-9a2ebd54f679" />
    <UnitTestResult executionId="555af2e7-65eb-48fe-a4a0-040e00490c43" testId="54ca5bfb-cb3c-a871-988d-025c7a6d06a3" testName="Romulus.Tests.ConverterTests.BoolToVisibility_True_ReturnsVisible" computerName="ASUSTOWER" duration="00:00:00.0000996" startTime="2026-04-23T09:23:01.5763875+02:00" endTime="2026-04-23T09:23:01.5764002+02:00" testType="13cdc9d9-ddb5-4fa4-a97d-d965ccfc6d4b" outcome="Passed" testListId="8c84fa94-04c1-424b-9868-57a2d4851a1d" relativeResultsDirectory="555af2e7-65eb-48fe-a4a0-040e00490c43" />
    <UnitTestResult executionId="ba94a0bc-7d2d-4023-bd72-c9b5a04a71e2" testId="c8e96b3b-a743-9b12-cc2b-7d973ae56a53" testName="Romulus.Tests.GuiDashboardRedPhaseTests.ConvertOnly_ResetAfterCancelledRun" computerName="ASUSTOWER" duration="00:00:00.0104555" startTime="2026-04-23T09:21:39.3412600+02:00" endTime="2026-04-23T09:21:39.3516596+02:00" testType="13cdc9d9-ddb5-4fa4-a97d-d965ccfc6d4b" outcome="Passed" testListId="8c84fa94-04c1-424b-9868-57a2d4851a1d" relativeResultsDirectory="ba94a0bc-7d2d-4023-bd72-c9b5a04a71e2" />
    <UnitTestResult executionId="f05cd7fc-5aa2-449d-8347-deddcd39e04c" testId="0252ae29-06cb-9299-2b3a-702dcf6c4dae" testName="Romulus.Tests.FeatureCommandSecurityCoverageTests.NormalizeProfileId_SpacesConvertedToDashes" computerName="ASUSTOWER" duration="00:00:00.0023999" startTime="2026-04-23T09:14:13.3830255+02:00" endTime="2026-04-23T09:14:13.3850603+02:00" testType="13cdc9d9-ddb5-4fa4-a97d-d965ccfc6d4b" outcome="Passed" testListId="8c84fa94-04c1-424b-9868-57a2d4851a1d" relativeResultsDirectory="f05cd7fc-5aa2-449d-8347-deddcd39e04c" />
    <UnitTestResult executionId="8f645099-a67a-417c-b096-f7d6f85ae522" testId="ee0d5f93-6f60-4d07-bd4c-f2dfb265337f" testName="Romulus.Tests.ConverterAndValidatorCoverageTests.SevenZipVerify_ToolSucceeds_ReturnsTrue" computerName="ASUSTOWER" duration="00:00:00.0007797" startTime="2026-04-23T09:23:01.1907477+02:00" endTime="2026-04-23T09:23:01.1911835+02:00" testType="13cdc9d9-ddb5-4fa4-a97d-d965ccfc6d4b" outcome="Passed" testListId="8c84fa94-04c1-424b-9868-57a2d4851a1d" relativeResultsDirectory="8f645099-a67a-417c-b096-f7d6f85ae522" />
    <UnitTestResult executionId="527135a3-2762-47c3-8948-5c8287254e40" testId="d1bfbd8c-c29f-98a4-ba56-fcf849337d67" testName="Romulus.Tests.Conversion.ReachConversionTests.ConvertForConsole_ReviewRequiredPlan_IsBlocked_WhenApprovalMissing" computerName="ASUSTOWER" duration="00:00:00.0036363" startTime="2026-04-23T09:21:39.3829586+02:00" endTime="2026-04-23T09:21:39.3864597+02:00" testType="13cdc9d9-ddb5-4fa4-a97d-d965ccfc6d4b" outcome="Passed" testListId="8c84fa94-04c1-424b-9868-57a2d4851a1d" relativeResultsDirectory="527135a3-2762-47c3-8948-5c8287254e40" />
    <UnitTestResult executionId="e8c4f008-4b77-4bca-b42e-1cc439212c98" testId="344e5d32-c31b-8d32-8bbe-39b46f2cf56a" testName="Romulus.Tests.ProfileValidatorAndPathCoverageTests.ValidateSettings_ValidConvertFormat_NoError(format: &quot;7z&quot;)" computerName="ASUSTOWER" duration="00:00:00.0014806" startTime="2026-04-23T09:23:00.8382540+02:00" endTime="2026-04-23T09:23:00.8391331+02:00" testType="13cdc9d9-ddb5-4fa4-a97d-d965ccfc6d4b" outcome="Passed" testListId="8c84fa94-04c1-424b-9868-57a2d4851a1d" relativeResultsDirectory="e8c4f008-4b77-4bca-b42e-1cc439212c98" />
    <UnitTestResult executionId="a9dbc7e4-5b37-4553-b706-753b1d604502" testId="2437f35c-5c9f-ed98-9d72-b4501c91ec9d" testName="Romulus.Tests.ConverterAndValidatorCoverageTests.DolphinVerify_WrongMagic_ReturnsFalse" computerName="ASUSTOWER" duration="00:00:00.0041098" startTime="2026-04-23T09:23:01.1307109+02:00" endTime="2026-04-23T09:23:01.1346435+02:00" testType="13cdc9d9-ddb5-4fa4-a97d-d965ccfc6d4b" outcome="Passed" testListId="8c84fa94-04c1-424b-9868-57a2d4851a1d" relativeResultsDirectory="a9dbc7e4-5b37-4553-b706-753b1d604502" />
    <UnitTestResult executionId="5aded535-7721-4946-a9b9-72ad5aba58a6" testId="9f22f2ab-bc5c-8339-54df-45c39d5059b0" testName="Romulus.Tests.StandaloneConversionServiceTests.ConvertDirectory_WithMatchingFiles_ReportsConvertedCount" computerName="ASUSTOWER" duration="00:00:00.0119429" startTime="2026-04-23T09:21:39.2720468+02:00" endTime="2026-04-23T09:21:39.2839906+02:00" testType="13cdc9d9-ddb5-4fa4-a97d-d965ccfc6d4b" outcome="Passed" testListId="8c84fa94-04c1-424b-9868-57a2d4851a1d" relativeResultsDirectory="5aded535-7721-4946-a9b9-72ad5aba58a6" />
    <UnitTestResult executionId="3cfc4065-9203-487b-a410-4ae924e3c455" testId="502be838-32ef-53e3-62ee-9063ab8e430e" testName="Romulus.Tests.StandaloneConversionServiceTests.ConvertFile_ExplicitConsoleKey_OverridesCollectionIndex" computerName="ASUSTOWER" duration="00:00:00.0020039" startTime="2026-04-23T09:21:39.3147721+02:00" endTime="2026-04-23T09:21:39.3167305+02:00" testType="13cdc9d9-ddb5-4fa4-a97d-d965ccfc6d4b" outcome="Passed" testListId="8c84fa94-04c1-424b-9868-57a2d4851a1d" relativeResultsDirectory="3cfc4065-9203-487b-a410-4ae924e3c455" />
    <UnitTestResult executionId="a72b9dda-098d-49db-94cd-f8fc1d251763" testId="7fe0b69a-7cb6-3917-37b1-a506db438dcf" testName="Romulus.Tests.RunResultBuilderInvariantTests.Build_PassesThroughConvertErrorCount_RegardlessOfReportContent" computerName="ASUSTOWER" duration="00:00:00.0006174" startTime="2026-04-23T09:23:01.4923105+02:00" endTime="2026-04-23T09:23:01.4927713+02:00" testType="13cdc9d9-ddb5-4fa4-a97d-d965ccfc6d4b" outcome="Passed" testListId="8c84fa94-04c1-424b-9868-57a2d4851a1d" relativeResultsDirectory="a72b9dda-098d-49db-94cd-f8fc1d251763" />
    <UnitTestResult executionId="c276926b-6068-401d-99ae-d38cc1726fc7" testId="b4a39c58-f114-f884-4714-aeaa7f1b6839" testName="Romulus.Tests.ConverterTests.InverseBoolToVisibility_ConvertBack_Collapsed_ReturnsTrue" computerName="ASUSTOWER" duration="00:00:00.0001766" startTime="2026-04-23T09:23:01.5722443+02:00" endTime="2026-04-23T09:23:01.5722972+02:00" testType="13cdc9d9-ddb5-4fa4-a97d-d965ccfc6d4b" outcome="Passed" testListId="8c84fa94-04c1-424b-9868-57a2d4851a1d" relativeResultsDirectory="c276926b-6068-401d-99ae-d38cc1726fc7" />
    <UnitTestResult executionId="5ae31e85-5939-4739-8cbc-7e3cb3ed2591" testId="5eef55d9-70cd-b4e8-36ff-3f00e18cc0db" testName="Romulus.Tests.ConverterTests.InverseBool_False_ReturnsTrue" computerName="ASUSTOWER" duration="00:00:00.0002636" startTime="2026-04-23T09:23:01.5512415+02:00" endTime="2026-04-23T09:23:01.5512910+02:00" testType="13cdc9d9-ddb5-4fa4-a97d-d965ccfc6d4b" outcome="Passed" testListId="8c84fa94-04c1-424b-9868-57a2d4851a1d" relativeResultsDirectory="5ae31e85-5939-4739-8cbc-7e3cb3ed2591" />
    <UnitTestResult executionId="40be9a4c-88ad-4617-b4bb-7a05bdbb0615" testId="d16aa59d-8f87-d1b4-2cda-ce3692a899e8" testName="Romulus.Tests.FeatureServiceTests.GetTargetFormat_NonConvertible_ReturnsNull(ext: &quot;chd&quot;)" computerName="ASUSTOWER" duration="00:00:00.0262776" startTime="2026-04-23T09:14:12.6791165+02:00" endTime="2026-04-23T09:14:12.6791703+02:00" testType="13cdc9d9-ddb5-4fa4-a97d-d965ccfc6d4b" outcome="Passed" testListId="8c84fa94-04c1-424b-9868-57a2d4851a1d" relativeResultsDirectory="40be9a4c-88ad-4617-b4bb-7a05bdbb0615" />
    <UnitTestResult executionId="ec5cdd1c-84af-4e7f-b3dd-2c15bc8a40cd" testId="2d576991-0ab3-7d2a-051c-e4b6e64dff6c" testName="Romulus.Tests.HardAuditInvariantTests.P0A_ConvertVerifyFailure_SourceFile_MustSurvive_Issue9" computerName="ASUSTOWER" duration="00:00:00.0420214" startTime="2026-04-23T09:23:00.9258402+02:00" endTime="2026-04-23T09:23:00.9676909+02:00" testType="13cdc9d9-ddb5-4fa4-a97d-d965ccfc6d4b" outcome="Passed" testListId="8c84fa94-04c1-424b-9868-57a2d4851a1d" relativeResultsDirectory="ec5cdd1c-84af-4e7f-b3dd-2c15bc8a40cd" />
    <UnitTestResult executionId="1c4e4ac1-d619-4c04-b884-41e8408249b8" testId="b5ff103d-90a2-43d1-af66-9b63c14acfac" testName="Romulus.Tests.ConverterTests.StepActiveBrush_StepNotReached_ReturnsInactive" computerName="ASUSTOWER" duration="00:00:00.0001482" startTime="2026-04-23T09:23:01.5720732+02:00" endTime="2026-04-23T09:23:01.5721252+02:00" testType="13cdc9d9-ddb5-4fa4-a97d-d965ccfc6d4b" outcome="Passed" testListId="8c84fa94-04c1-424b-9868-57a2d4851a1d" relativeResultsDirectory="1c4e4ac1-d619-4c04-b884-41e8408249b8" />
    <UnitTestResult executionId="53e2237a-79d8-4bf0-86ff-462371feadda" testId="8d0a5a30-05af-1ff5-3e6e-21ac56258c26" testName="Romulus.Tests.ConverterTests.StepActiveBrush_ConvertBack_Throws" computerName="ASUSTOWER" duration="00:00:00.0002865" startTime="2026-04-23T09:23:01.5746282+02:00" endTime="2026-04-23T09:23:01.5746469+02:00" testType="13cdc9d9-ddb5-4fa4-a97d-d965ccfc6d4b" outcome="Passed" testListId="8c84fa94-04c1-424b-9868-57a2d4851a1d" relativeResultsDirectory="53e2237a-79d8-4bf0-86ff-462371feadda" />
    <UnitTestResult executionId="dcb471d7-2f7f-4370-b6c7-1a15d2a28829" testId="a67c2fb1-b389-6b38-239d-242510472147" testName="Romulus.Tests.GuiViewModelTests.PresetConvert_SetsDryRun_EnablesConvert" computerName="ASUSTOWER" duration="00:00:00.0037057" startTime="2026-04-23T09:23:01.5846036+02:00" endTime="2026-04-23T09:23:01.5873970+02:00" testType="13cdc9d9-ddb5-4fa4-a97d-d965ccfc6d4b" outcome="Passed" testListId="8c84fa94-04c1-424b-9868-57a2d4851a1d" relativeResultsDirectory="dcb471d7-2f7f-4370-b6c7-1a15d2a28829" />
    <UnitTestResult executionId="a438da32-7101-420d-bf68-922d0e941817" testId="4c41fbef-1eb3-76c4-9046-b440757e5b57" testName="Romulus.Tests.CliArgsParserCoverageTests.Convert_PositionalInput_Accepted" computerName="ASUSTOWER" duration="00:00:00.0068458" startTime="2026-04-23T09:14:12.4129893+02:00" endTime="2026-04-23T09:14:12.4133790+02:00" testType="13cdc9d9-ddb5-4fa4-a97d-d965ccfc6d4b" outcome="Passed" testListId="8c84fa94-04c1-424b-9868-57a2d4851a1d" relativeResultsDirectory="a438da32-7101-420d-bf68-922d0e941817" />
    <UnitTestResult executionId="fa7e290f-e77d-4826-b103-f08197da1577" testId="2ab1475d-af3c-23b6-ad5d-f82eca5a751d" testName="Romulus.Tests.Phase5CEntryPointParityTests.TASK158_API_ConvertFormat_Null_WhenWhitespace" computerName="ASUSTOWER" duration="00:00:00.0007782" startTime="2026-04-23T09:14:14.9209388+02:00" endTime="2026-04-23T09:14:14.9209836+02:00" testType="13cdc9d9-ddb5-4fa4-a97d-d965ccfc6d4b" outcome="Passed" testListId="8c84fa94-04c1-424b-9868-57a2d4851a1d" relativeResultsDirectory="fa7e290f-e77d-4826-b103-f08197da1577" />
    <UnitTestResult executionId="dfaaa7eb-23aa-4e30-8db1-9aacac7edd28" testId="de287c61-8572-4818-c737-377f19a97f62" testName="Romulus.Tests.Conversion.ConversionMetricsPipelineTests.RunResultBuilder_ConvertReviewCountAndSavedBytes_IncludedInBuild" computerName="ASUSTOWER" duration="00:00:00.0001041" startTime="2026-04-23T09:23:01.6636029+02:00" endTime="2026-04-23T09:23:01.6636448+02:00" testType="13cdc9d9-ddb5-4fa4-a97d-d965ccfc6d4b" outcome="Passed" testListId="8c84fa94-04c1-424b-9868-57a2d4851a1d" relativeResultsDirectory="dfaaa7eb-23aa-4e30-8db1-9aacac7edd28" />
    <UnitTestResult executionId="40f2e78d-4c15-4187-a8f0-cdb8a206b948" testId="53d5b26d-a924-e452-bab5-e1250a8cf975" testName="Romulus.Tests.SafetyValidatorCoverageTests.ValidateSandbox_ConvertEnabled_ChdmanOverride_NoWarning" computerName="ASUSTOWER" duration="00:00:00.0009351" startTime="2026-04-23T09:21:39.2710091+02:00" endTime="2026-04-23T09:21:39.2718145+02:00" testType="13cdc9d9-ddb5-4fa4-a97d-d965ccfc6d4b" outcome="Passed" testListId="8c84fa94-04c1-424b-9868-57a2d4851a1d" relativeResultsDirectory="40f2e78d-4c15-4187-a8f0-cdb8a206b948" />
    <UnitTestResult executionId="a0acfbf4-5893-4bcc-bea7-61bd123491d8" testId="5c47a141-e48e-20f3-0f27-5e822bab6c98" testName="Romulus.Tests.ConverterTests.LogLevelToBrush_ValidLevels_ReturnsBrush(level: &quot;ERROR&quot;)" computerName="ASUSTOWER" duration="00:00:00.0001696" startTime="2026-04-23T09:23:01.5655647+02:00" endTime="2026-04-23T09:23:01.5656501+02:00" testType="13cdc9d9-ddb5-4fa4-a97d-d965ccfc6d4b" outcome="Passed" testListId="8c84fa94-04c1-424b-9868-57a2d4851a1d" relativeResultsDirectory="a0acfbf4-5893-4bcc-bea7-61bd123491d8" />
    <UnitTestResult executionId="6ffdc8f7-d6e8-4c29-8260-53e7320786ae" testId="1318a118-f59b-9aed-95a5-8d01ea77563b" testName="Romulus.Tests.ConverterTests.StepActiveBrush_InvalidParameter_ReturnsInactive" computerName="ASUSTOWER" duration="00:00:00.0001399" startTime="2026-04-23T09:23:01.5520038+02:00" endTime="2026-04-23T09:23:01.5520540+02:00" testType="13cdc9d9-ddb5-4fa4-a97d-d965ccfc6d4b" outcome="Passed" testListId="8c84fa94-04c1-424b-9868-57a2d4851a1d" relativeResultsDirectory="6ffdc8f7-d6e8-4c29-8260-53e7320786ae" />
    <UnitTestResult executionId="fe9d0ae2-c417-46ff-be30-4d3717a23fbc" testId="7cc0723d-7588-e353-e0d7-c81e887a65b9" testName="Romulus.Tests.Phase5CEntryPointParityTests.TASK158_API_ConvertFormat_Null_WhenEmpty" computerName="ASUSTOWER" duration="00:00:00.0009212" startTime="2026-04-23T09:14:14.9212945+02:00" endTime="2026-04-23T09:14:14.9213339+02:00" testType="13cdc9d9-ddb5-4fa4-a97d-d965ccfc6d4b" outcome="Passed" testListId="8c84fa94-04c1-424b-9868-57a2d4851a1d" relativeResultsDirectory="fe9d0ae2-c417-46ff-be30-4d3717a23fbc" />
    <UnitTestResult executionId="7c8a41d4-b86c-4580-aabb-aac06916bce0" testId="66f2cd4c-52ce-22ca-cf0e-03c4b8266714" testName="Romulus.Tests.ChdmanToolConverterCoverageTests.Verify_ToolNotFound_ReturnsFalse" computerName="ASUSTOWER" duration="00:00:00.0020699" startTime="2026-04-23T09:21:38.5815311+02:00" endTime="2026-04-23T09:21:38.5828874+02:00" testType="13cdc9d9-ddb5-4fa4-a97d-d965ccfc6d4b" outcome="Passed" testListId="8c84fa94-04c1-424b-9868-57a2d4851a1d" relativeResultsDirectory="7c8a41d4-b86c-4580-aabb-aac06916bce0" />
    <UnitTestResult executionId="3c0e0477-3aae-483b-976a-4553b95e0018" testId="d9b807d4-4220-593e-0e43-5aa0767081bf" testName="Romulus.Tests.Conversion.ConversionPhaseHelperRegressionTests.ConvertSingleFile_SetMemberMoveFailure_RollsBackMovedMembersAndPreservesSource" computerName="ASUSTOWER" duration="00:00:00.0126979" startTime="2026-04-23T09:23:01.4048987+02:00" endTime="2026-04-23T09:23:01.4173495+02:00" testType="13cdc9d9-ddb5-4fa4-a97d-d965ccfc6d4b" outcome="Passed" testListId="8c84fa94-04c1-424b-9868-57a2d4851a1d" relativeResultsDirectory="3c0e0477-3aae-483b-976a-4553b95e0018" />
    <UnitTestResult executionId="52a31dca-fb05-4476-8502-4f252477d6cf" testId="c50de4ae-a81e-da40-1f87-d46cab8e64e4" testName="Romulus.Tests.ApiSecurityTests.ConvertFormat_ValidValues_Accepted(format: &quot;7z&quot;)" computerName="ASUSTOWER" duration="00:01:22.1621417" startTime="2026-04-23T09:20:14.6857180+02:00" endTime="2026-04-23T09:21:36.8482136+02:00" testType="13cdc9d9-ddb5-4fa4-a97d-d965ccfc6d4b" outcome="Passed" testListId="8c84fa94-04c1-424b-9868-57a2d4851a1d" relativeResultsDirectory="52a31dca-fb05-4476-8502-4f252477d6cf" />
    <UnitTestResult executionId="fe3ed7c0-deee-4fbc-9df8-53a035576b9d" testId="8a3d8096-cac1-30bd-94be-40acb0695100" testName="Romulus.Tests.ChdmanToolConverterCoverageTests.Verify_ToolSuccess_ReturnsTrue" computerName="ASUSTOWER" duration="00:00:00.0006570" startTime="2026-04-23T09:21:38.8672003+02:00" endTime="2026-04-23T09:21:38.8676711+02:00" testType="13cdc9d9-ddb5-4fa4-a97d-d965ccfc6d4b" outcome="Passed" testListId="8c84fa94-04c1-424b-9868-57a2d4851a1d" relativeResultsDirectory="fe3ed7c0-deee-4fbc-9df8-53a035576b9d" />
    <UnitTestResult executionId="78fb5f3a-a18a-4ead-b1b3-c16acf4612a4" testId="2a44803a-90a6-204c-6195-84ab30841055" testName="Romulus.Tests.FormatConverterAdapterTests.Convert_Ps2IsoUnder700Mb_UsesCreateCdInsteadOfCreateDvd" computerName="ASUSTOWER" duration="00:00:00.0024308" startTime="2026-04-23T09:21:39.1786836+02:00" endTime="2026-04-23T09:21:39.1796683+02:00" testType="13cdc9d9-ddb5-4fa4-a97d-d965ccfc6d4b" outcome="Passed" testListId="8c84fa94-04c1-424b-9868-57a2d4851a1d" relativeResultsDirectory="78fb5f3a-a18a-4ead-b1b3-c16acf4612a4" />
    <UnitTestResult executionId="e8a07b3b-4ec9-411b-9de4-4f29683fd8ce" testId="d29b3539-368f-c13e-bb26-3380514ed9fb" testName="Romulus.Tests.ErrorSummaryProjectionCoverageTests.Build_ConvertError_InsertsConvertError" computerName="ASUSTOWER" duration="00:00:00.0020223" startTime="2026-04-23T09:21:39.2375995+02:00" endTime="2026-04-23T09:21:39.2395286+02:00" testType="13cdc9d9-ddb5-4fa4-a97d-d965ccfc6d4b" outcome="Passed" testListId="8c84fa94-04c1-424b-9868-57a2d4851a1d" relativeResultsDirectory="e8a07b3b-4ec9-411b-9de4-4f29683fd8ce" />
    <UnitTestResult executionId="3f8c54e2-0015-48c7-95e8-753e44849d67" testId="31d51b07-27bb-23e2-2052-77d0d75edacb" testName="Romulus.Tests.ChdmanToolConverterCoverageTests.Convert_UnsupportedExtension_Skipped" computerName="ASUSTOWER" duration="00:00:00.0026134" startTime="2026-04-23T09:21:38.6309832+02:00" endTime="2026-04-23T09:21:38.6335005+02:00" testType="13cdc9d9-ddb5-4fa4-a97d-d965ccfc6d4b" outcome="Passed" testListId="8c84fa94-04c1-424b-9868-57a2d4851a1d" relativeResultsDirectory="3f8c54e2-0015-48c7-95e8-753e44849d67" />
    <UnitTestResult executionId="9aa25a98-eb80-47d4-a6ba-419f1e792968" testId="57c8998b-eb36-7f40-7d0a-93adb270367c" testName="Romulus.Tests.ApiSecurityTests.ConvertFormat_ValidValues_Accepted(format: &quot;chd&quot;)" computerName="ASUSTOWER" duration="00:01:25.9693134" startTime="2026-04-23T09:17:22.2777793+02:00" endTime="2026-04-23T09:18:48.2473146+02:00" testType="13cdc9d9-ddb5-4fa4-a97d-d965ccfc6d4b" outcome="Passed" testListId="8c84fa94-04c1-424b-9868-57a2d4851a1d" relativeResultsDirectory="9aa25a98-eb80-47d4-a6ba-419f1e792968" />
    <UnitTestResult executionId="19afb1d3-0570-418c-8bca-f4ea26d73608" testId="948fbb52-b8ea-0b91-d11b-3897c758a347" testName="Romulus.Tests.ConverterTests.InverseBool_True_ReturnsFalse" computerName="ASUSTOWER" duration="00:00:00.0000883" startTime="2026-04-23T09:23:01.5747327+02:00" endTime="2026-04-23T09:23:01.5747526+02:00" testType="13cdc9d9-ddb5-4fa4-a97d-d965ccfc6d4b" outcome="Passed" testListId="8c84fa94-04c1-424b-9868-57a2d4851a1d" relativeResultsDirectory="19afb1d3-0570-418c-8bca-f4ea26d73608" />
    <UnitTestResult executionId="cd4de777-4866-4cd7-801d-8c3ae5082987" testId="ba5470b9-02d2-bfb7-610c-0b3e94426d13" testName="Romulus.Tests.ConverterTests.PipelinePhaseBrush_NullState_ReturnsIdle" computerName="ASUSTOWER" duration="00:00:00.0000974" startTime="2026-04-23T09:23:01.5797937+02:00" endTime="2026-04-23T09:23:01.5798422+02:00" testType="13cdc9d9-ddb5-4fa4-a97d-d965ccfc6d4b" outcome="Passed" testListId="8c84fa94-04c1-424b-9868-57a2d4851a1d" relativeResultsDirectory="cd4de777-4866-4cd7-801d-8c3ae5082987" />
    <UnitTestResult executionId="aa6dc7f1-d34c-463a-bb11-0118a1024f7b" testId="cf5a01c0-51f9-9ff1-c353-a7aef2613a83" testName="Romulus.Tests.Conversion.ConversionPhaseHelperRegressionTests.ConvertSingleFile_DryRun_SkipsConversion" computerName="ASUSTOWER" duration="00:00:00.0428052" startTime="2026-04-23T09:23:01.3444854+02:00" endTime="2026-04-23T09:23:01.3471859+02:00" testType="13cdc9d9-ddb5-4fa4-a97d-d965ccfc6d4b" outcome="Passed" testListId="8c84fa94-04c1-424b-9868-57a2d4851a1d" relativeResultsDirectory="aa6dc7f1-d34c-463a-bb11-0118a1024f7b" />
    <UnitTestResult executionId="e1883bd6-4cf8-45c9-9dc2-a2133adc28a7" testId="ceb3e3dc-8742-4860-1342-b692034892cc" testName="Romulus.Tests.ConverterTests.StatusLevelToBrush_AllLevels_ReturnsBrush(level: Missing)" computerName="ASUSTOWER" duration="00:00:00.0000003" startTime="2026-04-23T09:23:01.5517955+02:00" endTime="2026-04-23T09:23:01.5518643+02:00" testType="13cdc9d9-ddb5-4fa4-a97d-d965ccfc6d4b" outcome="Passed" testListId="8c84fa94-04c1-424b-9868-57a2d4851a1d" relativeResultsDirectory="e1883bd6-4cf8-45c9-9dc2-a2133adc28a7" />
    <UnitTestResult executionId="c676fa0e-0827-4e14-8ba6-b03065aca6f3" testId="2007c83f-b249-eec1-ef62-7d060b68437f" testName="Romulus.Tests.Phase5CEntryPointParityTests.TGAP47_DryRunWarnings_ConvertOnly_IsWarned" computerName="ASUSTOWER" duration="00:00:00.0005282" startTime="2026-04-23T09:14:14.9207261+02:00" endTime="2026-04-23T09:14:14.9207802+02:00" testType="13cdc9d9-ddb5-4fa4-a97d-d965ccfc6d4b" outcome="Passed" testListId="8c84fa94-04c1-424b-9868-57a2d4851a1d" relativeResultsDirectory="c676fa0e-0827-4e14-8ba6-b03065aca6f3" />
    <UnitTestResult executionId="c247a98b-1490-4bf2-8013-ca082e677de5" testId="39f90073-1440-7129-f3ec-a97ab09ac827" testName="Romulus.Tests.ConverterAndValidatorCoverageTests.SevenZipVerify_ToolReportsError_ReturnsFalse" computerName="ASUSTOWER" duration="00:00:00.0037809" startTime="2026-04-23T09:23:01.1021934+02:00" endTime="2026-04-23T09:23:01.1059235+02:00" testType="13cdc9d9-ddb5-4fa4-a97d-d965ccfc6d4b" outcome="Passed" testListId="8c84fa94-04c1-424b-9868-57a2d4851a1d" relativeResultsDirectory="c247a98b-1490-4bf2-8013-ca082e677de5" />
    <UnitTestResult executionId="162b71f1-a39a-4d96-9c07-c4c78048a345" testId="67eed006-92cb-6726-23c0-f13d13a5c421" testName="Romulus.Tests.StandaloneConversionServiceTests.ConvertDirectory_ErrorOutcome_CountedInErrors" computerName="ASUSTOWER" duration="00:00:00.0018816" startTime="2026-04-23T09:21:39.2894221+02:00" endTime="2026-04-23T09:21:39.2911893+02:00" testType="13cdc9d9-ddb5-4fa4-a97d-d965ccfc6d4b" outcome="Passed" testListId="8c84fa94-04c1-424b-9868-57a2d4851a1d" relativeResultsDirectory="162b71f1-a39a-4d96-9c07-c4c78048a345" />
    <UnitTestResult executionId="4b3e8222-b359-45b3-a8b2-29e645daca13" testId="37b3dfc3-bd47-43d3-a211-c4fb0493ef0c" testName="Romulus.Tests.UiProjectionTests.ErrorSummaryProjection_IncludesConvertError_WhenPresent" computerName="ASUSTOWER" duration="00:00:00.0003038" startTime="2026-04-23T09:23:01.5018713+02:00" endTime="2026-04-23T09:23:01.5020570+02:00" testType="13cdc9d9-ddb5-4fa4-a97d-d965ccfc6d4b" outcome="Passed" testListId="8c84fa94-04c1-424b-9868-57a2d4851a1d" relativeResultsDirectory="4b3e8222-b359-45b3-a8b2-29e645daca13" />
    <UnitTestResult executionId="4c218324-307d-4425-aab7-87f254eef9c5" testId="caff45d9-ecfb-5703-6156-8693d7356cc6" testName="Romulus.Tests.RunOptionsBuilderCoverageTests.GetDryRunFeatureWarnings_DryRunWithConvertFormat_Warning" computerName="ASUSTOWER" duration="00:00:00.0011097" startTime="2026-04-23T09:14:12.6789949+02:00" endTime="2026-04-23T09:14:12.6790222+02:00" testType="13cdc9d9-ddb5-4fa4-a97d-d965ccfc6d4b" outcome="Passed" testListId="8c84fa94-04c1-424b-9868-57a2d4851a1d" relativeResultsDirectory="4c218324-307d-4425-aab7-87f254eef9c5" />
    <UnitTestResult executionId="87bc7837-3465-439d-91a4-0528de8a883e" testId="e5ec041c-9e8a-a3a3-7a3d-e98251cb5f0f" testName="Romulus.Tests.CliOptionsMapperTests.Map_ConvertFormatMissing_ProducesNullFormat" computerName="ASUSTOWER" duration="00:00:00.0006080" startTime="2026-04-23T09:23:01.4251200+02:00" endTime="2026-04-23T09:23:01.4254634+02:00" testType="13cdc9d9-ddb5-4fa4-a97d-d965ccfc6d4b" outcome="Passed" testListId="8c84fa94-04c1-424b-9868-57a2d4851a1d" relativeResultsDirectory="87bc7837-3465-439d-91a4-0528de8a883e" />
    <UnitTestResult executionId="6ade3b09-a00e-4b19-95d7-16ff8b02da11" testId="3d1f5ad8-3e9c-1f47-fcb6-be21acf3c5c9" testName="Romulus.Tests.ChdmanToolConverterCoverageTests.Convert_7z_ExtractFails_Error" computerName="ASUSTOWER" duration="00:00:00.0050957" startTime="2026-04-23T09:21:38.5755166+02:00" endTime="2026-04-23T09:21:38.5805573+02:00" testType="13cdc9d9-ddb5-4fa4-a97d-d965ccfc6d4b" outcome="Passed" testListId="8c84fa94-04c1-424b-9868-57a2d4851a1d" relativeResultsDirectory="6ade3b09-a00e-4b19-95d7-16ff8b02da11" />
    <UnitTestResult executionId="319803e1-93db-47cd-921c-c20da48f4716" testId="f6cf280b-1b7c-f7f6-232e-469c30890897" testName="Romulus.Tests.Phase3ImportantBugTests.R5_004_ChdmanToolConverter_7z_HasPostExtractionValidation" computerName="ASUSTOWER" duration="00:00:00.0013090" startTime="2026-04-23T09:23:00.8666871+02:00" endTime="2026-04-23T09:23:00.8678889+02:00" testType="13cdc9d9-ddb5-4fa4-a97d-d965ccfc6d4b" outcome="Passed" testListId="8c84fa94-04c1-424b-9868-57a2d4851a1d" relativeResultsDirectory="319803e1-93db-47cd-921c-c20da48f4716" />
    <UnitTestResult executionId="4249369e-d30d-47ab-8c07-e570daa660bd" testId="435dd3a5-be59-1ace-5e09-fc87339b7784" testName="Romulus.Tests.ConverterAndValidatorCoverageTests.PsxtractConvert_ToolFails_ReturnsError" computerName="ASUSTOWER" duration="00:00:00.0007027" startTime="2026-04-23T09:23:01.1107933+02:00" endTime="2026-04-23T09:23:01.1108874+02:00" testType="13cdc9d9-ddb5-4fa4-a97d-d965ccfc6d4b" outcome="Passed" testListId="8c84fa94-04c1-424b-9868-57a2d4851a1d" relativeResultsDirectory="4249369e-d30d-47ab-8c07-e570daa660bd" />
    <UnitTestResult executionId="17efec8b-dc47-433a-bd4d-38e4c13624c6" testId="b36dd9a5-4d5a-ed2b-1b8c-5fdfc992b12d" testName="Romulus.Tests.FormatConverterAdapterTests.GetTargetFormat_ManualOnlySystems_AutoSelectionReturnsNull(console: &quot;PC98&quot;, ext: &quot;.hdi&quot;)" computerName="ASUSTOWER" duration="00:00:00.0000066" startTime="2026-04-23T09:21:39.1852388+02:00" endTime="2026-04-23T09:21:39.1852985+02:00" testType="13cdc9d9-ddb5-4fa4-a97d-d965ccfc6d4b" outcome="Passed" testListId="8c84fa94-04c1-424b-9868-57a2d4851a1d" relativeResultsDirectory="17efec8b-dc47-433a-bd4d-38e4c13624c6" />
    <UnitTestResult executionId="9817fb27-65fd-426e-8a9c-c44baecfaf4b" testId="2cc4861e-5603-a7ad-bb19-c2b004437a44" testName="Romulus.Tests.IdempotencyFingerprintTests.DifferentConvertFormat_ProducesDifferentFingerprint" computerName="ASUSTOWER" duration="00:00:00.0002364" startTime="2026-04-23T09:23:01.5041752+02:00" endTime="2026-04-23T09:23:01.5042655+02:00" testType="13cdc9d9-ddb5-4fa4-a97d-d965ccfc6d4b" outcome="Passed" testListId="8c84fa94-04c1-424b-9868-57a2d4851a1d" relativeResultsDirectory="9817fb27-65fd-426e-8a9c-c44baecfaf4b" />
    <UnitTestResult executionId="a63d6b33-ed66-498c-915a-9d585b19d738" testId="16f22862-0ca2-eee8-b980-55225fea4e05" testName="Romulus.Tests.ConversionPhaseHelperCoverageBoostTests.ConvertSingleFile_SuccessButNullTargetPath_ReturnsError" computerName="ASUSTOWER" duration="00:00:00.0016642" startTime="2026-04-23T09:21:37.2938887+02:00" endTime="2026-04-23T09:21:37.2954145+02:00" testType="13cdc9d9-ddb5-4fa4-a97d-d965ccfc6d4b" outcome="Passed" testListId="8c84fa94-04c1-424b-9868-57a2d4851a1d" relativeResultsDirectory="a63d6b33-ed66-498c-915a-9d585b19d738" />
    <UnitTestResult executionId="43f84a1f-4697-4189-9807-064923b0317c" testId="6fd3744b-2d3d-1304-9eb4-4920d301fe7b" testName="Romulus.Tests.ChdmanToolConverterCoverageTests.Convert_ImgExtension_AcceptedDirectly" computerName="ASUSTOWER" duration="00:00:00.0014945" startTime="2026-04-23T09:21:38.8655689+02:00" endTime="2026-04-23T09:21:38.8669294+02:00" testType="13cdc9d9-ddb5-4fa4-a97d-d965ccfc6d4b" outcome="Passed" testListId="8c84fa94-04c1-424b-9868-57a2d4851a1d" relativeResultsDirectory="43f84a1f-4697-4189-9807-064923b0317c" />
    <UnitTestResult executionId="2f2d1d2c-90a9-40ca-b5ea-8886ed1c1565" testId="19529547-2154-35fa-9ba3-be48d59901a2" testName="Romulus.Tests.ConverterAndValidatorCoverageTests.PbpEncryption_DataPspOffset_BeyondFileEnd_ReturnsFalse" computerName="ASUSTOWER" duration="00:00:00.0190343" startTime="2026-04-23T09:23:01.1714727+02:00" endTime="2026-04-23T09:23:01.1905221+02:00" testType="13cdc9d9-ddb5-4fa4-a97d-d965ccfc6d4b" outcome="Passed" testListId="8c84fa94-04c1-424b-9868-57a2d4851a1d" relativeResultsDirectory="2f2d1d2c-90a9-40ca-b5ea-8886ed1c1565" />
    <UnitTestResult executionId="5ef3e520-614b-4f2e-8ccf-cb3c29ec6605" testId="aa10a2c4-0485-48a6-c917-a42bd362ddfc" testName="Romulus.Tests.WpfNewTests.PresetConvert_SetsConvertTrue" computerName="ASUSTOWER" duration="00:00:00.0167030" startTime="2026-04-23T09:21:37.3023303+02:00" endTime="2026-04-23T09:21:37.3181905+02:00" testType="13cdc9d9-ddb5-4fa4-a97d-d965ccfc6d4b" outcome="Passed" testListId="8c84fa94-04c1-424b-9868-57a2d4851a1d" relativeResultsDirectory="5ef3e520-614b-4f2e-8ccf-cb3c29ec6605" />
    <UnitTestResult executionId="9937fcd0-34b0-409b-8db4-017e3d7a72a1" testId="344294b5-9ed5-800a-36aa-dc4ad3ed0b81" testName="Romulus.Tests.FormatConverterAdapterTests.GetTargetFormat_MapsCorrectly(console: &quot;GC&quot;, ext: &quot;.iso&quot;, expectedExt: &quot;.rvz&quot;, expectedTool: &quot;dolphintool&quot;, expectedCmd: &quot;convert&quot;)" computerName="ASUSTOWER" duration="00:00:00.0000036" startTime="2026-04-23T09:21:39.1782186+02:00" endTime="2026-04-23T09:21:39.1782993+02:00" testType="13cdc9d9-ddb5-4fa4-a97d-d965ccfc6d4b" outcome="Passed" testListId="8c84fa94-04c1-424b-9868-57a2d4851a1d" relativeResultsDirectory="9937fcd0-34b0-409b-8db4-017e3d7a72a1" />
    <UnitTestResult executionId="4eb83bfa-a8b6-4774-9bdc-1d1b20b12a2a" testId="c257228b-85e8-c2cd-f81d-94e247f61d43" testName="Romulus.Tests.Conversion.ConversionMetricsPipelineTests.RunProjectionFactory_ConvertReviewCountAndSavedBytes_ProjectedCorrectly" computerName="ASUSTOWER" duration="00:00:00.0001791" startTime="2026-04-23T09:23:01.6629228+02:00" endTime="2026-04-23T09:23:01.6629696+02:00" testType="13cdc9d9-ddb5-4fa4-a97d-d965ccfc6d4b" outcome="Passed" testListId="8c84fa94-04c1-424b-9868-57a2d4851a1d" relativeResultsDirectory="4eb83bfa-a8b6-4774-9bdc-1d1b20b12a2a" />
    <UnitTestResult executionId="13286d27-71e2-4b65-bf91-ec65c317cc0c" testId="a21174f0-399d-f7b0-d4f2-768bf489fd4f" testName="Romulus.Tests.ConverterTests.PipelinePhaseBrush_ActivePhase_ReturnsActiveBrush(state: Completed, param: &quot;7&quot;)" computerName="ASUSTOWER" duration="00:00:00.0000013" startTime="2026-04-23T09:23:01.5495165+02:00" endTime="2026-04-23T09:23:01.5495913+02:00" testType="13cdc9d9-ddb5-4fa4-a97d-d965ccfc6d4b" outcome="Passed" testListId="8c84fa94-04c1-424b-9868-57a2d4851a1d" relativeResultsDirectory="13286d27-71e2-4b65-bf91-ec65c317cc0c" />
[...]
    <TestEntry testId="8f2bd2c9-1ac3-210a-aea5-16dfbe30cc36" executionId="e25bc316-3361-4cfc-ab68-0015f545b5eb" testListId="8c84fa94-04c1-424b-9868-57a2d4851a1d" />
    <TestEntry testId="e0e77dea-031f-706a-f652-164844516de8" executionId="68f22644-f41e-4d0c-8e2c-e2c1d38e3dcf" testListId="8c84fa94-04c1-424b-9868-57a2d4851a1d" />
    <TestEntry testId="83a8e048-46d9-e763-a27f-be851f41301f" executionId="977f9661-0c23-4b65-9ac4-1d654134df6a" testListId="8c84fa94-04c1-424b-9868-57a2d4851a1d" />
    <TestEntry testId="a726392d-2bf7-0109-c55c-d3f500b7d5e7" executionId="be043a24-8423-45b4-a0b8-eff955fdebf6" testListId="8c84fa94-04c1-424b-9868-57a2d4851a1d" />
    <TestEntry testId="77017204-3ad7-5db8-7d4f-71f4cda3ce30" executionId="e115f5eb-f239-4093-9951-1afb9a37f899" testListId="8c84fa94-04c1-424b-9868-57a2d4851a1d" />
    <TestEntry testId="ede0dd23-2583-6b79-593c-92e6abff51e8" executionId="b8161372-4688-4373-866d-b66275ba7224" testListId="8c84fa94-04c1-424b-9868-57a2d4851a1d" />
    <TestEntry testId="eae58f96-c7f7-e374-62ca-5d514261f755" executionId="eea88765-2241-4146-8ef7-749474f56d27" testListId="8c84fa94-04c1-424b-9868-57a2d4851a1d" />
    <TestEntry testId="b5ad16f0-4a18-19ea-3d79-ca8075b7f5ce" executionId="207d243c-e808-447d-acb0-b0e399b3c03d" testListId="8c84fa94-04c1-424b-9868-57a2d4851a1d" />
    <TestEntry testId="760291bf-9fba-1477-db8e-07061124e948" executionId="2065f87b-f1ab-4b89-a0c5-614b2dc254c4" testListId="8c84fa94-04c1-424b-9868-57a2d4851a1d" />
    <TestEntry testId="3c278b3e-6cd9-966d-5e12-48598c5a4dce" executionId="44c3265f-ef0c-4c29-b542-38790ffe2e76" testListId="8c84fa94-04c1-424b-9868-57a2d4851a1d" />
    <TestEntry testId="26e4e40e-aa24-d80d-021c-a843a774c7be" executionId="4d48815e-f9fe-4d25-8423-d71c20df2137" testListId="8c84fa94-04c1-424b-9868-57a2d4851a1d" />
    <TestEntry testId="3adf8643-a9bd-c21f-a087-802426267956" executionId="23d747af-544e-480b-b25b-d7efa0cbe2ee" testListId="8c84fa94-04c1-424b-9868-57a2d4851a1d" />
    <TestEntry testId="a4456ec4-0b13-aaaf-efd0-20f996b0f435" executionId="ad4f2210-b425-4bd2-be19-3bd522a64358" testListId="8c84fa94-04c1-424b-9868-57a2d4851a1d" />
    <TestEntry testId="8cc7b28f-cf27-63c3-7f35-f1ca7dd46064" executionId="7dcc1b43-489b-4b6c-bff8-217b9d29b41e" testListId="8c84fa94-04c1-424b-9868-57a2d4851a1d" />
    <TestEntry testId="aca5b7d1-3c46-8aba-a513-c544bd39c6f9" executionId="027f3ac3-f7e4-4425-93c6-639c42a031b8" testListId="8c84fa94-04c1-424b-9868-57a2d4851a1d" />
    <TestEntry testId="b2bdbf4f-0d84-8b80-92c4-1690402442ec" executionId="98fff753-d145-4494-963d-91c76fb069cb" testListId="8c84fa94-04c1-424b-9868-57a2d4851a1d" />
    <TestEntry testId="775d575e-21be-eea1-7cac-6bd4fd036873" executionId="89714ee3-2772-472a-8b8c-7f0c56492158" testListId="8c84fa94-04c1-424b-9868-57a2d4851a1d" />
    <TestEntry testId="3d704f48-1843-9b84-8e37-66d8bc0d0027" executionId="1e1121c5-9d5a-4124-9c65-6256d0c80db0" testListId="8c84fa94-04c1-424b-9868-57a2d4851a1d" />
    <TestEntry testId="75a27ea0-453b-dff3-9b0e-f904dbdc550a" executionId="119e3a5b-a831-4a03-b602-f57b2448c95a" testListId="8c84fa94-04c1-424b-9868-57a2d4851a1d" />
    <TestEntry testId="cdfcd490-0836-2232-80bf-3faa1d98de7e" executionId="dfc5ffa5-e1bf-4698-83cb-c54e03fd4091" testListId="8c84fa94-04c1-424b-9868-57a2d4851a1d" />
    <TestEntry testId="98209561-6ccc-c5b2-cc89-a308edd5e156" executionId="a5494791-67af-4b10-a91a-0ad2fb29dbe5" testListId="8c84fa94-04c1-424b-9868-57a2d4851a1d" />
    <TestEntry testId="4de97c2f-27d7-617f-106e-abeaecd758dc" executionId="5d711c40-13f9-4bb1-9674-fe4d259f0828" testListId="8c84fa94-04c1-424b-9868-57a2d4851a1d" />
    <TestEntry testId="13b92cb7-4651-d4c2-6ec2-a1d24de447dc" executionId="a1d87976-d594-433b-89df-d8aa499b4677" testListId="8c84fa94-04c1-424b-9868-57a2d4851a1d" />
    <TestEntry testId="c0e11284-1e1f-c591-c401-4ae520fc4a20" executionId="5614f8f8-0aa2-4206-b55a-ad09a59c33a5" testListId="8c84fa94-04c1-424b-9868-57a2d4851a1d" />
    <TestEntry testId="763acdfc-acd2-416c-e429-0eebe8d12a09" executionId="4d32e9fa-8260-4cf5-848a-7fcce7d8f9c7" testListId="8c84fa94-04c1-424b-9868-57a2d4851a1d" />
    <TestEntry testId="9262e2ce-1dd2-19af-1dd4-eb7b0801e1cc" executionId="cf38f2ec-c35f-4358-92a1-9787513613ff" testListId="8c84fa94-04c1-424b-9868-57a2d4851a1d" />
    <TestEntry testId="8c53c9eb-c923-ca66-0cf4-b42eb6fdce09" executionId="91900916-7496-44c0-b533-5636f64ac067" testListId="8c84fa94-04c1-424b-9868-57a2d4851a1d" />
    <TestEntry testId="3ca98a67-9c78-3c44-1bf0-d3d0c3def167" executionId="1110ea70-5848-48ec-a66c-c78f3d706fad" testListId="8c84fa94-04c1-424b-9868-57a2d4851a1d" />
    <TestEntry testId="d06c82ca-b0d7-02b1-d66f-7b931d5118e2" executionId="a62c3f7d-8572-4a15-aee0-804ba3fdb8b5" testListId="8c84fa94-04c1-424b-9868-57a2d4851a1d" />
    <TestEntry testId="78d5b084-b19a-c0e7-d1ab-c8cf8f7dd8c0" executionId="9ee09d0b-9b95-45d9-9c5f-43480c2a548e" testListId="8c84fa94-04c1-424b-9868-57a2d4851a1d" />
  </TestEntries>
  <TestLists>
    <TestList name="Ergebnisse nicht in einer Liste" id="8c84fa94-04c1-424b-9868-57a2d4851a1d" />
    <TestList name="Alle geladenen Ergebnisse" id="19431567-8539-422a-85d7-44ee4e166bda" />
  </TestLists>
  <ResultSummary outcome="Failed">
    <Counters total="393" executed="393" passed="389" failed="4" error="0" timeout="0" aborted="0" inconclusive="0" passedButRunAborted="0" notRunnable="0" notExecuted="0" disconnected="0" warning="0" completed="0" inProgress="0" pending="0" />
    <Output>
      <StdOut>[xUnit.net 00:00:00.00] xUnit.net VSTest Adapter v3.1.5+1b188a7b0a (64-bit .NET 10.0.7)&#xD;
[xUnit.net 00:00:00.14]   Discovering: Romulus.Tests&#xD;
[xUnit.net 00:00:00.93]   Discovered:  Romulus.Tests&#xD;
[xUnit.net 00:00:00.99]   Starting:    Romulus.Tests&#xD;
info: Microsoft.Hosting.Lifetime[14]&#xD;
      Now listening on: http://127.0.0.1:7878&#xD;
info: Microsoft.Hosting.Lifetime[0]&#xD;
      Application started. Press Ctrl+C to shut down.&#xD;
info: Microsoft.Hosting.Lifetime[0]&#xD;
      Hosting environment: Development&#xD;
info: Microsoft.Hosting.Lifetime[0]&#xD;
      Content root path: C:\Code\Sortierung\src\Romulus.Api&#xD;
[2026-04-23T07:14:15.5331974Z] 9c87272e58af4bee POST /runs \u001a 200 (99908ms)&#xD;
info: Microsoft.Hosting.Lifetime[0]&#xD;
      Application is shutting down...&#xD;
[xUnit.net 00:01:44.21]       System.Threading.Tasks.TaskCanceledException : The operation was canceled.&#xD;
[xUnit.net 00:01:44.22]       ---- System.Net.Http.HttpRequestException : Error while copying content to a stream.&#xD;
[xUnit.net 00:01:44.22]       -------- System.IO.IOException : &#xD;
[xUnit.net 00:01:44.22]       ------------ System.IO.IOException : The client aborted the request.&#xD;
[xUnit.net 00:01:44.22]       Stack Trace:&#xD;
[xUnit.net 00:01:44.22]            at System.Net.Http.HttpClient.HandleFailure(Exception e, Boolean telemetryStarted, HttpResponseMessage response, CancellationTokenSource cts, CancellationToken cancellationToken, CancellationTokenSource pendingRequestsCts)&#xD;
[xUnit.net 00:01:44.22]            at System.Net.Http.HttpClient.&lt;SendAsync&gt;g__Core|83_0(HttpRequestMessage request, HttpCompletionOption completionOption, CancellationTokenSource cts, Boolean disposeCts, CancellationTokenSource pendingRequestsCts, CancellationToken originalCancellationToken)&#xD;
[xUnit.net 00:01:44.22]         C:\Code\Sortierung\src\Romulus.Tests\ApiSecurityTests.cs(151,0): at Romulus.Tests.ApiSecurityTests.ConvertFormat_ValidValues_Accepted(String format)&#xD;
[xUnit.net 00:01:44.22]         --- End of stack trace from previous location ---&#xD;
[xUnit.net 00:01:44.22]         ----- Inner Stack Trace -----&#xD;
[xUnit.net 00:01:44.22]            at System.Net.Http.HttpContent.LoadIntoBufferAsyncCore(Task serializeToStreamTask, LimitArrayPoolWriteStream tempBuffer)&#xD;
[xUnit.net 00:01:44.22]            at System.Runtime.CompilerServices.AsyncMethodBuilderCore.Start[TStateMachine](TStateMachine&amp; stateMachine)&#xD;
[xUnit.net 00:01:44.22]            at System.Net.Http.HttpContent.LoadIntoBufferAsyncCore(Task serializeToStreamTask, LimitArrayPoolWriteStream tempBuffer)&#xD;
[xUnit.net 00:01:44.22]            at System.Net.Http.HttpContent.LoadIntoBufferAsync(Int64 maxBufferSize, CancellationToken cancellationToken)&#xD;
[xUnit.net 00:01:44.22]            at System.Net.Http.HttpClient.&lt;SendAsync&gt;g__Core|83_0(HttpRequestMessage request, HttpCompletionOption completionOption, CancellationTokenSource cts, Boolean disposeCts, CancellationTokenSource pendingRequestsCts, CancellationToken originalCancellationToken)&#xD;
[xUnit.net 00:01:44.22]            at System.Runtime.CompilerServices.AsyncTaskMethodBuilder`1.AsyncStateMachineBox`1.ExecutionContextCallback(Object s)&#xD;
[xUnit.net 00:01:44.22]            at System.Threading.ExecutionContext.RunInternal(ExecutionContext executionContext, ContextCallback callback, Object state)&#xD;
[xUnit.net 00:01:44.22]            at System.Runtime.CompilerServices.AsyncTaskMethodBuilder`1.AsyncStateMachineBox`1.MoveNext(Thread threadPoolThread)&#xD;
[xUnit.net 00:01:44.22]            at System.Runtime.CompilerServices.AsyncTaskMethodBuilder`1.AsyncStateMachineBox`1.MoveNext()&#xD;
[xUnit.net 00:01:44.22]            at System.Threading.Tasks.AwaitTaskContinuation.RunOrScheduleAction(IAsyncStateMachineBox box, Boolean allowInlining)&#xD;
[xUnit.net 00:01:44.22]            at System.Threading.Tasks.Task.RunContinuations(Object continuationObject)&#xD;
[xUnit.net 00:01:44.22]            at System.Threading.Tasks.Task`1.TrySetResult(TResult result)&#xD;
[xUnit.net 00:01:44.22]            at System.Runtime.CompilerServices.AsyncTaskMethodBuilder`1.SetExistingTaskResult(Task`1 task, TResult result)&#xD;
[xUnit.net 00:01:44.22]            at Microsoft.AspNetCore.Mvc.Testing.Handlers.RedirectHandler.SendAsync(HttpRequestMessage request, CancellationToken cancellationToken)&#xD;
[xUnit.net 00:01:44.22]            at System.Runtime.CompilerServices.AsyncTaskMethodBuilder`1.AsyncStateMachineBox`1.ExecutionContextCallback(Object s)&#xD;
[xUnit.net 00:01:44.22]            at System.Threading.ExecutionContext.RunInternal(ExecutionContext executionContext, ContextCallback callback, Object state)&#xD;
[xUnit.net 00:01:44.22]            at System.Runtime.CompilerServices.AsyncTaskMethodBuilder`1.AsyncStateMachineBox`1.MoveNext(Thread threadPoolThread)&#xD;
[xUnit.net 00:01:44.22]            at System.Runtime.CompilerServices.AsyncTaskMethodBuilder`1.AsyncStateMachineBox`1.MoveNext()&#xD;
[xUnit.net 00:01:44.22]            at System.Threading.ExecutionContext.RunInternal(ExecutionContext executionContext, ContextCallback callback, Object state)&#xD;
[xUnit.net 00:01:44.22]            at System.Threading.Tasks.Task.ExecuteWithThreadLocal(Task&amp; currentTaskSlot, Thread threadPoolThread)&#xD;
[xUnit.net 00:01:44.22]            at System.Threading.Thread.StartCallback()&#xD;
[xUnit.net 00:01:44.22]         --- End of stack trace from previous location ---&#xD;
[xUnit.net 00:01:44.22]            at System.Net.Http.HttpContent.LoadIntoBufferAsyncCore(Task serializeToStreamTask, LimitArrayPoolWriteStream tempBuffer)&#xD;
[xUnit.net 00:01:44.22]            at System.Net.Http.HttpClient.&lt;SendAsync&gt;g__Core|83_0(HttpRequestMessage request, HttpCompletionOption completionOption, CancellationTokenSource cts, Boolean disposeCts, CancellationTokenSource pendingRequestsCts, CancellationToken originalCancellationToken)&#xD;
[xUnit.net 00:01:44.22]         ----- Inner Stack Trace -----&#xD;
[xUnit.net 00:01:44.22]            at Microsoft.AspNetCore.TestHost.ResponseBodyReaderStream.CheckAborted()&#xD;
[xUnit.net 00:01:44.22]            at Microsoft.AspNetCore.TestHost.ResponseBodyReaderStream.ReadAsync(Memory`1 buffer, CancellationToken cancellationToken)&#xD;
[xUnit.net 00:01:44.22]            at System.IO.Stream.&lt;CopyToAsync&gt;g__Core|30_0(Stream source, Stream destination, Int32 bufferSize, CancellationToken cancellationToken)&#xD;
[xUnit.net 00:01:44.22]            at System.Net.Http.HttpContent.LoadIntoBufferAsyncCore(Task serializeToStreamTask, LimitArrayPoolWriteStream tempBuffer)&#xD;
[xUnit.net 00:01:44.22]         ----- Inner Stack Trace -----&#xD;
[xUnit.net 00:01:44.22]         &#xD;
info: Microsoft.Hosting.Lifetime[14]&#xD;
      Now listening on: http://127.0.0.1:7878&#xD;
info: Microsoft.Hosting.Lifetime[0]&#xD;
      Application started. Press Ctrl+C to shut down.&#xD;
info: Microsoft.Hosting.Lifetime[0]&#xD;
      Hosting environment: Development&#xD;
info: Microsoft.Hosting.Lifetime[0]&#xD;
      Content root path: C:\Code\Sortierung\src\Romulus.Api&#xD;
[2026-04-23T07:15:55.6349342Z] 160d23387d474d21 POST /runs \u001a 200 (86608ms)&#xD;
info: Microsoft.Hosting.Lifetime[0]&#xD;
      Application is shutting down...&#xD;
info: Microsoft.Hosting.Lifetime[14]&#xD;
      Now listening on: http://127.0.0.1:7878&#xD;
info: Microsoft.Hosting.Lifetime[0]&#xD;
      Application started. Press Ctrl+C to shut down.&#xD;
info: Microsoft.Hosting.Lifetime[0]&#xD;
      Hosting environment: Development&#xD;
info: Microsoft.Hosting.Lifetime[0]&#xD;
      Content root path: C:\Code\Sortierung\src\Romulus.Api&#xD;
[2026-04-23T07:17:22.3844371Z] 197e2b83090e4417 POST /runs \u001a 200 (85839ms)&#xD;
info: Microsoft.Hosting.Lifetime[0]&#xD;
      Application is shutting down...&#xD;
info: Microsoft.Hosting.Lifetime[14]&#xD;
      Now listening on: http://127.0.0.1:7878&#xD;
info: Microsoft.Hosting.Lifetime[0]&#xD;
      Application started. Press Ctrl+C to shut down.&#xD;
info: Microsoft.Hosting.Lifetime[0]&#xD;
      Hosting environment: Development&#xD;
info: Microsoft.Hosting.Lifetime[0]&#xD;
      Content root path: C:\Code\Sortierung\src\Romulus.Api&#xD;
[2026-04-23T07:18:48.3729014Z] d7ca2d21762f4363 POST /runs \u001a 200 (86283ms)&#xD;
info: Microsoft.Hosting.Lifetime[0]&#xD;
      Application is shutting down...&#xD;
info: Microsoft.Hosting.Lifetime[14]&#xD;
      Now listening on: http://127.0.0.1:7878&#xD;
info: Microsoft.Hosting.Lifetime[0]&#xD;
      Application started. Press Ctrl+C to shut down.&#xD;
info: Microsoft.Hosting.Lifetime[0]&#xD;
      Hosting environment: Development&#xD;
info: Microsoft.Hosting.Lifetime[0]&#xD;
      Content root path: C:\Code\Sortierung\src\Romulus.Api&#xD;
[2026-04-23T07:20:14.8557159Z] b61264a231a34607 POST /runs \u001a 200 (81969ms)&#xD;
info: Microsoft.Hosting.Lifetime[0]&#xD;
      Application is shutting down...&#xD;
info: Microsoft.Hosting.Lifetime[14]&#xD;
      Now listening on: http://127.0.0.1:7878&#xD;
info: Microsoft.Hosting.Lifetime[0]&#xD;
      Application started. Press Ctrl+C to shut down.&#xD;
info: Microsoft.Hosting.Lifetime[0]&#xD;
      Hosting environment: Development&#xD;
info: Microsoft.Hosting.Lifetime[0]&#xD;
      Content root path: C:\Code\Sortierung\src\Romulus.Api&#xD;
[API-WARN] Configuration error (InvalidConvertFormat): Invalid convertFormat '../../etc/passwd'.&#xD;
[2026-04-23T07:21:36.9618760Z] 644d8d2f36234bf6 POST /runs \u001a 400 (69ms)&#xD;
info: Microsoft.Hosting.Lifetime[0]&#xD;
      Application is shutting down...&#xD;
info: Microsoft.Hosting.Lifetime[14]&#xD;
      Now listening on: http://127.0.0.1:7878&#xD;
info: Microsoft.Hosting.Lifetime[0]&#xD;
      Application started. Press Ctrl+C to shut down.&#xD;
info: Microsoft.Hosting.Lifetime[0]&#xD;
      Hosting environment: Development&#xD;
info: Microsoft.Hosting.Lifetime[0]&#xD;
      Content root path: C:\Code\Sortierung\src\Romulus.Api&#xD;
[2026-04-23T07:21:37.4319443Z] 7eb50ac520884f0d POST /convert \u001a 400 (3ms)&#xD;
info: Microsoft.Hosting.Lifetime[0]&#xD;
      Application is shutting down...&#xD;
info: Microsoft.Hosting.Lifetime[14]&#xD;
      Now listening on: http://127.0.0.1:7878&#xD;
info: Microsoft.Hosting.Lifetime[0]&#xD;
      Application started. Press Ctrl+C to shut down.&#xD;
info: Microsoft.Hosting.Lifetime[0]&#xD;
      Hosting environment: Development&#xD;
info: Microsoft.Hosting.Lifetime[0]&#xD;
      Content root path: C:\Code\Sortierung\src\Romulus.Api&#xD;
[2026-04-23T07:21:39.5888357Z] bcfe335f46de4040 POST /runs \u001a 200 (81225ms)&#xD;
info: Microsoft.Hosting.Lifetime[0]&#xD;
      Application is shutting down...&#xD;
[xUnit.net 00:08:50.24]       Assert.Equal() Failure: Values differ&#xD;
[xUnit.net 00:08:50.24]       Expected: #FF00F5FF&#xD;
[xUnit.net 00:08:50.24]       Actual:   #FF2C6E95&#xD;
[xUnit.net 00:08:50.24]       Stack Trace:&#xD;
[xUnit.net 00:08:50.24]         C:\Code\Sortierung\src\Romulus.Tests\ConverterTests.cs(245,0): at Romulus.Tests.ConverterTests.LogLevelToBrush_Null_ReturnsCyan()&#xD;
[xUnit.net 00:08:50.24]            at System.RuntimeMethodHandle.InvokeMethod(ObjectHandleOnStack target, Void** arguments, ObjectHandleOnStack sig, BOOL isConstructor, ObjectHandleOnStack result)&#xD;
[xUnit.net 00:08:50.24]            at System.Reflection.MethodBaseInvoker.InterpretedInvoke_Method(Object obj, IntPtr* args)&#xD;
[xUnit.net 00:08:50.24]            at System.Reflection.MethodBaseInvoker.InvokeWithNoArgs(Object obj, BindingFlags invokeAttr)&#xD;
[xUnit.net 00:08:50.24]       Assert.Equal() Failure: Values differ&#xD;
[xUnit.net 00:08:50.24]       Expected: #FF00F5FF&#xD;
[xUnit.net 00:08:50.24]       Actual:   #FF2C6E95&#xD;
[xUnit.net 00:08:50.24]       Stack Trace:&#xD;
[xUnit.net 00:08:50.24]         C:\Code\Sortierung\src\Romulus.Tests\ConverterTests.cs(253,0): at Romulus.Tests.ConverterTests.LogLevelToBrush_NonString_ReturnsCyan()&#xD;
[xUnit.net 00:08:50.24]            at System.RuntimeMethodHandle.InvokeMethod(ObjectHandleOnStack target, Void** arguments, ObjectHandleOnStack sig, BOOL isConstructor, ObjectHandleOnStack result)&#xD;
[xUnit.net 00:08:50.24]            at System.Reflection.MethodBaseInvoker.InterpretedInvoke_Method(Object obj, IntPtr* args)&#xD;
[xUnit.net 00:08:50.24]            at System.Reflection.MethodBaseInvoker.InvokeWithNoArgs(Object obj, BindingFlags invokeAttr)&#xD;
[xUnit.net 00:08:50.24]       Assert.Equal() Failure: Values differ&#xD;
[xUnit.net 00:08:50.24]       Expected: #FF00F5FF&#xD;
[xUnit.net 00:08:50.24]       Actual:   #FF2C6E95&#xD;
[xUnit.net 00:08:50.24]       Stack Trace:&#xD;
[xUnit.net 00:08:50.24]         C:\Code\Sortierung\src\Romulus.Tests\ConverterTests.cs(237,0): at Romulus.Tests.ConverterTests.LogLevelToBrush_Info_ReturnsCyan()&#xD;
[xUnit.net 00:08:50.24]            at System.RuntimeMethodHandle.InvokeMethod(ObjectHandleOnStack target, Void** arguments, ObjectHandleOnStack sig, BOOL isConstructor, ObjectHandleOnStack result)&#xD;
[xUnit.net 00:08:50.24]            at System.Reflection.MethodBaseInvoker.InterpretedInvoke_Method(Object obj, IntPtr* args)&#xD;
[xUnit.net 00:08:50.24]            at System.Reflection.MethodBaseInvoker.InvokeWithNoArgs(Object obj, BindingFlags invokeAttr)&#xD;
[xUnit.net 00:08:50.38]   Finished:    Romulus.Tests&#xD;
</StdOut>
    </Output>
    <RunInfos>
      <RunInfo computerName="ASUSTOWER" outcome="Error" timestamp="2026-04-23T09:15:55.5463209+02:00">
        <Text>[xUnit.net 00:01:44.21]     Romulus.Tests.ApiSecurityTests.ConvertFormat_ValidValues_Accepted(format: "auto") [FAIL]</Text>
      </RunInfo>
      <RunInfo computerName="ASUSTOWER" outcome="Error" timestamp="2026-04-23T09:23:01.5701823+02:00">
        <Text>[xUnit.net 00:08:50.24]     Romulus.Tests.ConverterTests.LogLevelToBrush_Null_ReturnsCyan [FAIL]</Text>
      </RunInfo>
      <RunInfo computerName="ASUSTOWER" outcome="Error" timestamp="2026-04-23T09:23:01.5786632+02:00">
        <Text>[xUnit.net 00:08:50.24]     Romulus.Tests.ConverterTests.LogLevelToBrush_NonString_ReturnsCyan [FAIL]</Text>
      </RunInfo>
      <RunInfo computerName="ASUSTOWER" outcome="Error" timestamp="2026-04-23T09:23:01.5822050+02:00">
        <Text>[xUnit.net 00:08:50.24]     Romulus.Tests.ConverterTests.LogLevelToBrush_Info_ReturnsCyan [FAIL]</Text>
      </RunInfo>
    </RunInfos>
  </ResultSummary>
</TestRun>