<?xml version="1.0" encoding="utf-8"?>
<TestRun id="d2d55368-f595-42b8-bf0c-f211952a8e06" name="Cemal@ASUSTOWER 2026-04-23 08:13:24" runUser="AsusTower\Cemal" xmlns="http://microsoft.com/schemas/VisualStudio/TeamTest/2010">
  <Times creation="2026-04-23T08:13:24.5493890+02:00" queuing="2026-04-23T08:13:24.5493898+02:00" start="2026-04-23T08:13:22.6655754+02:00" finish="2026-04-23T08:22:42.0317103+02:00" />
  <TestSettings name="default" id="0914f147-4198-4d5f-8660-457b39a2a2cf">
    <Deployment runDeploymentRoot="Cemal_ASUSTOWER_2026-04-23_08_13_24" />
  </TestSettings>
  <Results>
    <UnitTestResult executionId="0a2adb9b-26dd-4947-bfc7-ca30a8ef77d7" testId="e6717e68-39be-5201-739d-c6d06bfa6373" testName="Romulus.Tests.AuditCDRedTests.E01_CliMoveSummary_UsesRunConstantsDoneToken" computerName="ASUSTOWER" duration="00:00:00.0005575" startTime="2026-04-23T08:22:40.2285002+02:00" endTime="2026-04-23T08:22:40.2285619+02:00" testType="13cdc9d9-ddb5-4fa4-a97d-d965ccfc6d4b" outcome="Passed" testListId="8c84fa94-04c1-424b-9868-57a2d4851a1d" relativeResultsDirectory="0a2adb9b-26dd-4947-bfc7-ca30a8ef77d7" />
    <UnitTestResult executionId="31dce631-dec8-4621-b0f0-9bf723a14e2b" testId="5da100e4-ecfa-a57c-4c2d-ccea8b353aeb" testName="Romulus.Tests.HygieneCleanupRegressionTests.RemovedWrapperService_MustNotExistInWpfAssembly(typeName: &quot;IExportService&quot;)" computerName="ASUSTOWER" duration="00:00:00.0000090" startTime="2026-04-23T08:13:24.6605929+02:00" endTime="2026-04-23T08:13:24.6607074+02:00" testType="13cdc9d9-ddb5-4fa4-a97d-d965ccfc6d4b" outcome="Passed" testListId="8c84fa94-04c1-424b-9868-57a2d4851a1d" relativeResultsDirectory="31dce631-dec8-4621-b0f0-9bf723a14e2b" />
    <UnitTestResult executionId="4d02ebf8-b0de-4635-83eb-d97ad3d7ae1c" testId="08f89ec5-1dfb-088e-a958-a1ad9854f8ff" testName="Romulus.Tests.GameKeyNormalizerDosTests.RemoveMsDosMetadataTags_EmptyInput_ReturnsEmpty" computerName="ASUSTOWER" duration="00:00:00.0001699" startTime="2026-04-23T08:13:25.7323525+02:00" endTime="2026-04-23T08:13:25.7325128+02:00" testType="13cdc9d9-ddb5-4fa4-a97d-d965ccfc6d4b" outcome="Passed" testListId="8c84fa94-04c1-424b-9868-57a2d4851a1d" relativeResultsDirectory="4d02ebf8-b0de-4635-83eb-d97ad3d7ae1c" />
    <UnitTestResult executionId="c80f1319-5dee-4364-b030-2ebbfd30349d" testId="a65c22da-e015-1e92-ccde-78b5f329b5e9" testName="Romulus.Tests.FeatureCommandServiceTests.RemovedToolKeys_MustNotExistInFeatureCommands(removedKey: &quot;GpuHashing&quot;)" computerName="ASUSTOWER" duration="00:00:00.0035848" startTime="2026-04-23T08:21:09.9766922+02:00" endTime="2026-04-23T08:21:09.9800635+02:00" testType="13cdc9d9-ddb5-4fa4-a97d-d965ccfc6d4b" outcome="Passed" testListId="8c84fa94-04c1-424b-9868-57a2d4851a1d" relativeResultsDirectory="c80f1319-5dee-4364-b030-2ebbfd30349d" />
    <UnitTestResult executionId="67bd3d83-2fa2-41cc-8898-321065c413a1" testId="2132dc84-4c3e-76a2-8fcd-d21f04e5f696" testName="Romulus.Tests.GuiViewModelTests.MoveRegionTo_InvalidFromIndex_NoChange" computerName="ASUSTOWER" duration="00:00:00.0042869" startTime="2026-04-23T08:18:05.3648576+02:00" endTime="2026-04-23T08:18:05.3689412+02:00" testType="13cdc9d9-ddb5-4fa4-a97d-d965ccfc6d4b" outcome="Passed" testListId="8c84fa94-04c1-424b-9868-57a2d4851a1d" relativeResultsDirectory="67bd3d83-2fa2-41cc-8898-321065c413a1" />
    <UnitTestResult executionId="f9e754b8-21e7-4a30-b70c-82ac8ef12759" testId="07780dba-ff08-d918-8c98-b881b18fc1c6" testName="Romulus.Tests.HygieneCleanupRegressionTests.ToolPathValidator_AllowedExtension_Accepts(ext: &quot;.bat&quot;)" computerName="ASUSTOWER" duration="00:00:00.0013002" startTime="2026-04-23T08:13:24.6517599+02:00" endTime="2026-04-23T08:13:24.6520006+02:00" testType="13cdc9d9-ddb5-4fa4-a97d-d965ccfc6d4b" outcome="Passed" testListId="8c84fa94-04c1-424b-9868-57a2d4851a1d" relativeResultsDirectory="f9e754b8-21e7-4a30-b70c-82ac8ef12759" />
    <UnitTestResult executionId="e836866a-0113-4cbd-9669-caf8f342c6ab" testId="076572d2-833d-d24c-93c3-86ac349dc8f5" testName="Romulus.Tests.GuiViewModelTests.IsMovePhaseApplicable_FalseWhenConvertOnly" computerName="ASUSTOWER" duration="00:00:00.0033970" startTime="2026-04-23T08:18:05.2700005+02:00" endTime="2026-04-23T08:18:05.2730994+02:00" testType="13cdc9d9-ddb5-4fa4-a97d-d965ccfc6d4b" outcome="Passed" testListId="8c84fa94-04c1-424b-9868-57a2d4851a1d" relativeResultsDirectory="e836866a-0113-4cbd-9669-caf8f342c6ab" />
    <UnitTestResult executionId="8f4e3075-65d1-4883-8210-2a41bbe290e4" testId="ce621a7f-31bc-c977-cdb4-788ad110672a" testName="Romulus.Tests.QuarantineServiceCoverageBoostTests.Restore_Execute_MovesFileBack" computerName="ASUSTOWER" duration="00:00:00.0047264" startTime="2026-04-23T08:16:32.2974497+02:00" endTime="2026-04-23T08:16:32.3016438+02:00" testType="13cdc9d9-ddb5-4fa4-a97d-d965ccfc6d4b" outcome="Passed" testListId="8c84fa94-04c1-424b-9868-57a2d4851a1d" relativeResultsDirectory="8f4e3075-65d1-4883-8210-2a41bbe290e4" />
    <UnitTestResult executionId="f5ee42c1-ebc1-4225-994f-c5e4eb5bb662" testId="414138a9-8673-c320-cf69-82c37e43f9d6" testName="Romulus.Tests.CliOutputWriterCoverageTests.WriteMoveSummary_WithAuditPath_WritesAuditLine" computerName="ASUSTOWER" duration="00:00:00.0014520" startTime="2026-04-23T08:21:10.2163982+02:00" endTime="2026-04-23T08:21:10.2164906+02:00" testType="13cdc9d9-ddb5-4fa4-a97d-d965ccfc6d4b" outcome="Passed" testListId="8c84fa94-04c1-424b-9868-57a2d4851a1d" relativeResultsDirectory="f5ee42c1-ebc1-4225-994f-c5e4eb5bb662" />
    <UnitTestResult executionId="78f0a8ba-26ef-49dd-aefc-2908739a2322" testId="b222da92-9e9f-1d58-a57b-55c039ba41bd" testName="Romulus.Tests.Block3_DiHygieneTests.R6_10_Invariant_RegionTokenMap_Scandinavia_MustMapToEu_ConsistentWithNormalization" computerName="ASUSTOWER" duration="00:00:00.0008914" startTime="2026-04-23T08:18:05.1040815+02:00" endTime="2026-04-23T08:18:05.1045239+02:00" testType="13cdc9d9-ddb5-4fa4-a97d-d965ccfc6d4b" outcome="Passed" testListId="8c84fa94-04c1-424b-9868-57a2d4851a1d" relativeResultsDirectory="78f0a8ba-26ef-49dd-aefc-2908739a2322" />
    <UnitTestResult executionId="574ced63-246c-4cd0-8597-d5e8a4530bf2" testId="1d6cdf71-247c-e528-b4eb-4b2c490edd22" testName="Romulus.Tests.ApiCoverageBoostTests.RateLimiter_EvictStaleBuckets_RemovesExpiredClients" computerName="ASUSTOWER" duration="00:00:00.0058762" startTime="2026-04-23T08:13:24.3512264+02:00" endTime="2026-04-23T08:13:24.3671779+02:00" testType="13cdc9d9-ddb5-4fa4-a97d-d965ccfc6d4b" outcome="Passed" testListId="8c84fa94-04c1-424b-9868-57a2d4851a1d" relativeResultsDirectory="574ced63-246c-4cd0-8597-d5e8a4530bf2" />
    <UnitTestResult executionId="54d31059-fba4-4505-a566-bcd989f18654" testId="7fcf7032-2ac8-9bdd-ca00-440c87b61259" testName="Romulus.Tests.TrackerAllFindingsBatch2RedTests.Th13_Crc32_MustExposeCancellationAwareHashStreamOverload" computerName="ASUSTOWER" duration="00:00:00.0041300" startTime="2026-04-23T08:16:32.1670422+02:00" endTime="2026-04-23T08:16:32.1703146+02:00" testType="13cdc9d9-ddb5-4fa4-a97d-d965ccfc6d4b" outcome="Passed" testListId="8c84fa94-04c1-424b-9868-57a2d4851a1d" relativeResultsDirectory="54d31059-fba4-4505-a566-bcd989f18654" />
    <UnitTestResult executionId="480a65d0-a3d6-4816-859a-519bf391602a" testId="7762e5ea-68da-263e-6327-65a7f3391cfa" testName="Romulus.Tests.CliArgsParserFlagCoverageTests.Parse_Watch_MoveMode_Parsed" computerName="ASUSTOWER" duration="00:00:00.0017414" startTime="2026-04-23T08:16:32.7356207+02:00" endTime="2026-04-23T08:16:32.7360044+02:00" testType="13cdc9d9-ddb5-4fa4-a97d-d965ccfc6d4b" outcome="Passed" testListId="8c84fa94-04c1-424b-9868-57a2d4851a1d" relativeResultsDirectory="480a65d0-a3d6-4816-859a-519bf391602a" />
    <UnitTestResult executionId="b495585b-2993-4708-b462-8b84a32d9aa2" testId="f626d7c6-6905-111f-83cf-3ab8c19f2c51" testName="Romulus.Tests.HygieneCleanupRegressionTests.NewlyAddedCommandKeys_ExistInFeatureCommandKeys(fieldName: &quot;SchedulerApply&quot;)" computerName="ASUSTOWER" duration="00:00:00.0000070" startTime="2026-04-23T08:13:24.6185255+02:00" endTime="2026-04-23T08:13:24.6187265+02:00" testType="13cdc9d9-ddb5-4fa4-a97d-d965ccfc6d4b" outcome="Passed" testListId="8c84fa94-04c1-424b-9868-57a2d4851a1d" relativeResultsDirectory="b495585b-2993-4708-b462-8b84a32d9aa2" />
    <UnitTestResult executionId="d355f329-8216-4028-b4fb-a84423ed8ba8" testId="a68ef471-422e-09bb-bc39-0f42da6f2a16" testName="Romulus.Tests.HygieneCleanupRegressionTests.OperationResult_Ok_UsesStatusConstant" computerName="ASUSTOWER" duration="00:00:00.0001934" startTime="2026-04-23T08:13:24.7439465+02:00" endTime="2026-04-23T08:13:24.7440339+02:00" testType="13cdc9d9-ddb5-4fa4-a97d-d965ccfc6d4b" outcome="Passed" testListId="8c84fa94-04c1-424b-9868-57a2d4851a1d" relativeResultsDirectory="d355f329-8216-4028-b4fb-a84423ed8ba8" />
    <UnitTestResult executionId="64373e2b-cbf1-4f4e-8b09-f1ae10332a78" testId="80757a70-dd0d-8f22-1840-999c7e5ef6b1" testName="Romulus.Tests.SetMemberRootContainmentSecurityTests.MoveConvertedSourceToTrash_EmptyConvertedPath_SourceNotMoved" computerName="ASUSTOWER" duration="00:00:00.0021520" startTime="2026-04-23T08:18:04.3109486+02:00" endTime="2026-04-23T08:18:04.3119640+02:00" testType="13cdc9d9-ddb5-4fa4-a97d-d965ccfc6d4b" outcome="Passed" testListId="8c84fa94-04c1-424b-9868-57a2d4851a1d" relativeResultsDirectory="64373e2b-cbf1-4f4e-8b09-f1ae10332a78" />
    <UnitTestResult executionId="664f7a4d-037a-4f5b-b230-c0e5fa70f33c" testId="aefae823-0ce3-76ae-ae81-f9f6bfe74c21" testName="Romulus.Tests.P1SecurityHardeningTests.SEC02_MoveDirectorySafely_Default_SameSourceDest_Throws" computerName="ASUSTOWER" duration="00:00:00.0053273" startTime="2026-04-23T08:13:24.4398634+02:00" endTime="2026-04-23T08:13:24.4447580+02:00" testType="13cdc9d9-ddb5-4fa4-a97d-d965ccfc6d4b" outcome="Passed" testListId="8c84fa94-04c1-424b-9868-57a2d4851a1d" relativeResultsDirectory="664f7a4d-037a-4f5b-b230-c0e5fa70f33c" />
    <UnitTestResult executionId="9cfc8664-e982-4f67-b599-83e847a3b6b2" testId="d2a5c63a-3457-7dd0-7d77-bb2f4597c868" testName="Romulus.Tests.Block56_StructuralDebtHygieneTests.TASK026_FeatureCommandService_PartialsCoverAllDomains" computerName="ASUSTOWER" duration="00:00:00.0009475" startTime="2026-04-23T08:22:40.1533165+02:00" endTime="2026-04-23T08:22:40.1541227+02:00" testType="13cdc9d9-ddb5-4fa4-a97d-d965ccfc6d4b" outcome="Passed" testListId="8c84fa94-04c1-424b-9868-57a2d4851a1d" relativeResultsDirectory="9cfc8664-e982-4f67-b599-83e847a3b6b2" />
    <UnitTestResult executionId="fb929cf5-9fe0-4434-97d6-0421ba372968" testId="c2374775-2511-20b3-303d-42bb3a0df96c" testName="Romulus.Tests.Issue9InvariantRegressionRedPhaseTests.Should_KeepPreviewExecuteParity_When_DryRunVsMove_Issue9_INV05_P04" computerName="ASUSTOWER" duration="00:00:00.1436919" startTime="2026-04-23T08:22:40.3050982+02:00" endTime="2026-04-23T08:22:40.4487363+02:00" testType="13cdc9d9-ddb5-4fa4-a97d-d965ccfc6d4b" outcome="Passed" testListId="8c84fa94-04c1-424b-9868-57a2d4851a1d" relativeResultsDirectory="fb929cf5-9fe0-4434-97d6-0421ba372968" />
    <UnitTestResult executionId="f208b4a3-6d7d-4c46-920d-ed36595f2f44" testId="1fc2a09e-5448-2064-a113-8ef3e4b78443" testName="Romulus.Tests.RunOrchestratorTests.Execute_MoveMode_WritesRollbackRootMetadata_ToAuditSidecar" computerName="ASUSTOWER" duration="00:00:00.0791246" startTime="2026-04-23T08:22:41.4751180+02:00" endTime="2026-04-23T08:22:41.5540644+02:00" testType="13cdc9d9-ddb5-4fa4-a97d-d965ccfc6d4b" outcome="Passed" testListId="8c84fa94-04c1-424b-9868-57a2d4851a1d" relativeResultsDirectory="f208b4a3-6d7d-4c46-920d-ed36595f2f44" />
    <UnitTestResult executionId="737b444e-3394-4014-b302-86096b3b2688" testId="719cbe44-1f08-9c38-8acb-58aa5bc96c5a" testName="Romulus.Tests.Wave6DataRobustnessRegressionTests.DB013_DatIndex_WhenHashEntryChangesName_RemovesOldNameIndexEntry" computerName="ASUSTOWER" duration="00:00:00.0028325" startTime="2026-04-23T08:16:32.1710207+02:00" endTime="2026-04-23T08:16:32.1739098+02:00" testType="13cdc9d9-ddb5-4fa4-a97d-d965ccfc6d4b" outcome="Passed" testListId="8c84fa94-04c1-424b-9868-57a2d4851a1d" relativeResultsDirectory="737b444e-3394-4014-b302-86096b3b2688" />
    <UnitTestResult executionId="7f386b19-0b3a-4dd1-8c92-6a785fac61c3" testId="a2dfdb35-d90a-fbe8-86d0-eb4d3d1f52f5" testName="Romulus.Tests.HygieneCleanupRegressionTests.NewlyAddedCommandKeys_ExistInFeatureCommandKeys(fieldName: &quot;ProfileShare&quot;)" computerName="ASUSTOWER" duration="00:00:00.0002094" startTime="2026-04-23T08:13:24.6176615+02:00" endTime="2026-04-23T08:13:24.6178408+02:00" testType="13cdc9d9-ddb5-4fa4-a97d-d965ccfc6d4b" outcome="Passed" testListId="8c84fa94-04c1-424b-9868-57a2d4851a1d" relativeResultsDirectory="7f386b19-0b3a-4dd1-8c92-6a785fac61c3" />
    <UnitTestResult executionId="db6732a9-95ec-43e6-915f-cea3361100c5" testId="adc9ccb0-06e0-b8e4-85b0-ddb907fc05ac" testName="Romulus.Tests.Phase5CEntryPointParityTests.TASK163_PhasePlanBuilder_DryRun_With_Both_EmitsOnlyMoveOnlyWarning" computerName="ASUSTOWER" duration="00:00:00.0002948" startTime="2026-04-23T08:22:40.5902117+02:00" endTime="2026-04-23T08:22:40.5902918+02:00" testType="13cdc9d9-ddb5-4fa4-a97d-d965ccfc6d4b" outcome="Passed" testListId="8c84fa94-04c1-424b-9868-57a2d4851a1d" relativeResultsDirectory="db6732a9-95ec-43e6-915f-cea3361100c5" />
    <UnitTestResult executionId="ccfe11a4-c48e-411a-adec-ccadb7d062e1" testId="acd941e2-0c83-b187-4609-3478703622d2" testName="Romulus.Tests.CoreHeartbeatInvariantTests.Execute_MoveWithFailures_LoserCountMustReflectPlannedLosers" computerName="ASUSTOWER" duration="00:00:00.0578046" startTime="2026-04-23T08:16:32.4509864+02:00" endTime="2026-04-23T08:16:32.5072965+02:00" testType="13cdc9d9-ddb5-4fa4-a97d-d965ccfc6d4b" outcome="Passed" testListId="8c84fa94-04c1-424b-9868-57a2d4851a1d" relativeResultsDirectory="ccfe11a4-c48e-411a-adec-ccadb7d062e1" />
    <UnitTestResult executionId="d2433995-c4bc-4762-85af-b722d7baf216" testId="af8f118f-a38b-0ad3-831d-c0cd81325d5c" testName="Romulus.Tests.HygieneCleanupRegressionTests.RunOptions_And_RunResult_DefaultToConstants(_: &quot;RunOptions.cs&quot;)" computerName="ASUSTOWER" duration="00:00:00.0003264" startTime="2026-04-23T08:13:24.6649343+02:00" endTime="2026-04-23T08:13:24.6650613+02:00" testType="13cdc9d9-ddb5-4fa4-a97d-d965ccfc6d4b" outcome="Passed" testListId="8c84fa94-04c1-424b-9868-57a2d4851a1d" relativeResultsDirectory="d2433995-c4bc-4762-85af-b722d7baf216" />
    <UnitTestResult executionId="0bd9f07d-97ce-4255-83dd-1718d219127c" testId="87c68856-0a04-fe03-5580-7c1be9dc1665" testName="Romulus.Tests.DatRenamePipelinePhaseIssue9RedTests.Execute_ShouldRenameAndAudit_WhenModeIsMove_Issue9" computerName="ASUSTOWER" duration="00:00:00.0059005" startTime="2026-04-23T08:13:24.6142940+02:00" endTime="2026-04-23T08:13:24.6169867+02:00" testType="13cdc9d9-ddb5-4fa4-a97d-d965ccfc6d4b" outcome="Passed" testListId="8c84fa94-04c1-424b-9868-57a2d4851a1d" relativeResultsDirectory="0bd9f07d-97ce-4255-83dd-1718d219127c" />
    <UnitTestResult executionId="30dd8806-2624-43ce-a05a-4fd649f9b99a" testId="f60fdb21-e668-a112-35d8-85e8bfe0aa50" testName="Romulus.Tests.GuiViewModelTests.RemoveConsoleSelectionCommand_DeselectsItem" computerName="ASUSTOWER" duration="00:00:00.0052088" startTime="2026-04-23T08:18:05.1675011+02:00" endTime="2026-04-23T08:18:05.1722505+02:00" testType="13cdc9d9-ddb5-4fa4-a97d-d965ccfc6d4b" outcome="Passed" testListId="8c84fa94-04c1-424b-9868-57a2d4851a1d" relativeResultsDirectory="30dd8806-2624-43ce-a05a-4fd649f9b99a" />
    <UnitTestResult executionId="7c122b65-0cc9-4d25-a94d-52426b72e4ad" testId="e65b18b0-5358-6dfd-f1f1-d5b613df691f" testName="Romulus.Tests.TddRedPhaseHardcoreTests.Orchestrator_PreviewVsMove_MustHaveSameDedupeDecisions" computerName="ASUSTOWER" duration="00:00:00.0730650" startTime="2026-04-23T08:18:04.8863046+02:00" endTime="2026-04-23T08:18:04.9592164+02:00" testType="13cdc9d9-ddb5-4fa4-a97d-d965ccfc6d4b" outcome="Passed" testListId="8c84fa94-04c1-424b-9868-57a2d4851a1d" relativeResultsDirectory="7c122b65-0cc9-4d25-a94d-52426b72e4ad" />
    <UnitTestResult executionId="50e865e5-5c77-45c4-b862-7c8b067d7d7d" testId="8825aff6-6bb9-6674-cb1d-b62f8bbe3fa4" testName="Romulus.Tests.HygieneCleanupRegressionTests.RemovedWrapperService_MustNotExistInWpfAssembly(typeName: &quot;WorkflowService&quot;)" computerName="ASUSTOWER" duration="00:00:00.0000240" startTime="2026-04-23T08:13:24.6595954+02:00" endTime="2026-04-23T08:13:24.6597298+02:00" testType="13cdc9d9-ddb5-4fa4-a97d-d965ccfc6d4b" outcome="Passed" testListId="8c84fa94-04c1-424b-9868-57a2d4851a1d" relativeResultsDirectory="50e865e5-5c77-45c4-b862-7c8b067d7d7d" />
    <UnitTestResult executionId="4c4c03f5-6cb6-4a73-ae7e-43974675632a" testId="11d656ba-5093-6f6b-a6f8-aeda4ad2699d" testName="Romulus.Tests.RunOptionsBuilderCoverageTests.Normalize_MoveMode_NormalizedToCanonical" computerName="ASUSTOWER" duration="00:00:00.0001076" startTime="2026-04-23T08:22:40.5613113+02:00" endTime="2026-04-23T08:22:40.5613787+02:00" testType="13cdc9d9-ddb5-4fa4-a97d-d965ccfc6d4b" outcome="Passed" testListId="8c84fa94-04c1-424b-9868-57a2d4851a1d" relativeResultsDirectory="4c4c03f5-6cb6-4a73-ae7e-43974675632a" />
    <UnitTestResult executionId="cfc86764-7171-4136-af86-237826be14c6" testId="96824c6e-b671-4e97-7814-9cc8de3ecd26" testName="Romulus.Tests.CliProgramTests.ParseArgs_RemoveJunk_SetsFlag(flag: &quot;-removejunk&quot;)" computerName="ASUSTOWER" duration="00:00:00.0008613" startTime="2026-04-23T08:18:04.9965045+02:00" endTime="2026-04-23T08:18:04.9967153+02:00" testType="13cdc9d9-ddb5-4fa4-a97d-d965ccfc6d4b" outcome="Passed" testListId="8c84fa94-04c1-424b-9868-57a2d4851a1d" relativeResultsDirectory="cfc86764-7171-4136-af86-237826be14c6" />
    <UnitTestResult executionId="da945c08-4202-454d-8dee-4076243a7b76" testId="4f734ab5-2e0b-cd72-fdbd-6be1af20efcd" testName="Romulus.Tests.RunOrchestratorHelperTests.ResolveRunOutcome_MoveResultFailed_ReturnsCompletedWithErrors" computerName="ASUSTOWER" duration="00:00:00.0056195" startTime="2026-04-23T08:16:32.4434657+02:00" endTime="2026-04-23T08:16:32.4487339+02:00" testType="13cdc9d9-ddb5-4fa4-a97d-d965ccfc6d4b" outcome="Passed" testListId="8c84fa94-04c1-424b-9868-57a2d4851a1d" relativeResultsDirectory="da945c08-4202-454d-8dee-4076243a7b76" />
    <UnitTestResult executionId="09672f89-3b47-4339-b923-433186fcaab4" testId="505ffcc8-6a1b-fdd7-bd8d-60012fd1c5ff" testName="Romulus.Tests.SortAndDashboardCoverageTests.Sort_GdiSet_MovesAllTracksAtomically" computerName="ASUSTOWER" duration="00:00:00.0140964" startTime="2026-04-23T08:16:32.6815552+02:00" endTime="2026-04-23T08:16:32.6941011+02:00" testType="13cdc9d9-ddb5-4fa4-a97d-d965ccfc6d4b" outcome="Passed" testListId="8c84fa94-04c1-424b-9868-57a2d4851a1d" relativeResultsDirectory="09672f89-3b47-4339-b923-433186fcaab4" />
    <UnitTestResult executionId="39b3856f-fdbf-4dbd-807e-0d064640caa1" testId="e79378d1-2b26-e4bd-41ea-9ed17d18ee7d" testName="Romulus.Tests.AvaloniaPhaseBWorkflowTests.StartViewModel_AddAndRemoveRoots_UpdatesCollection" computerName="ASUSTOWER" duration="00:00:00.0074336" startTime="2026-04-23T08:16:32.6117812+02:00" endTime="2026-04-23T08:16:32.6187059+02:00" testType="13cdc9d9-ddb5-4fa4-a97d-d965ccfc6d4b" outcome="Passed" testListId="8c84fa94-04c1-424b-9868-57a2d4851a1d" relativeResultsDirectory="39b3856f-fdbf-4dbd-807e-0d064640caa1" />
    <UnitTestResult executionId="02ecb0fb-f899-4339-beb6-0757a84e6a15" testId="84b85a1a-d1e3-1056-0b5b-2cef850b7ed8" testName="Romulus.Tests.AuditFindingsRegressionTests.FP3_04_MoveItemSafely_BlocksNtfsAds_InDestination" computerName="ASUSTOWER" duration="00:00:00.0017336" startTime="2026-04-23T08:22:40.1514445+02:00" endTime="2026-04-23T08:22:40.1530731+02:00" testType="13cdc9d9-ddb5-4fa4-a97d-d965ccfc6d4b" outcome="Passed" testListId="8c84fa94-04c1-424b-9868-57a2d4851a1d" relativeResultsDirectory="02ecb0fb-f899-4339-beb6-0757a84e6a15" />
    <UnitTestResult executionId="33676689-16b1-4b02-8ab9-e0b25fe91f44" testId="dce7e23a-a2d4-b8ab-96c1-5493b5592378" testName="Romulus.Tests.CliProgramTests.ParseArgs_RemoveJunk_SetsFlag(flag: &quot;--removejunk&quot;)" computerName="ASUSTOWER" duration="00:00:00.0008436" startTime="2026-04-23T08:18:04.9970036+02:00" endTime="2026-04-23T08:18:04.9971563+02:00" testType="13cdc9d9-ddb5-4fa4-a97d-d965ccfc6d4b" outcome="Passed" testListId="8c84fa94-04c1-424b-9868-57a2d4851a1d" relativeResultsDirectory="33676689-16b1-4b02-8ab9-e0b25fe91f44" />
    <UnitTestResult executionId="e357b489-ce0e-4e96-9e8d-e1421b4b5f73" testId="1eee5bcb-e04f-9be5-3fa6-cd0cc08c9001" testName="Romulus.Tests.Block3_DiHygieneTests.R6_10_RegionOrdered_ScanEntry_MustExist_WithScandinaviaPattern" computerName="ASUSTOWER" duration="00:00:00.0018259" startTime="2026-04-23T08:18:05.1048440+02:00" endTime="2026-04-23T08:18:05.1064347+02:00" testType="13cdc9d9-ddb5-4fa4-a97d-d965ccfc6d4b" outcome="Passed" testListId="8c84fa94-04c1-424b-9868-57a2d4851a1d" relativeResultsDirectory="e357b489-ce0e-4e96-9e8d-e1421b4b5f73" />
    <UnitTestResult executionId="019ca7b1-a469-4908-8d0b-8cda17116a7a" testId="8f8982db-2382-5dbf-f50d-5a5232cc5d6b" testName="Romulus.Tests.SafetyIoSecurityPhase1Tests.TASK147_MovePipelinePhase_Records_Failure" computerName="ASUSTOWER" duration="00:00:00.0024630" startTime="2026-04-23T08:13:24.5350288+02:00" endTime="2026-04-23T08:13:24.5370158+02:00" testType="13cdc9d9-ddb5-4fa4-a97d-d965ccfc6d4b" outcome="Passed" testListId="8c84fa94-04c1-424b-9868-57a2d4851a1d" relativeResultsDirectory="019ca7b1-a469-4908-8d0b-8cda17116a7a" />
    <UnitTestResult executionId="317138b4-711b-4aff-8e05-fb7fcb2b70ed" testId="c899de68-0576-e4d5-771a-a2928ee5c689" testName="Romulus.Tests.SortAndDashboardCoverageTests.Sort_MdsSet_MovesMdfAtomically" computerName="ASUSTOWER" duration="00:00:00.0048724" startTime="2026-04-23T08:16:32.6677516+02:00" endTime="2026-04-23T08:16:32.6721639+02:00" testType="13cdc9d9-ddb5-4fa4-a97d-d965ccfc6d4b" outcome="Passed" testListId="8c84fa94-04c1-424b-9868-57a2d4851a1d" relativeResultsDirectory="317138b4-711b-4aff-8e05-fb7fcb2b70ed" />
    <UnitTestResult executionId="58cb2a30-39f5-4591-a853-0280df0af1ac" testId="a98f6697-54a7-a87f-1962-250e3f263b7a" testName="Romulus.Tests.FileSystemAdapterEdgeCaseTests.MoveDirectorySafely_Collision_AddsDupSuffix" computerName="ASUSTOWER" duration="00:00:00.0031374" startTime="2026-04-23T08:22:41.6626078+02:00" endTime="2026-04-23T08:22:41.6656029+02:00" testType="13cdc9d9-ddb5-4fa4-a97d-d965ccfc6d4b" outcome="Passed" testListId="8c84fa94-04c1-424b-9868-57a2d4851a1d" relativeResultsDirectory="58cb2a30-39f5-4591-a853-0280df0af1ac" />
    <UnitTestResult executionId="24a3281b-3f29-4d87-bc37-da15b3264cd3" testId="b5c75957-564b-7ac4-9f1f-d54c6ddd0946" testName="Romulus.Tests.CollectionMergeServiceTests.ApplyAsync_MoveToTarget_RemovesSourceAndUpdatesIndex" computerName="ASUSTOWER" duration="00:00:00.0066643" startTime="2026-04-23T08:21:10.2023493+02:00" endTime="2026-04-23T08:21:10.2088317+02:00" testType="13cdc9d9-ddb5-4fa4-a97d-d965ccfc6d4b" outcome="Passed" testListId="8c84fa94-04c1-424b-9868-57a2d4851a1d" relativeResultsDirectory="24a3281b-3f29-4d87-bc37-da15b3264cd3" />
    <UnitTestResult executionId="cf4e83cd-93fd-4f3b-b1dc-237f2267dd1a" testId="fee66cbe-9b4a-50be-1791-3f3c3aabd94a" testName="Romulus.Tests.ConsoleSorterTests.Sort_BlockedJunk_MovesToTrashJunkConsoleSubdir" computerName="ASUSTOWER" duration="00:00:00.0069973" startTime="2026-04-23T08:13:24.8258263+02:00" endTime="2026-04-23T08:13:24.8326363+02:00" testType="13cdc9d9-ddb5-4fa4-a97d-d965ccfc6d4b" outcome="Passed" testListId="8c84fa94-04c1-424b-9868-57a2d4851a1d" relativeResultsDirectory="cf4e83cd-93fd-4f3b-b1dc-237f2267dd1a" />
    <UnitTestResult executionId="61dd77f6-afe0-42cd-a7c8-c836919ad942" testId="061a65c3-9f2e-bf3e-95c4-679da1a847f9" testName="Romulus.Tests.HygieneCleanupRegressionTests.OperationResult_Error_UsesStatusConstant" computerName="ASUSTOWER" duration="00:00:00.0001135" startTime="2026-04-23T08:13:24.6909469+02:00" endTime="2026-04-23T08:13:24.6910735+02:00" testType="13cdc9d9-ddb5-4fa4-a97d-d965ccfc6d4b" outcome="Passed" testListId="8c84fa94-04c1-424b-9868-57a2d4851a1d" relativeResultsDirectory="61dd77f6-afe0-42cd-a7c8-c836919ad942" />
    <UnitTestResult executionId="522a77aa-9840-4916-9dfc-aa7ff0fe65ee" testId="8949ba73-f457-1dee-3343-47bfb3339fa9" testName="Romulus.Tests.FeatureCommandServiceTests.RemovedToolKeys_MustNotExistInFeatureCommands(removedKey: &quot;EmulatorCompat&quot;)" computerName="ASUSTOWER" duration="00:00:00.0043245" startTime="2026-04-23T08:21:09.9890708+02:00" endTime="2026-04-23T08:21:09.9932972+02:00" testType="13cdc9d9-ddb5-4fa4-a97d-d965ccfc6d4b" outcome="Passed" testListId="8c84fa94-04c1-424b-9868-57a2d4851a1d" relativeResultsDirectory="522a77aa-9840-4916-9dfc-aa7ff0fe65ee" />
    <UnitTestResult executionId="46262385-ba10-493b-9110-050282724a32" testId="8f5651f8-aa79-e21e-03ea-675fe479bc33" testName="Romulus.Tests.ContractsCoverageBoostTests.MoveItemSafely_EmptyAllowedRoot_Throws" computerName="ASUSTOWER" duration="00:00:00.0023110" startTime="2026-04-23T08:18:05.0151790+02:00" endTime="2026-04-23T08:18:05.0164759+02:00" testType="13cdc9d9-ddb5-4fa4-a97d-d965ccfc6d4b" outcome="Passed" testListId="8c84fa94-04c1-424b-9868-57a2d4851a1d" relativeResultsDirectory="46262385-ba10-493b-9110-050282724a32" />
    <UnitTestResult executionId="febcd74f-53ba-4f7c-9cc7-335f80ce7414" testId="5e23bd4e-4c5e-37dc-84a9-28971cf713dd" testName="Romulus.Tests.HygieneCleanupRegressionTests.RemovedAdditiveAreaViewModel_MustNotExistInWpfAssembly(typeName: &quot;SystemViewModel&quot;)" computerName="ASUSTOWER" duration="00:00:00.0000074" startTime="2026-04-23T08:13:24.6509966+02:00" endTime="2026-04-23T08:13:24.6511390+02:00" testType="13cdc9d9-ddb5-4fa4-a97d-d965ccfc6d4b" outcome="Passed" testListId="8c84fa94-04c1-424b-9868-57a2d4851a1d" relativeResultsDirectory="febcd74f-53ba-4f7c-9cc7-335f80ce7414" />
    <UnitTestResult executionId="c28b7ffc-4421-4973-b3ff-03502dc04c21" testId="efb12dae-84f8-f418-ba8d-f82a46e12795" testName="Romulus.Tests.Phase6QualityAssuranceTests.PhasePlanBuilder_MoveMode_NoOptionalFeatures_DedupeJunkMove" computerName="ASUSTOWER" duration="00:00:00.0031086" startTime="2026-04-23T08:13:24.4461598+02:00" endTime="2026-04-23T08:13:24.4490852+02:00" testType="13cdc9d9-ddb5-4fa4-a97d-d965ccfc6d4b" outcome="Passed" testListId="8c84fa94-04c1-424b-9868-57a2d4851a1d" relativeResultsDirectory="c28b7ffc-4421-4973-b3ff-03502dc04c21" />
    <UnitTestResult executionId="2f24b62e-d396-4e18-83cc-413754fe5378" testId="84bada59-3c7d-824a-b1fe-435e13c94483" testName="Romulus.Tests.FileSystemAdapterEdgeCaseTests.MoveDirectorySafely_TraversalInDest_Throws" computerName="ASUSTOWER" duration="00:00:00.0014294" startTime="2026-04-23T08:22:41.6611024+02:00" endTime="2026-04-23T08:22:41.6624030+02:00" testType="13cdc9d9-ddb5-4fa4-a97d-d965ccfc6d4b" outcome="Passed" testListId="8c84fa94-04c1-424b-9868-57a2d4851a1d" relativeResultsDirectory="2f24b62e-d396-4e18-83cc-413754fe5378" />
    <UnitTestResult executionId="ba0d2575-ca2a-4149-8c4c-d054f3baee3e" testId="722fda62-07f8-136b-80f9-cb20d95c6f96" testName="Romulus.Tests.Phase6QualityAssuranceTests.ConsoleSorter_UnknownConsole_NotMoved" computerName="ASUSTOWER" duration="00:00:00.0028127" startTime="2026-04-23T08:13:24.5053854+02:00" endTime="2026-04-23T08:13:24.5054172+02:00" testType="13cdc9d9-ddb5-4fa4-a97d-d965ccfc6d4b" outcome="Passed" testListId="8c84fa94-04c1-424b-9868-57a2d4851a1d" relativeResultsDirectory="ba0d2575-ca2a-4149-8c4c-d054f3baee3e" />
    <UnitTestResult executionId="66f15670-8e04-445b-8f88-6d4a4d726425" testId="ae67f6d6-813c-8aa6-9103-1cd895c16349" testName="Romulus.Tests.CliProgramTests.ParseArgs_NoRemoveJunk_ClearsFlag(flag: &quot;-no-removejunk&quot;)" computerName="ASUSTOWER" duration="00:00:00.0023129" startTime="2026-04-23T08:18:04.9895901+02:00" endTime="2026-04-23T08:18:04.9918248+02:00" testType="13cdc9d9-ddb5-4fa4-a97d-d965ccfc6d4b" outcome="Passed" testListId="8c84fa94-04c1-424b-9868-57a2d4851a1d" relativeResultsDirectory="66f15670-8e04-445b-8f88-6d4a4d726425" />
    <UnitTestResult executionId="da59d25e-63e9-4296-8a5c-1a2625e1e761" testId="fd876f61-200b-7270-133a-48d9493f6675" testName="Romulus.Tests.TrackerAllFindingsBatch3RedTests.Sort02_M3uPlaylist_MustBeRewrittenAfterAtomicSetMove" computerName="ASUSTOWER" duration="00:00:00.0625695" startTime="2026-04-23T08:13:24.3822439+02:00" endTime="2026-04-23T08:13:24.4370887+02:00" testType="13cdc9d9-ddb5-4fa4-a97d-d965ccfc6d4b" outcome="Passed" testListId="8c84fa94-04c1-424b-9868-57a2d4851a1d" relativeResultsDirectory="da59d25e-63e9-4296-8a5c-1a2625e1e761" />
    <UnitTestResult executionId="fa9f07c2-e160-47d6-aff3-4a8beeef4165" testId="205355c3-aaac-fc25-a84c-1ec78d528c96" testName="Romulus.Tests.HygieneCleanupRegressionTests.RemovedAdditiveAreaViewModel_MustNotExistInWpfAssembly(typeName: &quot;LibraryViewModel&quot;)" computerName="ASUSTOWER" duration="00:00:00.0001984" startTime="2026-04-23T08:13:24.6463768+02:00" endTime="2026-04-23T08:13:24.6465215+02:00" testType="13cdc9d9-ddb5-4fa4-a97d-d965ccfc6d4b" outcome="Passed" testListId="8c84fa94-04c1-424b-9868-57a2d4851a1d" relativeResultsDirectory="fa9f07c2-e160-47d6-aff3-4a8beeef4165" />
    <UnitTestResult executionId="ba012958-d041-426c-a97d-a376c2775fd8" testId="49858785-3398-d7f4-3d0e-0d10ad0acb71" testName="Romulus.Tests.HygieneCleanupRegressionTests.RemovedWrapperService_MustNotExistInWpfAssembly(typeName: &quot;CollectionService&quot;)" computerName="ASUSTOWER" duration="00:00:00.0000141" startTime="2026-04-23T08:13:24.6639177+02:00" endTime="2026-04-23T08:13:24.6640509+02:00" testType="13cdc9d9-ddb5-4fa4-a97d-d965ccfc6d4b" outcome="Passed" testListId="8c84fa94-04c1-424b-9868-57a2d4851a1d" relativeResultsDirectory="ba012958-d041-426c-a97d-a376c2775fd8" />
    <UnitTestResult executionId="ddccee23-4b22-4055-ad2e-37d61f5ff2e9" testId="6573bed0-e347-3477-c823-d312b03f3ca4" testName="Romulus.Tests.FeatureCommandServiceTests.RemovedToolKeys_MustNotExistInFeatureCommands(removedKey: &quot;ParallelHashing&quot;)" computerName="ASUSTOWER" duration="00:00:00.0035160" startTime="2026-04-23T08:21:09.9079507+02:00" endTime="2026-04-23T08:21:09.9114044+02:00" testType="13cdc9d9-ddb5-4fa4-a97d-d965ccfc6d4b" outcome="Passed" testListId="8c84fa94-04c1-424b-9868-57a2d4851a1d" relativeResultsDirectory="ddccee23-4b22-4055-ad2e-37d61f5ff2e9" />
    <UnitTestResult executionId="72a249ac-73a3-414e-9bb8-bcfaee14695b" testId="cb1b99b0-4f7d-49ed-77b0-9dc41cc4ef00" testName="Romulus.Tests.ConsoleSorterTests.Sort_BlockedGame_NotMoved" computerName="ASUSTOWER" duration="00:00:00.0061749" startTime="2026-04-23T08:13:24.8329207+02:00" endTime="2026-04-23T08:13:24.8389714+02:00" testType="13cdc9d9-ddb5-4fa4-a97d-d965ccfc6d4b" outcome="Passed" testListId="8c84fa94-04c1-424b-9868-57a2d4851a1d" relativeResultsDirectory="72a249ac-73a3-414e-9bb8-bcfaee14695b" />
    <UnitTestResult executionId="acefee90-3c6e-470d-a5d4-90631d7d1650" testId="4d6cffbd-c930-5afd-4926-9973cd6220be" testName="Romulus.Tests.MovePhaseAuditInvariantTests.MovePhase_ConflictPolicyOverwrite_ForwardsOverwriteFlag" computerName="ASUSTOWER" duration="00:00:00.0075092" startTime="2026-04-23T08:22:40.5033792+02:00" endTime="2026-04-23T08:22:40.5107939+02:00" testType="13cdc9d9-ddb5-4fa4-a97d-d965ccfc6d4b" outcome="Passed" testListId="8c84fa94-04c1-424b-9868-57a2d4851a1d" relativeResultsDirectory="acefee90-3c6e-470d-a5d4-90631d7d1650" />
    <UnitTestResult executionId="3da334de-afb9-49e6-b691-14f6fd9f5bea" testId="977fef1c-7270-cb0f-eba0-05fb5bd49c1a" testName="Romulus.Tests.Phase5AuditRefactorTests.RemoveCopierHeader_UsesTempFileThenRename" computerName="ASUSTOWER" duration="00:00:00.0170686" startTime="2026-04-23T08:18:05.0256747+02:00" endTime="2026-04-23T08:18:05.0426366+02:00" testType="13cdc9d9-ddb5-4fa4-a97d-d965ccfc6d4b" outcome="Passed" testListId="8c84fa94-04c1-424b-9868-57a2d4851a1d" relativeResultsDirectory="3da334de-afb9-49e6-b691-14f6fd9f5bea" />
    <UnitTestResult executionId="1b50055b-3a4c-47e0-826a-88913147d9ab" testId="92110139-a921-4f1a-d74a-bb209694fb00" testName="Romulus.Tests.FeatureCommandServiceTests.RemovedToolKeys_MustNotExistInFeatureCommands(removedKey: &quot;CoverScraper&quot;)" computerName="ASUSTOWER" duration="00:00:00.0036644" startTime="2026-04-23T08:21:09.8342393+02:00" endTime="2026-04-23T08:21:09.8378058+02:00" testType="13cdc9d9-ddb5-4fa4-a97d-d965ccfc6d4b" outcome="Passed" testListId="8c84fa94-04c1-424b-9868-57a2d4851a1d" relativeResultsDirectory="1b50055b-3a4c-47e0-826a-88913147d9ab" />
    <UnitTestResult executionId="8f976f8d-445c-49bd-a915-b996d541fd6c" testId="b5560f19-9563-28aa-605c-22aa14a2b4fe" testName="Romulus.Tests.GameKeyNormalizerCoverageTests.RemoveMsDosMetadataTags_DiscParen_Preserved" computerName="ASUSTOWER" duration="00:00:00.0001432" startTime="2026-04-23T08:16:32.1787161+02:00" endTime="2026-04-23T08:16:32.1789649+02:00" testType="13cdc9d9-ddb5-4fa4-a97d-d965ccfc6d4b" outcome="Passed" testListId="8c84fa94-04c1-424b-9868-57a2d4851a1d" relativeResultsDirectory="8f976f8d-445c-49bd-a915-b996d541fd6c" />
    <UnitTestResult executionId="9ba727f0-143f-43d4-8c85-382e26dbf04f" testId="721c967e-77b8-6ba2-27bd-c5e8acf04da9" testName="Romulus.Tests.DatCatalogStateServiceTests.MergeCatalogs_RemovedIsCaseInsensitive" computerName="ASUSTOWER" duration="00:00:00.0017844" startTime="2026-04-23T08:22:40.1907368+02:00" endTime="2026-04-23T08:22:40.1924856+02:00" testType="13cdc9d9-ddb5-4fa4-a97d-d965ccfc6d4b" outcome="Passed" testListId="8c84fa94-04c1-424b-9868-57a2d4851a1d" relativeResultsDirectory="9ba727f0-143f-43d4-8c85-382e26dbf04f" />
    <UnitTestResult executionId="8943e7bf-5f3a-45df-88a7-e2bdfbc78fdf" testId="24123ba7-0b2c-c176-9662-5cf8634879e5" testName="Romulus.Tests.GameKeyNormalizerCoverageTests.RemoveMsDosMetadataTags_TrailingNonDiscParen_Stripped" computerName="ASUSTOWER" duration="00:00:00.0001724" startTime="2026-04-23T08:16:32.1857896+02:00" endTime="2026-04-23T08:16:32.1859818+02:00" testType="13cdc9d9-ddb5-4fa4-a97d-d965ccfc6d4b" outcome="Passed" testListId="8c84fa94-04c1-424b-9868-57a2d4851a1d" relativeResultsDirectory="8943e7bf-5f3a-45df-88a7-e2bdfbc78fdf" />
    <UnitTestResult executionId="fcbb96ac-548f-4ee6-8b52-a24f1825b933" testId="4d0dba3a-853f-f01e-3277-e3d7c64c6659" testName="Romulus.Tests.FileSystemAdapterTests.MoveDirectorySafely_ReparsePointInDestinationAncestry_IsBlocked" computerName="ASUSTOWER" duration="00:00:00.0078244" startTime="2026-04-23T08:18:04.3408354+02:00" endTime="2026-04-23T08:18:04.3484402+02:00" testType="13cdc9d9-ddb5-4fa4-a97d-d965ccfc6d4b" outcome="Passed" testListId="8c84fa94-04c1-424b-9868-57a2d4851a1d" relativeResultsDirectory="fcbb96ac-548f-4ee6-8b52-a24f1825b933" />
    <UnitTestResult executionId="472b703a-4c5c-4b2b-b963-ece94bb40e20" testId="19910811-8c90-3f95-e910-1a7702abb05a" testName="Romulus.Tests.FileSystemAdapterTests.MoveItemSafely_SamePath_Throws" computerName="ASUSTOWER" duration="00:00:00.0019926" startTime="2026-04-23T08:18:04.3519306+02:00" endTime="2026-04-23T08:18:04.3527543+02:00" testType="13cdc9d9-ddb5-4fa4-a97d-d965ccfc6d4b" outcome="Passed" testListId="8c84fa94-04c1-424b-9868-57a2d4851a1d" relativeResultsDirectory="472b703a-4c5c-4b2b-b963-ece94bb40e20" />
    <UnitTestResult executionId="da1d04f6-acc0-4f10-9a5e-2c5d8c42d09a" testId="4e5ebf49-5c42-ebb9-f3f7-3e7a3dcf1372" testName="Romulus.Tests.MainViewModelCoverageTests.MoveRegionUp_FirstItem_NoOp" computerName="ASUSTOWER" duration="00:00:00.0049253" startTime="2026-04-23T08:16:32.3649973+02:00" endTime="2026-04-23T08:16:32.3693915+02:00" testType="13cdc9d9-ddb5-4fa4-a97d-d965ccfc6d4b" outcome="Passed" testListId="8c84fa94-04c1-424b-9868-57a2d4851a1d" relativeResultsDirectory="da1d04f6-acc0-4f10-9a5e-2c5d8c42d09a" />
    <UnitTestResult executionId="97326b36-cf55-4067-8951-b39f8624080b" testId="dae50d8d-6704-8e7d-f82e-a4c46555f785" testName="Romulus.Tests.CoreHeartbeatInvariantTests.Execute_JunkAndDedupeMovesAreSeparate" computerName="ASUSTOWER" duration="00:00:00.1032691" startTime="2026-04-23T08:16:32.5092446+02:00" endTime="2026-04-23T08:16:32.6108518+02:00" testType="13cdc9d9-ddb5-4fa4-a97d-d965ccfc6d4b" outcome="Passed" testListId="8c84fa94-04c1-424b-9868-57a2d4851a1d" relativeResultsDirectory="97326b36-cf55-4067-8951-b39f8624080b" />
    <UnitTestResult executionId="a5592a3e-34bf-4b4a-9339-063752208aea" testId="625c591e-85cc-f479-7f30-e3f38745eebb" testName="Romulus.Tests.SafetyIoSecurityPhase1Tests.TASK008_MoveItemSafely_Returns_Null_On_LockedFile" computerName="ASUSTOWER" duration="00:00:00.0020078" startTime="2026-04-23T08:13:24.5374081+02:00" endTime="2026-04-23T08:13:24.5391433+02:00" testType="13cdc9d9-ddb5-4fa4-a97d-d965ccfc6d4b" outcome="Passed" testListId="8c84fa94-04c1-424b-9868-57a2d4851a1d" relativeResultsDirectory="a5592a3e-34bf-4b4a-9339-063752208aea" />
    <UnitTestResult executionId="4f1177a4-f4e2-4f2e-a439-bf20eb4fa8c0" testId="211fe9c2-1804-8552-f5f6-c56d3554b8d1" testName="Romulus.Tests.GuiViewModelTests.DryRun_VMStateTransitions_MovePhaseFollowsDryRun" computerName="ASUSTOWER" duration="00:00:00.0037417" startTime="2026-04-23T08:18:05.2769829+02:00" endTime="2026-04-23T08:18:05.2805112+02:00" testType="13cdc9d9-ddb5-4fa4-a97d-d965ccfc6d4b" outcome="Passed" testListId="8c84fa94-04c1-424b-9868-57a2d4851a1d" relativeResultsDirectory="4f1177a4-f4e2-4f2e-a439-bf20eb4fa8c0" />
    <UnitTestResult executionId="124ecf2a-d12f-45c3-b284-c7d44b55e891" testId="f82a29c5-2805-146f-ed13-b74599a3a72e" testName="Romulus.Tests.HygieneCleanupRegressionTests.DatAuditViewModel_MustNotUseStaticDialogService" computerName="ASUSTOWER" duration="00:00:00.0006588" startTime="2026-04-23T08:13:24.6582403+02:00" endTime="2026-04-23T08:13:24.6584060+02:00" testType="13cdc9d9-ddb5-4fa4-a97d-d965ccfc6d4b" outcome="Passed" testListId="8c84fa94-04c1-424b-9868-57a2d4851a1d" relativeResultsDirectory="124ecf2a-d12f-45c3-b284-c7d44b55e891" />
    <UnitTestResult executionId="d34c00c4-9fe4-4650-9cde-bc7df54e6ee5" testId="3375f847-ecd1-a102-5717-c53bba80db85" testName="Romulus.Tests.DatCatalogStateServiceTests.MergeCatalogs_RemovedBuiltinExcluded" computerName="ASUSTOWER" duration="00:00:00.0017777" startTime="2026-04-23T08:22:40.1831391+02:00" endTime="2026-04-23T08:22:40.1847783+02:00" testType="13cdc9d9-ddb5-4fa4-a97d-d965ccfc6d4b" outcome="Passed" testListId="8c84fa94-04c1-424b-9868-57a2d4851a1d" relativeResultsDirectory="d34c00c4-9fe4-4650-9cde-bc7df54e6ee5" />
    <UnitTestResult executionId="486b556d-060a-4493-8614-e7f0b302bbcc" testId="7dafb4b3-b504-cbb4-7995-e14868815993" testName="Romulus.Tests.AuditCategoryBFixTests.B01_MoveItemSafely_WithAllowedRoot_VerifiesPostMoveContainment" computerName="ASUSTOWER" duration="00:00:00.0029682" startTime="2026-04-23T08:22:41.6514625+02:00" endTime="2026-04-23T08:22:41.6535236+02:00" testType="13cdc9d9-ddb5-4fa4-a97d-d965ccfc6d4b" outcome="Passed" testListId="8c84fa94-04c1-424b-9868-57a2d4851a1d" relativeResultsDirectory="486b556d-060a-4493-8614-e7f0b302bbcc" />
    <UnitTestResult executionId="90575b9a-474b-4f8f-adef-2e46d2722bdd" testId="5ef7f501-ba98-97f5-4997-1ba0d77aef20" testName="Romulus.Tests.MovePhaseAuditInvariantTests.Move_SetMembers_AreCountedInSavedBytes" computerName="ASUSTOWER" duration="00:00:00.0084519" startTime="2026-04-23T08:22:40.4837277+02:00" endTime="2026-04-23T08:22:40.4920721+02:00" testType="13cdc9d9-ddb5-4fa4-a97d-d965ccfc6d4b" outcome="Passed" testListId="8c84fa94-04c1-424b-9868-57a2d4851a1d" relativeResultsDirectory="90575b9a-474b-4f8f-adef-2e46d2722bdd" />
    <UnitTestResult executionId="ac385145-a674-455d-9b31-d87f062c8bad" testId="3ef84055-6f07-adbd-ab47-3fbdf74e24ed" testName="Romulus.Tests.FileSystemAllowedRootTests.MoveItemSafely_WithAllowedRootInsideDestination_MovesFile" computerName="ASUSTOWER" duration="00:00:00.0025372" startTime="2026-04-23T08:13:24.5506975+02:00" endTime="2026-04-23T08:13:24.5527215+02:00" testType="13cdc9d9-ddb5-4fa4-a97d-d965ccfc6d4b" outcome="Passed" testListId="8c84fa94-04c1-424b-9868-57a2d4851a1d" relativeResultsDirectory="ac385145-a674-455d-9b31-d87f062c8bad" />
    <UnitTestResult executionId="2abcdc68-5ffc-44dd-a5e8-7ae51473cd33" testId="1fd0e1ab-866c-ec72-a780-9b488e35a11a" testName="Romulus.Tests.FeatureServiceTests.CleanupOldBackups_RemovesOldDirectories" computerName="ASUSTOWER" duration="00:00:00.0040510" startTime="2026-04-23T08:22:41.6361722+02:00" endTime="2026-04-23T08:22:41.6400578+02:00" testType="13cdc9d9-ddb5-4fa4-a97d-d965ccfc6d4b" outcome="Passed" testListId="8c84fa94-04c1-424b-9868-57a2d4851a1d" relativeResultsDirectory="2abcdc68-5ffc-44dd-a5e8-7ae51473cd33" />
    <UnitTestResult executionId="ffc7324c-c0e3-49d6-94aa-eac793a26649" testId="7e300e16-4687-49f0-dd1f-adf1488f93c6" testName="Romulus.Tests.DatCatalogStateServiceTests.SaveAndLoad_PreservesUserEntriesAndRemovedIds" computerName="ASUSTOWER" duration="00:00:00.0111042" startTime="2026-04-23T08:22:40.1720379+02:00" endTime="2026-04-23T08:22:40.1829539+02:00" testType="13cdc9d9-ddb5-4fa4-a97d-d965ccfc6d4b" outcome="Passed" testListId="8c84fa94-04c1-424b-9868-57a2d4851a1d" relativeResultsDirectory="ffc7324c-c0e3-49d6-94aa-eac793a26649" />
    <UnitTestResult executionId="9c5d812e-83e4-4a64-a424-5aebebf76a6c" testId="d695ff10-2d85-9d35-a9ff-1fe8334fbc96" testName="Romulus.Tests.FeatureCommandServiceTests.RemovedToolKeys_MustNotExistInFeatureCommands(removedKey: &quot;CollectionDiff&quot;)" computerName="ASUSTOWER" duration="00:00:00.0033512" startTime="2026-04-23T08:21:09.9598145+02:00" endTime="2026-04-23T08:21:09.9629315+02:00" testType="13cdc9d9-ddb5-4fa4-a97d-d965ccfc6d4b" outcome="Passed" testListId="8c84fa94-04c1-424b-9868-57a2d4851a1d" relativeResultsDirectory="9c5d812e-83e4-4a64-a424-5aebebf76a6c" />
    <UnitTestResult executionId="8dfa215f-8b64-443d-ae00-717ce9179131" testId="9b8be89d-9fe9-70b8-e604-07b9853307cb" testName="Romulus.Tests.Phase5CEntryPointParityTests.TASK163_Move_With_SortConsole_NoWarning" computerName="ASUSTOWER" duration="00:00:00.0002069" startTime="2026-04-23T08:22:40.5890159+02:00" endTime="2026-04-23T08:22:40.5891614+02:00" testType="13cdc9d9-ddb5-4fa4-a97d-d965ccfc6d4b" outcome="Passed" testListId="8c84fa94-04c1-424b-9868-57a2d4851a1d" relativeResultsDirectory="8dfa215f-8b64-443d-ae00-717ce9179131" />
    <UnitTestResult executionId="b6cb4770-32e3-4407-87fa-773ab73d7eae" testId="13b92cb7-4651-d4c2-6ec2-a1d24de447dc" testName="Romulus.Tests.GuiViewModelTests.IsMovePhaseApplicable_TrueWhenNotDryRunAndNotConvertOnly" computerName="ASUSTOWER" duration="00:00:00.0034206" startTime="2026-04-23T08:18:05.2807771+02:00" endTime="2026-04-23T08:18:05.2840486+02:00" testType="13cdc9d9-ddb5-4fa4-a97d-d965ccfc6d4b" outcome="Passed" testListId="8c84fa94-04c1-424b-9868-57a2d4851a1d" relativeResultsDirectory="b6cb4770-32e3-4407-87fa-773ab73d7eae" />
    <UnitTestResult executionId="f432d741-fafe-471d-83c7-87bf0e95ed56" testId="d1933e8d-51dc-50c9-5f6b-930da461f781" testName="Romulus.Tests.ContractsCoverageBoostTests.MoveDirectorySafely_Default_TraversalInDest_Throws" computerName="ASUSTOWER" duration="00:00:00.0008360" startTime="2026-04-23T08:18:05.0024254+02:00" endTime="2026-04-23T08:18:05.0029352+02:00" testType="13cdc9d9-ddb5-4fa4-a97d-d965ccfc6d4b" outcome="Passed" testListId="8c84fa94-04c1-424b-9868-57a2d4851a1d" relativeResultsDirectory="f432d741-fafe-471d-83c7-87bf0e95ed56" />
    <UnitTestResult executionId="d4a0ccc6-8892-437b-97f7-787c74294b6a" testId="4f96c4ff-bd4a-b77d-85fc-873696c91db3" testName="Romulus.Tests.HygieneCleanupRegressionTests.RunConstants_ModeMove_IsCorrectValue" computerName="ASUSTOWER" duration="00:00:00.0000624" startTime="2026-04-23T08:13:24.6901431+02:00" endTime="2026-04-23T08:13:24.6902514+02:00" testType="13cdc9d9-ddb5-4fa4-a97d-d965ccfc6d4b" outcome="Passed" testListId="8c84fa94-04c1-424b-9868-57a2d4851a1d" relativeResultsDirectory="d4a0ccc6-8892-437b-97f7-787c74294b6a" />
    <UnitTestResult executionId="ebf6dba3-03aa-4378-87a7-5f3bd338aa0b" testId="77167be2-80da-3d3e-8244-4b6ef45ba133" testName="Romulus.Tests.Block56_StructuralDebtHygieneTests.TASK024_RunViewModel_HandlesDashboardDomain" computerName="ASUSTOWER" duration="00:00:00.0001855" startTime="2026-04-23T08:22:40.1543241+02:00" endTime="2026-04-23T08:22:40.1543897+02:00" testType="13cdc9d9-ddb5-4fa4-a97d-d965ccfc6d4b" outcome="Passed" testListId="8c84fa94-04c1-424b-9868-57a2d4851a1d" relativeResultsDirectory="ebf6dba3-03aa-4378-87a7-5f3bd338aa0b" />
    <UnitTestResult executionId="7be509d3-3330-4bca-a466-f38810b3681d" testId="55a56d6b-6811-5845-3ce2-24d5efd11cb7" testName="Romulus.Tests.ConsoleSorterTests.Sort_CueSet_AtomicMoveWithMembers" computerName="ASUSTOWER" duration="00:00:00.0113864" startTime="2026-04-23T08:13:24.8103076+02:00" endTime="2026-04-23T08:13:24.8202425+02:00" testType="13cdc9d9-ddb5-4fa4-a97d-d965ccfc6d4b" outcome="Passed" testListId="8c84fa94-04c1-424b-9868-57a2d4851a1d" relativeResultsDirectory="7be509d3-3330-4bca-a466-f38810b3681d" />
    <UnitTestResult executionId="9b46474b-50d4-4049-a719-399819e5eeeb" testId="8ec04875-58e3-c490-2598-22f9e3815ed0" testName="Romulus.Tests.Phase2RecognitionQualityTests.ConsoleSorter_Sort_Decision_MovesToConsoleSubdir" computerName="ASUSTOWER" duration="00:00:00.0048361" startTime="2026-04-23T08:16:32.4008266+02:00" endTime="2026-04-23T08:16:32.4039299+02:00" testType="13cdc9d9-ddb5-4fa4-a97d-d965ccfc6d4b" outcome="Passed" testListId="8c84fa94-04c1-424b-9868-57a2d4851a1d" relativeResultsDirectory="9b46474b-50d4-4049-a719-399819e5eeeb" />
    <UnitTestResult executionId="d6acfae1-6902-4a58-8c9e-a802e6e1233a" testId="04095f55-23a7-b72c-3abb-81981b1c801d" testName="Romulus.Tests.HygieneCleanupRegressionTests.MainWindow_MustNotUseStaticDialogServiceForCloseConfirmation" computerName="ASUSTOWER" duration="00:00:00.0004122" startTime="2026-04-23T08:13:24.7375752+02:00" endTime="2026-04-23T08:13:24.7377134+02:00" testType="13cdc9d9-ddb5-4fa4-a97d-d965ccfc6d4b" outcome="Passed" testListId="8c84fa94-04c1-424b-9868-57a2d4851a1d" relativeResultsDirectory="d6acfae1-6902-4a58-8c9e-a802e6e1233a" />
    <UnitTestResult executionId="38b6f893-f830-4347-b520-22b164a5750d" testId="6b61c28b-55a5-32de-a8e6-3f2be77def6d" testName="Romulus.Tests.MovePhaseAuditInvariantTests.Move_SetMemberFailure_IncrementsFailCount" computerName="ASUSTOWER" duration="00:00:00.0088366" startTime="2026-04-23T08:22:40.4945655+02:00" endTime="2026-04-23T08:22:40.5031914+02:00" testType="13cdc9d9-ddb5-4fa4-a97d-d965ccfc6d4b" outcome="Passed" testListId="8c84fa94-04c1-424b-9868-57a2d4851a1d" relativeResultsDirectory="38b6f893-f830-4347-b520-22b164a5750d" />
    <UnitTestResult executionId="f6e12097-29c9-4bfc-9446-d0b73155bea8" testId="05cede62-9f8b-9be1-0a2f-8a3487e50661" testName="Romulus.Tests.CliOutputWriterCoverageTests.WriteMoveSummary_WithReportPath_WritesReportLine" computerName="ASUSTOWER" duration="00:00:00.0001383" startTime="2026-04-23T08:21:10.2171290+02:00" endTime="2026-04-23T08:21:10.2171899+02:00" testType="13cdc9d9-ddb5-4fa4-a97d-d965ccfc6d4b" outcome="Passed" testListId="8c84fa94-04c1-424b-9868-57a2d4851a1d" relativeResultsDirectory="f6e12097-29c9-4bfc-9446-d0b73155bea8" />
    <UnitTestResult executionId="e0352b74-b08e-42b7-9938-deb67bb75f66" testId="0d646b13-305d-fe8f-32d8-360d7238fda6" testName="Romulus.Tests.FeatureCommandServiceTests.RemovedToolKeys_MustNotExistInFeatureCommands(removedKey: &quot;CollectionSharing&quot;)" computerName="ASUSTOWER" duration="00:00:00.0372096" startTime="2026-04-23T08:21:09.9192153+02:00" endTime="2026-04-23T08:21:09.9563182+02:00" testType="13cdc9d9-ddb5-4fa4-a97d-d965ccfc6d4b" outcome="Passed" testListId="8c84fa94-04c1-424b-9868-57a2d4851a1d" relativeResultsDirectory="e0352b74-b08e-42b7-9938-deb67bb75f66" />
    <UnitTestResult executionId="20e15e91-7fa9-4e77-a0bb-42cb34d6d338" testId="f6bbc3c2-74ec-3a89-d1d4-0d95af27586a" testName="Romulus.Tests.AuditCategoryBFixTests.B01_MoveItemSafely_WithAllowedRoot_RejectsDestOutsideRoot" computerName="ASUSTOWER" duration="00:00:00.0031175" startTime="2026-04-23T08:22:41.6474838+02:00" endTime="2026-04-23T08:22:41.6505075+02:00" testType="13cdc9d9-ddb5-4fa4-a97d-d965ccfc6d4b" outcome="Passed" testListId="8c84fa94-04c1-424b-9868-57a2d4851a1d" relativeResultsDirectory="20e15e91-7fa9-4e77-a0bb-42cb34d6d338" />
    <UnitTestResult executionId="8c7db2a1-2988-4dac-94ea-26c3210b8e99" testId="cd61c9ff-ea6f-4b69-3b18-6a51756c5918" testName="Romulus.Tests.Phase5BPipelineInvariantTests.PhasePlanBuilder_DryRunMode_ExcludesMoveAndConvert_ButKeepsConsoleSortForParity" computerName="ASUSTOWER" duration="00:00:00.0010008" startTime="2026-04-23T08:16:32.7136372+02:00" endTime="2026-04-23T08:16:32.7141114+02:00" testType="13cdc9d9-ddb5-4fa4-a97d-d965ccfc6d4b" outcome="Passed" testListId="8c84fa94-04c1-424b-9868-57a2d4851a1d" relativeResultsDirectory="8c7db2a1-2988-4dac-94ea-26c3210b8e99" />
    <UnitTestResult executionId="3c9aa664-8a72-407c-8338-d54bfb8fdc4b" testId="a358442f-6d98-ffeb-f2a3-c62e53254931" testName="Romulus.Tests.HygieneCleanupRegressionTests.Formatting_FormatSize_ReturnsExpectedOutput(bytes: 1048576, expected: &quot;1.00 MB&quot;)" computerName="ASUSTOWER" duration="00:00:00.0000013" startTime="2026-04-23T08:13:24.6841711+02:00" endTime="2026-04-23T08:13:24.6843215+02:00" testType="13cdc9d9-ddb5-4fa4-a97d-d965ccfc6d4b" outcome="Passed" testListId="8c84fa94-04c1-424b-9868-57a2d4851a1d" relativeResultsDirectory="3c9aa664-8a72-407c-8338-d54bfb8fdc4b" />
    <UnitTestResult executionId="b5e255d9-0484-4777-8bd0-c2e041ec782d" testId="0bc0888c-8877-7590-a432-1f88a7e4c74f" testName="Romulus.Tests.MoveReviewGateTests.Gate_BlocksMove_WhenOnlyReviewCountPositive_AndUserDeclines" computerName="ASUSTOWER" duration="00:00:00.0006960" startTime="2026-04-23T08:22:40.5591846+02:00" endTime="2026-04-23T08:22:40.5592967+02:00" testType="13cdc9d9-ddb5-4fa4-a97d-d965ccfc6d4b" outcome="Passed" testListId="8c84fa94-04c1-424b-9868-57a2d4851a1d" relativeResultsDirectory="b5e255d9-0484-4777-8bd0-c2e041ec782d" />
    <UnitTestResult executionId="b51e4f50-4e21-4367-a569-bb952e2570a6" testId="9b855849-dd42-b930-9a5b-9ad695575bbf" testName="Romulus.Tests.ApiIntegrationTests.Runs_MoveMode_MovesLosersToTrash" computerName="ASUSTOWER" duration="00:01:31.9436884" startTime="2026-04-23T08:19:37.7855526+02:00" endTime="2026-04-23T08:21:09.7298169+02:00" testType="13cdc9d9-ddb5-4fa4-a97d-d965ccfc6d4b" outcome="Passed" testListId="8c84fa94-04c1-424b-9868-57a2d4851a1d" relativeResultsDirectory="b51e4f50-4e21-4367-a569-bb952e2570a6" />
    <UnitTestResult executionId="0b2c243a-e908-4b0f-838b-bd85cc0e158e" testId="05c2f145-e6ca-c394-5fde-7b6cb4847a80" testName="Romulus.Tests.FolderDeduplicatorMoveTests.IsPs3MultidiscFolder_MatchesExpected" computerName="ASUSTOWER" duration="00:00:00.0039592" startTime="2026-04-23T08:22:40.2205702+02:00" endTime="2026-04-23T08:22:40.2243503+02:00" testType="13cdc9d9-ddb5-4fa4-a97d-d965ccfc6d4b" outcome="Passed" testListId="8c84fa94-04c1-424b-9868-57a2d4851a1d" relativeResultsDirectory="0b2c243a-e908-4b0f-838b-bd85cc0e158e" />
    <UnitTestResult executionId="5dd0336f-f24e-4efd-b8ed-4f3c7a277af5" testId="fd65472e-f9a8-099a-35ff-1f6df26ebb5b" testName="Romulus.Tests.QuarantineServiceTests.Execute_Move_SourceMissing" computerName="ASUSTOWER" duration="00:00:00.0016251" startTime="2026-04-23T08:22:40.4595832+02:00" endTime="2026-04-23T08:22:40.4603019+02:00" testType="13cdc9d9-ddb5-4fa4-a97d-d965ccfc6d4b" outcome="Passed" testListId="8c84fa94-04c1-424b-9868-57a2d4851a1d" relativeResultsDirectory="5dd0336f-f24e-4efd-b8ed-4f3c7a277af5" />
    <UnitTestResult executionId="f07363a4-b1da-4936-a680-05052389f2be" testId="9c1c73ab-4e10-b9b2-89e6-24351cec67d4" testName="Romulus.Tests.ZipSorterTests.SortPS1PS2_PS1Exts_MovesToPS1" computerName="ASUSTOWER" duration="00:00:00.0086347" startTime="2026-04-23T08:21:09.7963457+02:00" endTime="2026-04-23T08:21:09.8049201+02:00" testType="13cdc9d9-ddb5-4fa4-a97d-d965ccfc6d4b" outcome="Passed" testListId="8c84fa94-04c1-424b-9868-57a2d4851a1d" relativeResultsDirectory="f07363a4-b1da-4936-a680-05052389f2be" />
    <UnitTestResult executionId="6ee17611-0785-4e11-a622-210b52571a14" testId="8c2f4b35-a309-38a7-7456-5d4242c8f42c" testName="Romulus.Tests.MoveReviewGateTests.Gate_PassesThrough_WhenBlockedCountPositive_AndUserConfirmsDanger" computerName="ASUSTOWER" duration="00:00:00.0001724" startTime="2026-04-23T08:22:40.5606653+02:00" endTime="2026-04-23T08:22:40.5607652+02:00" testType="13cdc9d9-ddb5-4fa4-a97d-d965ccfc6d4b" outcome="Passed" testListId="8c84fa94-04c1-424b-9868-57a2d4851a1d" relativeResultsDirectory="6ee17611-0785-4e11-a622-210b52571a14" />
    <UnitTestResult executionId="db47c092-9f11-4521-92e7-fd9277662577" testId="220d0a6d-c72b-8939-1a1c-185405b14298" testName="Romulus.Tests.Wave7TestGapRegressionTests.F009_DryRunAndMove_KeepParity_ForCoreSummaryAndSelections" computerName="ASUSTOWER" duration="00:00:00.1272811" startTime="2026-04-23T08:18:04.4654765+02:00" endTime="2026-04-23T08:18:04.5928120+02:00" testType="13cdc9d9-ddb5-4fa4-a97d-d965ccfc6d4b" outcome="Passed" testListId="8c84fa94-04c1-424b-9868-57a2d4851a1d" relativeResultsDirectory="db47c092-9f11-4521-92e7-fd9277662577" />
    <UnitTestResult executionId="d7708100-4fda-464d-8af5-eda1ba90b242" testId="c438bb79-0f98-04fe-7073-826242700d75" testName="Romulus.Tests.SafetyIoRecoveryTests.AuditCsvStore_Rollback_ReverseOrder_LastMovesFirst" computerName="ASUSTOWER" duration="00:00:00.0663857" startTime="2026-04-23T08:18:04.3863709+02:00" endTime="2026-04-23T08:18:04.4526140+02:00" testType="13cdc9d9-ddb5-4fa4-a97d-d965ccfc6d4b" outcome="Passed" testListId="8c84fa94-04c1-424b-9868-57a2d4851a1d" relativeResultsDirectory="d7708100-4fda-464d-8af5-eda1ba90b242" />
    <UnitTestResult executionId="d0ea2859-b5ed-47b6-806a-cb1c396e5388" testId="acb16aa5-c070-e250-7e56-510614b69258" testName="Romulus.Tests.PipelinePhaseIsolationTests.MovePhase_ProducesExpectedCounts_AndAuditRows" computerName="ASUSTOWER" duration="00:00:00.0130186" startTime="2026-04-23T08:13:24.5828222+02:00" endTime="2026-04-23T08:13:24.5955459+02:00" testType="13cdc9d9-ddb5-4fa4-a97d-d965ccfc6d4b" outcome="Passed" testListId="8c84fa94-04c1-424b-9868-57a2d4851a1d" relativeResultsDirectory="d0ea2859-b5ed-47b6-806a-cb1c396e5388" />
    <UnitTestResult executionId="8f6b032b-ec30-4644-b73c-5c56faf7c8e6" testId="df0052f7-6c75-86dd-4916-4f07ccd10801" testName="Romulus.Tests.MainViewModelCoverageTests.IsMovePhaseApplicable_WhenDryRun_False" computerName="ASUSTOWER" duration="00:00:00.0064998" startTime="2026-04-23T08:16:32.3084041+02:00" endTime="2026-04-23T08:16:32.3141618+02:00" testType="13cdc9d9-ddb5-4fa4-a97d-d965ccfc6d4b" outcome="Passed" testListId="8c84fa94-04c1-424b-9868-57a2d4851a1d" relativeResultsDirectory="8f6b032b-ec30-4644-b73c-5c56faf7c8e6" />
    <UnitTestResult executionId="0768a9d5-a881-45e4-9c82-b0b7a2fd8087" testId="d1fc4424-4f3c-4b30-9023-e7214889dcbb" testName="Romulus.Tests.FileSystemAdapterEdgeCaseTests.MoveItemSafely_AdsInDest_Throws" computerName="ASUSTOWER" duration="00:00:00.0025865" startTime="2026-04-23T08:22:41.6537880+02:00" endTime="2026-04-23T08:22:41.6562948+02:00" testType="13cdc9d9-ddb5-4fa4-a97d-d965ccfc6d4b" outcome="Passed" testListId="8c84fa94-04c1-424b-9868-57a2d4851a1d" relativeResultsDirectory="0768a9d5-a881-45e4-9c82-b0b7a2fd8087" />
    <UnitTestResult executionId="9770af65-d9cb-463e-8cd1-c1b2fb21d2c9" testId="692ca9d8-70df-a755-0d88-c3af24182ac7" testName="Romulus.Tests.FileSystemAdapterEdgeCaseTests.MoveItemSafely_EmptyAllowedRoot_Throws(root: &quot;  &quot;)" computerName="ASUSTOWER" duration="00:00:00.0010393" startTime="2026-04-23T08:22:41.6599901+02:00" endTime="2026-04-23T08:22:41.6609256+02:00" testType="13cdc9d9-ddb5-4fa4-a97d-d965ccfc6d4b" outcome="Passed" testListId="8c84fa94-04c1-424b-9868-57a2d4851a1d" relativeResultsDirectory="9770af65-d9cb-463e-8cd1-c1b2fb21d2c9" />
    <UnitTestResult executionId="904158b6-e081-457c-87ca-63ba41575a8d" testId="98bc3719-8098-6017-5b86-053bc5370166" testName="Romulus.Tests.GuiViewModelTests.RunCommand_CanExecute_InMoveModeAfterMatchingPreview" computerName="ASUSTOWER" duration="00:00:00.0037849" startTime="2026-04-23T08:18:05.4078362+02:00" endTime="2026-04-23T08:18:05.4114182+02:00" testType="13cdc9d9-ddb5-4fa4-a97d-d965ccfc6d4b" outcome="Passed" testListId="8c84fa94-04c1-424b-9868-57a2d4851a1d" relativeResultsDirectory="904158b6-e081-457c-87ca-63ba41575a8d" />
    <UnitTestResult executionId="4011e316-eb76-47c8-816c-f3ef4c2f2dd6" testId="78849645-a68e-2c9d-e08e-be783d4de1a7" testName="Romulus.Tests.GuiViewModelTests.MoveRegionTo_RenumbersPositions" computerName="ASUSTOWER" duration="00:00:00.0037044" startTime="2026-04-23T08:18:05.3611157+02:00" endTime="2026-04-23T08:18:05.3646022+02:00" testType="13cdc9d9-ddb5-4fa4-a97d-d965ccfc6d4b" outcome="Passed" testListId="8c84fa94-04c1-424b-9868-57a2d4851a1d" relativeResultsDirectory="4011e316-eb76-47c8-816c-f3ef4c2f2dd6" />
    <UnitTestResult executionId="a2e132f0-0f0e-40e1-b8cf-8543c86421dc" testId="effc3a4c-c7ed-e7d4-6775-ae4bc1cc783c" testName="Romulus.Tests.IdempotencyFingerprintTests.DifferentRemoveJunk_ProducesDifferentFingerprint" computerName="ASUSTOWER" duration="00:00:00.0009390" startTime="2026-04-23T08:21:09.7654096+02:00" endTime="2026-04-23T08:21:09.7661744+02:00" testType="13cdc9d9-ddb5-4fa4-a97d-d965ccfc6d4b" outcome="Passed" testListId="8c84fa94-04c1-424b-9868-57a2d4851a1d" relativeResultsDirectory="a2e132f0-0f0e-40e1-b8cf-8543c86421dc" />
    <UnitTestResult executionId="bc9dae78-8578-4077-ace2-a47dabbef64a" testId="8c666e15-72d0-0766-fd71-36faafea9d36" testName="Romulus.Tests.FeatureCommandServiceTests.I18n_NoRemovedToolKeys_InAnyLocale" computerName="ASUSTOWER" duration="00:00:00.0052488" startTime="2026-04-23T08:21:10.0154757+02:00" endTime="2026-04-23T08:21:10.0206127+02:00" testType="13cdc9d9-ddb5-4fa4-a97d-d965ccfc6d4b" outcome="Passed" testListId="8c84fa94-04c1-424b-9868-57a2d4851a1d" relativeResultsDirectory="bc9dae78-8578-4077-ace2-a47dabbef64a" />
    <UnitTestResult executionId="06325ddb-f9d8-45e4-a6b8-c8a65a12a808" testId="10914a37-993d-45f0-9cae-f57821319f65" testName="Romulus.Tests.FreshAuditRound9RedTests.F4_PhaseMetricsCollector_MustNotUseDirectFileMove" computerName="ASUSTOWER" duration="00:00:00.0006154" startTime="2026-04-23T08:22:40.5627476+02:00" endTime="2026-04-23T08:22:40.5628055+02:00" testType="13cdc9d9-ddb5-4fa4-a97d-d965ccfc6d4b" outcome="Passed" testListId="8c84fa94-04c1-424b-9868-57a2d4851a1d" relativeResultsDirectory="06325ddb-f9d8-45e4-a6b8-c8a65a12a808" />
    <UnitTestResult executionId="1f53c9f2-be92-4a12-abbc-13ef513d2061" testId="94534b4f-5c93-63a3-eabb-ffd158d87d27" testName="Romulus.Tests.HygieneCleanupRegressionTests.Formatting_FormatSize_ReturnsExpectedOutput(bytes: 1099511627776, expected: &quot;1.00 TB&quot;)" computerName="ASUSTOWER" duration="00:00:00.0003361" startTime="2026-04-23T08:13:24.6804653+02:00" endTime="2026-04-23T08:13:24.6806712+02:00" testType="13cdc9d9-ddb5-4fa4-a97d-d965ccfc6d4b" outcome="Passed" testListId="8c84fa94-04c1-424b-9868-57a2d4851a1d" relativeResultsDirectory="1f53c9f2-be92-4a12-abbc-13ef513d2061" />
    <UnitTestResult executionId="7aad55f3-fed6-4e3e-8882-351892d9bb26" testId="557f4688-2299-d354-5996-ee6218824cad" testName="Romulus.Tests.SafetyIoSecurityPhase1Tests.TASK001_MoveItemSafely_WithAllowedRoot_Throws_OnTraversal" computerName="ASUSTOWER" duration="00:00:00.0079257" startTime="2026-04-23T08:13:24.5055257+02:00" endTime="2026-04-23T08:13:24.5066174+02:00" testType="13cdc9d9-ddb5-4fa4-a97d-d965ccfc6d4b" outcome="Passed" testListId="8c84fa94-04c1-424b-9868-57a2d4851a1d" relativeResultsDirectory="7aad55f3-fed6-4e3e-8882-351892d9bb26" />
    <UnitTestResult executionId="eb66e39b-9886-49ba-b5b0-7c9a7e575569" testId="23308f60-72f6-d8dd-b579-cf567caf1e7f" testName="Romulus.Tests.ContractsCoverageBoostTests.MoveDirectorySafely_Default_NullSource_ReturnsFalse" computerName="ASUSTOWER" duration="00:00:00.0009682" startTime="2026-04-23T08:18:04.9997126+02:00" endTime="2026-04-23T08:18:05.0004437+02:00" testType="13cdc9d9-ddb5-4fa4-a97d-d965ccfc6d4b" outcome="Passed" testListId="8c84fa94-04c1-424b-9868-57a2d4851a1d" relativeResultsDirectory="eb66e39b-9886-49ba-b5b0-7c9a7e575569" />
    <UnitTestResult executionId="c2d5f75d-6bac-40c5-bf9d-140af823c420" testId="bb100ca3-c4d6-e5ef-7206-e19b0f13e527" testName="Romulus.Tests.HygieneCleanupRegressionTests.RetiredSpecialistToolViews_MustStayRemoved(fileName: &quot;ToolsGameKeyLabView.xaml&quot;)" computerName="ASUSTOWER" duration="00:00:00.0003558" startTime="2026-04-23T08:13:24.6847022+02:00" endTime="2026-04-23T08:13:24.6848531+02:00" testType="13cdc9d9-ddb5-4fa4-a97d-d965ccfc6d4b" outcome="Passed" testListId="8c84fa94-04c1-424b-9868-57a2d4851a1d" relativeResultsDirectory="c2d5f75d-6bac-40c5-bf9d-140af823c420" />
    <UnitTestResult executionId="fcedf11e-252c-4dcc-9fbd-6b23ce2b254f" testId="5eb1a925-b723-1007-a2f5-ea0f500cd38c" testName="Romulus.Tests.SafetyIoSecurityPhase1Tests.TASK001_MoveItemSafely_WithAllowedRoot_Succeeds_WhenDestIsWithinRoot" computerName="ASUSTOWER" duration="00:00:00.0024528" startTime="2026-04-23T08:13:24.5477722+02:00" endTime="2026-04-23T08:13:24.5480488+02:00" testType="13cdc9d9-ddb5-4fa4-a97d-d965ccfc6d4b" outcome="Passed" testListId="8c84fa94-04c1-424b-9868-57a2d4851a1d" relativeResultsDirectory="fcedf11e-252c-4dcc-9fbd-6b23ce2b254f" />
    <UnitTestResult executionId="6f18a494-c4df-40e9-a57e-7d17406d70c3" testId="a28c39a2-eb73-8109-c652-4bb3efd30c96" testName="Romulus.Tests.AuditSigningServiceCoverageBoostTests.Rollback_JunkRemoveAction_DryRun_PlansRestore" computerName="ASUSTOWER" duration="00:00:00.0520599" startTime="2026-04-23T08:18:05.0449961+02:00" endTime="2026-04-23T08:18:05.0968366+02:00" testType="13cdc9d9-ddb5-4fa4-a97d-d965ccfc6d4b" outcome="Passed" testListId="8c84fa94-04c1-424b-9868-57a2d4851a1d" relativeResultsDirectory="6f18a494-c4df-40e9-a57e-7d17406d70c3" />
    <UnitTestResult executionId="bc6943a1-d096-48c0-89de-900e6f560393" testId="50680805-3f3c-cdc7-2a66-6336e0517e21" testName="Romulus.Tests.SafetyIoRecoveryTests.MoveDirectorySafely_SourceNotFound_Throws" computerName="ASUSTOWER" duration="00:00:00.0025425" startTime="2026-04-23T08:18:04.4626377+02:00" endTime="2026-04-23T08:18:04.4650607+02:00" testType="13cdc9d9-ddb5-4fa4-a97d-d965ccfc6d4b" outcome="Passed" testListId="8c84fa94-04c1-424b-9868-57a2d4851a1d" relativeResultsDirectory="bc6943a1-d096-48c0-89de-900e6f560393" />
    <UnitTestResult executionId="63e5c303-23e9-4a94-94ae-aa75f314308d" testId="8a1960ed-ad1b-38f5-5c32-1be5eb5100e6" testName="Romulus.Tests.Wave4RegressionTests.W4_RunMoveStep_UsesAllGroupsAsMoveInput" computerName="ASUSTOWER" duration="00:00:00.0015921" startTime="2026-04-23T08:22:40.1497627+02:00" endTime="2026-04-23T08:22:40.1512132+02:00" testType="13cdc9d9-ddb5-4fa4-a97d-d965ccfc6d4b" outcome="Passed" testListId="8c84fa94-04c1-424b-9868-57a2d4851a1d" relativeResultsDirectory="63e5c303-23e9-4a94-94ae-aa75f314308d" />
    <UnitTestResult executionId="2fa26c34-cb12-44ac-9442-1c6c122422c2" testId="bfa98453-b476-f788-05c3-1499a25b36a3" testName="Romulus.Tests.HygieneCleanupRegressionTests.RemovedWrapperService_MustNotExistInWpfAssembly(typeName: &quot;IHealthAnalyzer&quot;)" computerName="ASUSTOWER" duration="00:00:00.0000090" startTime="2026-04-23T08:13:24.6608809+02:00" endTime="2026-04-23T08:13:24.6610048+02:00" testType="13cdc9d9-ddb5-4fa4-a97d-d965ccfc6d4b" outcome="Passed" testListId="8c84fa94-04c1-424b-9868-57a2d4851a1d" relativeResultsDirectory="2fa26c34-cb12-44ac-9442-1c6c122422c2" />
    <UnitTestResult executionId="3cbef674-b496-4aed-82fc-2ac3d2f6cd42" testId="97cdb1fe-7733-9460-cc07-f11484fb7513" testName="Romulus.Tests.HygieneCleanupRegressionTests.App_MustOverride_OnExit" computerName="ASUSTOWER" duration="00:00:00.0002651" startTime="2026-04-23T08:13:24.6871829+02:00" endTime="2026-04-23T08:13:24.6872957+02:00" testType="13cdc9d9-ddb5-4fa4-a97d-d965ccfc6d4b" outcome="Passed" testListId="8c84fa94-04c1-424b-9868-57a2d4851a1d" relativeResultsDirectory="3cbef674-b496-4aed-82fc-2ac3d2f6cd42" />
    <UnitTestResult executionId="692903d7-6437-4c61-9b05-16bb1e5b964d" testId="4e1a9b54-b741-1142-5ada-4ddc717ef821" testName="Romulus.Tests.AuditSigningHelperCoverageTests.NormalizeRollbackAction_Move_ReturnsMove" computerName="ASUSTOWER" duration="00:00:00.0000423" startTime="2026-04-23T08:21:10.2151111+02:00" endTime="2026-04-23T08:21:10.2151765+02:00" testType="13cdc9d9-ddb5-4fa4-a97d-d965ccfc6d4b" outcome="Passed" testListId="8c84fa94-04c1-424b-9868-57a2d4851a1d" relativeResultsDirectory="692903d7-6437-4c61-9b05-16bb1e5b964d" />
    <UnitTestResult executionId="1df49bf8-d37b-40f6-b8dd-900be521524c" testId="49b4577b-4ea7-7442-a06a-42ae087f7b0d" testName="Romulus.Tests.PipelinePhaseHelpersCoverageTests.MoveConvertedSourceToTrash_ConvertedFileDoesNotExist_ReturnsNull" computerName="ASUSTOWER" duration="00:00:00.0007126" startTime="2026-04-23T08:21:09.7556289+02:00" endTime="2026-04-23T08:21:09.7561325+02:00" testType="13cdc9d9-ddb5-4fa4-a97d-d965ccfc6d4b" outcome="Passed" testListId="8c84fa94-04c1-424b-9868-57a2d4851a1d" relativeResultsDirectory="1df49bf8-d37b-40f6-b8dd-900be521524c" />
    <UnitTestResult executionId="de0de1ef-6ee2-4671-a23b-54e12fb017ea" testId="8fd010b2-ccb1-6e4b-c172-5f88415f8cc9" testName="Romulus.Tests.FileSystemAdapterEdgeCaseTests.MoveDirectorySafely_EmptyDest_Throws(dst: null)" computerName="ASUSTOWER" duration="00:00:00.0007420" startTime="2026-04-23T08:22:41.6711005+02:00" endTime="2026-04-23T08:22:41.6717515+02:00" testType="13cdc9d9-ddb5-4fa4-a97d-d965ccfc6d4b" outcome="Passed" testListId="8c84fa94-04c1-424b-9868-57a2d4851a1d" relativeResultsDirectory="de0de1ef-6ee2-4671-a23b-54e12fb017ea" />
    <UnitTestResult executionId="3ee7d5ee-15df-453f-9fb8-8141c458c889" testId="6120a63b-3ae8-f563-efd2-6544ee7aee9c" testName="Romulus.Tests.GuiDashboardRedPhaseTests.DryRun_MoveConsequenceIndicatesPreview" computerName="ASUSTOWER" duration="00:00:00.0036905" startTime="2026-04-23T08:22:40.5847320+02:00" endTime="2026-04-23T08:22:40.5882229+02:00" testType="13cdc9d9-ddb5-4fa4-a97d-d965ccfc6d4b" outcome="Passed" testListId="8c84fa94-04c1-424b-9868-57a2d4851a1d" relativeResultsDirectory="3ee7d5ee-15df-453f-9fb8-8141c458c889" />
    <UnitTestResult executionId="fb136cf8-4586-4993-9650-9c01e52a75b8" testId="b94e11a3-e5bd-cba6-e907-5f51a98d5ab2" testName="Romulus.Tests.ConsoleSorterCoverageBoostTests.Sort_BlockedNonJunk_MovesToBlockedSubdir" computerName="ASUSTOWER" duration="00:00:00.0029264" startTime="2026-04-23T08:18:04.0983070+02:00" endTime="2026-04-23T08:18:04.1010110+02:00" testType="13cdc9d9-ddb5-4fa4-a97d-d965ccfc6d4b" outcome="Passed" testListId="8c84fa94-04c1-424b-9868-57a2d4851a1d" relativeResultsDirectory="fb136cf8-4586-4993-9650-9c01e52a75b8" />
    <UnitTestResult executionId="085de0fb-b3d6-4954-9912-63c4edc2976c" testId="7b909038-9927-5f75-0281-32f833b3f328" testName="Romulus.Tests.QuarantineServiceTests.Restore_DryRun_NoMove" computerName="ASUSTOWER" duration="00:00:00.0011803" startTime="2026-04-23T08:22:40.4604850+02:00" endTime="2026-04-23T08:22:40.4615212+02:00" testType="13cdc9d9-ddb5-4fa4-a97d-d965ccfc6d4b" outcome="Passed" testListId="8c84fa94-04c1-424b-9868-57a2d4851a1d" relativeResultsDirectory="085de0fb-b3d6-4954-9912-63c4edc2976c" />
    <UnitTestResult executionId="ad8cb7e5-c777-4e8d-b8bc-1e53202a5cc7" testId="9c5301ae-5a5a-13e7-7590-34da9e4ec49c" testName="Romulus.Tests.FeatureCommandServiceTests.RemovedToolKeys_MustNotExistInToolItems" computerName="ASUSTOWER" duration="00:00:00.0059732" startTime="2026-04-23T08:21:10.0423430+02:00" endTime="2026-04-23T08:21:10.0481053+02:00" testType="13cdc9d9-ddb5-4fa4-a97d-d965ccfc6d4b" outcome="Passed" testListId="8c84fa94-04c1-424b-9868-57a2d4851a1d" relativeResultsDirectory="ad8cb7e5-c777-4e8d-b8bc-1e53202a5cc7" />
    <UnitTestResult executionId="9d1ff4f4-dec7-4c27-bd19-ceb5643c1b9d" testId="d84d910c-0542-daa7-14c8-814ea74de907" testName="Romulus.Tests.FileSystemAdapterTests.MoveItemSafely_NonExistentSource_Throws" computerName="ASUSTOWER" duration="00:00:00.0011028" startTime="2026-04-23T08:18:04.3562087+02:00" endTime="2026-04-23T08:18:04.3571057+02:00" testType="13cdc9d9-ddb5-4fa4-a97d-d965ccfc6d4b" outcome="Passed" testListId="8c84fa94-04c1-424b-9868-57a2d4851a1d" relativeResultsDirectory="9d1ff4f4-dec7-4c27-bd19-ceb5643c1b9d" />
    <UnitTestResult executionId="1030feb5-3457-4844-a25b-8fbbc0dd5999" testId="4ac88b10-644d-d328-a3b0-c7a0994f6e2a" testName="Romulus.Tests.FcsExecutionAndSettingsTests.MainViewModel_Roots_AddRemove" computerName="ASUSTOWER" duration="00:00:00.0104872" startTime="2026-04-23T08:22:40.1612920+02:00" endTime="2026-04-23T08:22:40.1717118+02:00" testType="13cdc9d9-ddb5-4fa4-a97d-d965ccfc6d4b" outcome="Passed" testListId="8c84fa94-04c1-424b-9868-57a2d4851a1d" relativeResultsDirectory="1030feb5-3457-4844-a25b-8fbbc0dd5999" />
    <UnitTestResult executionId="ad1d48e8-5a95-4355-9642-05b622713d87" testId="e9291446-037c-cee0-030b-6e403e3fa6ad" testName="Romulus.Tests.ConsoleSorterTests.Sort_Move_OverwritePolicy_ReplacesExistingTarget" computerName="ASUSTOWER" duration="00:00:00.0060412" startTime="2026-04-23T08:13:24.7465828+02:00" endTime="2026-04-23T08:13:24.7494774+02:00" testType="13cdc9d9-ddb5-4fa4-a97d-d965ccfc6d4b" outcome="Passed" testListId="8c84fa94-04c1-424b-9868-57a2d4851a1d" relativeResultsDirectory="ad1d48e8-5a95-4355-9642-05b622713d87" />
    <UnitTestResult executionId="d42a4b9d-aab8-442b-b20b-26f300635f77" testId="9814b7b0-b65e-aa99-f701-7964a2ccb839" testName="Romulus.Tests.FolderDeduplicatorCoverageTests.DeduplicatePs3_SourceBlockedByPathValidation_NotMoved" computerName="ASUSTOWER" duration="00:00:00.0085462" startTime="2026-04-23T08:18:04.1749968+02:00" endTime="2026-04-23T08:18:04.1831880+02:00" testType="13cdc9d9-ddb5-4fa4-a97d-d965ccfc6d4b" outcome="Passed" testListId="8c84fa94-04c1-424b-9868-57a2d4851a1d" relativeResultsDirectory="d42a4b9d-aab8-442b-b20b-26f300635f77" />
    <UnitTestResult executionId="f4b41efb-4d5d-4e8c-9758-e864cb0a6808" testId="8b8d6740-174d-e954-e1b4-43bf96dcf1ef" testName="Romulus.Tests.FeatureCommandServiceTests.RemovedToolKeys_MustNotExistInFeatureCommands(removedKey: &quot;SplitPanelPreview&quot;)" computerName="ASUSTOWER" duration="00:00:00.0045166" startTime="2026-04-23T08:21:09.8994448+02:00" endTime="2026-04-23T08:21:09.9038841+02:00" testType="13cdc9d9-ddb5-4fa4-a97d-d965ccfc6d4b" outcome="Passed" testListId="8c84fa94-04c1-424b-9868-57a2d4851a1d" relativeResultsDirectory="f4b41efb-4d5d-4e8c-9758-e864cb0a6808" />
    <UnitTestResult executionId="edfd46b1-8ec5-42de-ad19-0ecbb020d045" testId="dc4fc2b0-a706-865f-22b6-616b02448264" testName="Romulus.Tests.HardAuditInvariantTests.R02_CliMoveSidecar_MustContainOrchestratorFields_NotOverwrittenWith6Fields" computerName="ASUSTOWER" duration="00:01:29.7360632" startTime="2026-04-23T08:21:10.3275807+02:00" endTime="2026-04-23T08:22:40.0635028+02:00" testType="13cdc9d9-ddb5-4fa4-a97d-d965ccfc6d4b" outcome="Passed" testListId="8c84fa94-04c1-424b-9868-57a2d4851a1d" relativeResultsDirectory="edfd46b1-8ec5-42de-ad19-0ecbb020d045" />
    <UnitTestResult executionId="7a557d53-5a86-42bf-97c1-257ffcc3a6b9" testId="89348a34-bef0-a620-195f-f7a7b7633a67" testName="Romulus.Tests.GuiViewModelTests.MoveRegionTo_ReordersEnabledItems" computerName="ASUSTOWER" duration="00:00:00.0035662" startTime="2026-04-23T08:18:05.2733704+02:00" endTime="2026-04-23T08:18:05.2767143+02:00" testType="13cdc9d9-ddb5-4fa4-a97d-d965ccfc6d4b" outcome="Passed" testListId="8c84fa94-04c1-424b-9868-57a2d4851a1d" relativeResultsDirectory="7a557d53-5a86-42bf-97c1-257ffcc3a6b9" />
    <UnitTestResult executionId="0c5cc135-234d-4993-b6ca-aaaca1f50809" testId="026d7d9e-4edb-b362-3065-fc311e1f7c37" testName="Romulus.Tests.HeaderSecurityServiceIssue9RedTests.RemoveCopierHeader_ShouldDelegateToPort_Issue9A20" computerName="ASUSTOWER" duration="00:00:00.0003209" startTime="2026-04-23T08:16:32.3941974+02:00" endTime="2026-04-23T08:16:32.3944451+02:00" testType="13cdc9d9-ddb5-4fa4-a97d-d965ccfc6d4b" outcome="Passed" testListId="8c84fa94-04c1-424b-9868-57a2d4851a1d" relativeResultsDirectory="0c5cc135-234d-4993-b6ca-aaaca1f50809" />
    <UnitTestResult executionId="396a27b2-ae6e-42ad-81c6-02b566667e96" testId="5373276c-6618-3d75-09a6-054ed4bb31c8" testName="Romulus.Tests.WpfCoverageBoostTests.CleanupOldBackups_RemovesOldDirectories" computerName="ASUSTOWER" duration="00:00:00.0099291" startTime="2026-04-23T08:18:04.3216401+02:00" endTime="2026-04-23T08:18:04.3313536+02:00" testType="13cdc9d9-ddb5-4fa4-a97d-d965ccfc6d4b" outcome="Passed" testListId="8c84fa94-04c1-424b-9868-57a2d4851a1d" relativeResultsDirectory="396a27b2-ae6e-42ad-81c6-02b566667e96" />
    <UnitTestResult executionId="d0ce11f4-ad73-4a97-8886-64fdc4205d3e" testId="c92dad22-da0f-850e-700b-ba273d520009" testName="Romulus.Tests.CliArgsParserFlagCoverageTests.Parse_RemoveJunk_SetsTrue" computerName="ASUSTOWER" duration="00:00:00.0007561" startTime="2026-04-23T08:16:32.7333207+02:00" endTime="2026-04-23T08:16:32.7336251+02:00" testType="13cdc9d9-ddb5-4fa4-a97d-d965ccfc6d4b" outcome="Passed" testListId="8c84fa94-04c1-424b-9868-57a2d4851a1d" relativeResultsDirectory="d0ce11f4-ad73-4a97-8886-64fdc4205d3e" />
    <UnitTestResult executionId="f40389f7-a25d-48e2-aee1-c8b7063588bd" testId="0a857da4-ced5-9f61-dc19-7fbb47a5a4ca" testName="Romulus.Tests.DatCatalogStateServiceTests.MergeCatalogs_RemovedAndUserCombined" computerName="ASUSTOWER" duration="00:00:00.0057270" startTime="2026-04-23T08:22:40.1849296+02:00" endTime="2026-04-23T08:22:40.1905924+02:00" testType="13cdc9d9-ddb5-4fa4-a97d-d965ccfc6d4b" outcome="Passed" testListId="8c84fa94-04c1-424b-9868-57a2d4851a1d" relativeResultsDirectory="f40389f7-a25d-48e2-aee1-c8b7063588bd" />
    <UnitTestResult executionId="f56b2af2-7050-4cdf-89ac-953e3913b167" testId="bb89b891-129d-7c06-2381-e0077dba8820" testName="Romulus.Tests.HygieneCleanupRegressionTests.RemovedFeatureServiceMethods_MustNotExist(methodName: &quot;BuildFilterReport&quot;)" computerName="ASUSTOWER" duration="00:00:00.0004606" startTime="2026-04-23T08:13:24.6756561+02:00" endTime="2026-04-23T08:13:24.6757819+02:00" testType="13cdc9d9-ddb5-4fa4-a97d-d965ccfc6d4b" outcome="Passed" testListId="8c84fa94-04c1-424b-9868-57a2d4851a1d" relativeResultsDirectory="f56b2af2-7050-4cdf-89ac-953e3913b167" />
    <UnitTestResult executionId="078666f1-facf-4085-9269-4bcf47e04634" testId="fecff4b3-f138-ce16-a828-c8d0a03607a2" testName="Romulus.Tests.HardCoreInvariantRegressionSuiteTests.Rollback_RestoresMovedFiles_Completely" computerName="ASUSTOWER" duration="00:00:00.0650538" startTime="2026-04-23T08:22:41.7648566+02:00" endTime="2026-04-23T08:22:41.8298049+02:00" testType="13cdc9d9-ddb5-4fa4-a97d-d965ccfc6d4b" outcome="Passed" testListId="8c84fa94-04c1-424b-9868-57a2d4851a1d" relativeResultsDirectory="078666f1-facf-4085-9269-4bcf47e04634" />
    <UnitTestResult executionId="21b3ee63-23fd-445f-acbe-c9b15e6cef44" testId="33bbfa2a-540b-7ada-a503-4f38140a6b64" testName="Romulus.Tests.FeatureCommandServiceTests.RemovedToolKeys_MustNotExistInFeatureCommands(removedKey: &quot;FtpSource&quot;)" computerName="ASUSTOWER" duration="00:00:00.0033940" startTime="2026-04-23T08:21:10.0005225+02:00" endTime="2026-04-23T08:21:10.0038419+02:00" testType="13cdc9d9-ddb5-4fa4-a97d-d965ccfc6d4b" outcome="Passed" testListId="8c84fa94-04c1-424b-9868-57a2d4851a1d" relativeResultsDirectory="21b3ee63-23fd-445f-acbe-c9b15e6cef44" />
    <UnitTestResult executionId="531141c4-eb98-472d-8999-25ea6833f499" testId="9210f591-7dd8-b39c-b5c3-47266a5d6bc5" testName="Romulus.Tests.FolderDeduplicatorCoverageTests.DeduplicateByBaseName_MoveReturnsFalse_ErrorAction" computerName="ASUSTOWER" duration="00:00:00.0220695" startTime="2026-04-23T08:18:04.1329503+02:00" endTime="2026-04-23T08:18:04.1548310+02:00" testType="13cdc9d9-ddb5-4fa4-a97d-d965ccfc6d4b" outcome="Passed" testListId="8c84fa94-04c1-424b-9868-57a2d4851a1d" relativeResultsDirectory="531141c4-eb98-472d-8999-25ea6833f499" />
    <UnitTestResult executionId="0de8bc8e-fd83-4da4-8236-98be179dfea1" testId="67afd914-af0a-0b23-3e07-5ec026df5685" testName="Romulus.Tests.MovePhaseAuditInvariantTests.MovePhase_WithoutAuditPath_WritesNoAuditRows" computerName="ASUSTOWER" duration="00:00:00.0023753" startTime="2026-04-23T08:22:40.5109812+02:00" endTime="2026-04-23T08:22:40.5132061+02:00" testType="13cdc9d9-ddb5-4fa4-a97d-d965ccfc6d4b" outcome="Passed" testListId="8c84fa94-04c1-424b-9868-57a2d4851a1d" relativeResultsDirectory="0de8bc8e-fd83-4da4-8236-98be179dfea1" />
    <UnitTestResult executionId="a330c775-f57f-4cbe-906b-cd109fa3339f" testId="eacd50bd-a34d-068a-61ed-ac3eee771690" testName="Romulus.Tests.PreviewExecuteParityTests.DryRunAndMoveMode_KeepUnknownClassificationParity" computerName="ASUSTOWER" duration="00:00:00.0936231" startTime="2026-04-23T08:13:25.1144513+02:00" endTime="2026-04-23T08:13:25.2078444+02:00" testType="13cdc9d9-ddb5-4fa4-a97d-d965ccfc6d4b" outcome="Passed" testListId="8c84fa94-04c1-424b-9868-57a2d4851a1d" relativeResultsDirectory="a330c775-f57f-4cbe-906b-cd109fa3339f" />
    <UnitTestResult executionId="b3a48c5e-104c-4048-b0ee-9342faa2aea4" testId="ffdd8f60-03e6-e631-57f3-ff2e8900f95a" testName="Romulus.Tests.SortAndDashboardCoverageTests.Sort_WithEnrichedReasons_MovesNormally" computerName="ASUSTOWER" duration="00:00:00.0066706" startTime="2026-04-23T08:16:32.6946525+02:00" endTime="2026-04-23T08:16:32.7008365+02:00" testType="13cdc9d9-ddb5-4fa4-a97d-d965ccfc6d4b" outcome="Passed" testListId="8c84fa94-04c1-424b-9868-57a2d4851a1d" relativeResultsDirectory="b3a48c5e-104c-4048-b0ee-9342faa2aea4" />
    <UnitTestResult executionId="e1a64dbb-5e32-4076-9bf3-dea818df2428" testId="544fbe3c-bd15-c4c8-adb6-c22a58d01f8f" testName="Romulus.Tests.HardRegressionInvariantTests.INV_SUM_02_MoveSkipFail_MustEqual_PlannedLosers_MoveMode" computerName="ASUSTOWER" duration="00:00:00.0501111" startTime="2026-04-23T08:18:04.8254356+02:00" endTime="2026-04-23T08:18:04.8754305+02:00" testType="13cdc9d9-ddb5-4fa4-a97d-d965ccfc6d4b" outcome="Passed" testListId="8c84fa94-04c1-424b-9868-57a2d4851a1d" relativeResultsDirectory="e1a64dbb-5e32-4076-9bf3-dea818df2428" />
    <UnitTestResult executionId="5b43b748-53fa-4922-bdc8-e0c2ef148f3f" testId="de6d1e7c-b865-e677-82e4-97664ccdf1c3" testName="Romulus.Tests.HygieneCleanupRegressionTests.OperationResult_Skipped_UsesStatusConstant" computerName="ASUSTOWER" duration="00:00:00.0001622" startTime="2026-04-23T08:13:24.6656854+02:00" endTime="2026-04-23T08:13:24.6657994+02:00" testType="13cdc9d9-ddb5-4fa4-a97d-d965ccfc6d4b" outcome="Passed" testListId="8c84fa94-04c1-424b-9868-57a2d4851a1d" relativeResultsDirectory="5b43b748-53fa-4922-bdc8-e0c2ef148f3f" />
    <UnitTestResult executionId="a9141dc3-0585-4093-8016-c0875bc79bc9" testId="534555e6-42a3-93e6-19a7-e18ff6ee2759" testName="Romulus.Tests.GuiDashboardRedPhaseTests.ConvertOnly_MoveConsequenceExcludesMoveCounts" computerName="ASUSTOWER" duration="00:00:00.0003856" startTime="2026-04-23T08:22:40.5884860+02:00" endTime="2026-04-23T08:22:40.5886470+02:00" testType="13cdc9d9-ddb5-4fa4-a97d-d965ccfc6d4b" outcome="Passed" testListId="8c84fa94-04c1-424b-9868-57a2d4851a1d" relativeResultsDirectory="a9141dc3-0585-4093-8016-c0875bc79bc9" />
    <UnitTestResult executionId="bbdc1255-8556-496a-a5f3-dafad5e38765" testId="d8137496-5627-aeea-bfe0-2b0194727a68" testName="Romulus.Tests.TddRedPhaseHardcoreTests.Move_LoserOutsideAllRoots_MustBeCountedAsFail" computerName="ASUSTOWER" duration="00:00:00.0035497" startTime="2026-04-23T08:18:04.8826771+02:00" endTime="2026-04-23T08:18:04.8859852+02:00" testType="13cdc9d9-ddb5-4fa4-a97d-d965ccfc6d4b" outcome="Passed" testListId="8c84fa94-04c1-424b-9868-57a2d4851a1d" relativeResultsDirectory="bbdc1255-8556-496a-a5f3-dafad5e38765" />
[...]
    <TestEntry testId="3e3a050e-fca3-ff53-975f-659518540f36" executionId="200b9955-5969-4116-91cb-188e7635d953" testListId="8c84fa94-04c1-424b-9868-57a2d4851a1d" />
    <TestEntry testId="dfbb6e4b-492b-b938-7608-9050b5d6a978" executionId="aa41fccc-d373-4c00-ac64-260dd37f916f" testListId="8c84fa94-04c1-424b-9868-57a2d4851a1d" />
    <TestEntry testId="ddf3e5d6-5dcf-aefd-ab39-b72a5b137c75" executionId="65a307ac-bc38-46d8-a81d-5580e744496b" testListId="8c84fa94-04c1-424b-9868-57a2d4851a1d" />
    <TestEntry testId="fb2cc6f0-6b8c-8dcf-dd79-c3584fa3d496" executionId="b235c7dd-82e5-4a98-afac-e2a868b40979" testListId="8c84fa94-04c1-424b-9868-57a2d4851a1d" />
    <TestEntry testId="2375c8a9-9c81-8dc6-7b23-eb291867b931" executionId="b3895ec7-05ef-40d7-b1f1-cf047d4455ad" testListId="8c84fa94-04c1-424b-9868-57a2d4851a1d" />
    <TestEntry testId="924c3ec9-57ca-e6d9-93fa-7a008223ebc0" executionId="33ed91dd-5ad3-4312-b937-3eaf858f721c" testListId="8c84fa94-04c1-424b-9868-57a2d4851a1d" />
    <TestEntry testId="36d878ea-ac3a-2fc0-e0a5-088503a04284" executionId="f4c25ea5-c03c-42ab-acc1-4ab1ab77c055" testListId="8c84fa94-04c1-424b-9868-57a2d4851a1d" />
    <TestEntry testId="472bdae7-1481-37ae-9b0a-e348b43ba5ab" executionId="fe8ee909-c988-4be2-8b6b-d62ca418da60" testListId="8c84fa94-04c1-424b-9868-57a2d4851a1d" />
    <TestEntry testId="21cbfe16-12ab-4415-5669-6e68422872b7" executionId="eb353454-1277-4adf-9917-8b9269cf693e" testListId="8c84fa94-04c1-424b-9868-57a2d4851a1d" />
    <TestEntry testId="95950883-d37d-44d1-816c-eeca644523df" executionId="759e0b04-455c-4d80-84c1-6c3d49220e48" testListId="8c84fa94-04c1-424b-9868-57a2d4851a1d" />
    <TestEntry testId="005c2349-bf39-5921-eb4e-2d250923a8f1" executionId="2f61db48-71db-48a8-b0ad-0bbbfe24349d" testListId="8c84fa94-04c1-424b-9868-57a2d4851a1d" />
    <TestEntry testId="4bf29abe-f7cf-2386-44bc-c648c7746ce3" executionId="191475b2-9d5a-42dd-a6ec-b1888ccca84e" testListId="8c84fa94-04c1-424b-9868-57a2d4851a1d" />
    <TestEntry testId="3fb94c57-d81f-4388-95a8-b4795ed4996b" executionId="11c2d174-97eb-44ac-940c-cd709138a9bd" testListId="8c84fa94-04c1-424b-9868-57a2d4851a1d" />
    <TestEntry testId="3cd5691c-55d6-ab0f-db46-7ef7a14563a7" executionId="09ab687b-8ae6-477f-b1ca-ec58a90d9d57" testListId="8c84fa94-04c1-424b-9868-57a2d4851a1d" />
    <TestEntry testId="6aa37742-9ae1-f9a8-87e5-dfd9db994539" executionId="8d6abb5d-0e07-408e-86e8-dfb7a1626515" testListId="8c84fa94-04c1-424b-9868-57a2d4851a1d" />
    <TestEntry testId="9f86949b-ff5e-ca56-306e-7e5256c0bfe3" executionId="11dd3866-660d-4211-87f4-d58a9068a217" testListId="8c84fa94-04c1-424b-9868-57a2d4851a1d" />
    <TestEntry testId="03ad9055-adfe-1c39-d7e7-3033015f7d91" executionId="862e3e3f-0e33-4da2-9db8-d252c4f3332d" testListId="8c84fa94-04c1-424b-9868-57a2d4851a1d" />
    <TestEntry testId="7e815c68-0478-7263-5192-039779e2d57f" executionId="e567afbf-4685-412f-843a-6e4f0de791cb" testListId="8c84fa94-04c1-424b-9868-57a2d4851a1d" />
    <TestEntry testId="5a2c3246-6a37-fc3a-ea4b-39b9eb082611" executionId="1d955776-7789-4d6d-a72e-d30bc46622bc" testListId="8c84fa94-04c1-424b-9868-57a2d4851a1d" />
    <TestEntry testId="4e9aec07-5d6c-1230-0a70-b44634d8c849" executionId="da4e97a1-7eef-427a-a5a2-625d86ec450c" testListId="8c84fa94-04c1-424b-9868-57a2d4851a1d" />
    <TestEntry testId="786f6eaf-39a5-d9d1-6185-73918aee5708" executionId="73f8d04f-8577-483b-b11c-54799106344f" testListId="8c84fa94-04c1-424b-9868-57a2d4851a1d" />
    <TestEntry testId="34dbd36d-7657-789d-c1f4-b87bda41a8d0" executionId="5f46bad2-7c34-4b9f-91ba-d1491189aa62" testListId="8c84fa94-04c1-424b-9868-57a2d4851a1d" />
    <TestEntry testId="6cd147ad-900c-aa32-73dd-c08cdd69e486" executionId="b168df3a-cee6-43e0-9754-a304e14a20fb" testListId="8c84fa94-04c1-424b-9868-57a2d4851a1d" />
    <TestEntry testId="ed231124-f24b-a1c8-7e2a-87e7b16ed621" executionId="60612548-7958-411e-9403-ee5a28054ed6" testListId="8c84fa94-04c1-424b-9868-57a2d4851a1d" />
    <TestEntry testId="d1f51abe-b453-2b4c-17db-d6d31db81701" executionId="753116e1-daff-4791-9576-ba00e39a5bce" testListId="8c84fa94-04c1-424b-9868-57a2d4851a1d" />
    <TestEntry testId="bb0772f5-890b-28ff-3bdc-10e68ad2ca40" executionId="97a35264-48b9-40b4-b05b-c290c024dd35" testListId="8c84fa94-04c1-424b-9868-57a2d4851a1d" />
    <TestEntry testId="54354334-9db0-d284-e599-b6c6bdebe7dc" executionId="0f796ea4-c6c0-4353-bb63-56c69e54bc3e" testListId="8c84fa94-04c1-424b-9868-57a2d4851a1d" />
    <TestEntry testId="dc45186d-ea07-9e82-1fa5-7eb24b5352ec" executionId="7c08dab7-ab9b-4e35-b492-8da07c31741a" testListId="8c84fa94-04c1-424b-9868-57a2d4851a1d" />
    <TestEntry testId="042a40d9-e7b5-8f36-9770-65b56f9d26dc" executionId="44b7cea6-f14c-4431-b05a-7907d437b86f" testListId="8c84fa94-04c1-424b-9868-57a2d4851a1d" />
    <TestEntry testId="abe0d444-c518-c398-e62c-c5c392781f22" executionId="3a706571-2a43-47a5-bc4c-d5c216ae6c20" testListId="8c84fa94-04c1-424b-9868-57a2d4851a1d" />
    <TestEntry testId="ecc8f837-5f2e-ecf3-72d5-1c52ab3fabd6" executionId="534377ad-82f4-4d82-8aa4-e3aabcf2c49b" testListId="8c84fa94-04c1-424b-9868-57a2d4851a1d" />
    <TestEntry testId="14f9ea40-9936-523b-2e4e-b578ba3be5f3" executionId="6724cf8b-f57e-412f-942b-3e1dc4b28d6f" testListId="8c84fa94-04c1-424b-9868-57a2d4851a1d" />
    <TestEntry testId="74efa5f9-d324-b8ed-175b-abb70bb38a52" executionId="7b92fc10-8d50-4232-8a3e-130733d34f27" testListId="8c84fa94-04c1-424b-9868-57a2d4851a1d" />
    <TestEntry testId="58b77e23-5d4f-c1a7-5491-217bf3939282" executionId="52df77f1-ae15-49de-908f-03e16b4de364" testListId="8c84fa94-04c1-424b-9868-57a2d4851a1d" />
    <TestEntry testId="63f355a4-f6bc-c415-58f8-cc21ca1d9d03" executionId="88696b11-c085-481d-8837-50716796a28b" testListId="8c84fa94-04c1-424b-9868-57a2d4851a1d" />
    <TestEntry testId="6d957792-d4e5-2e92-089f-3c51f2f6259f" executionId="1da93dd1-2d63-4043-b8ee-4236f06703f9" testListId="8c84fa94-04c1-424b-9868-57a2d4851a1d" />
    <TestEntry testId="c52ee083-8a4f-0512-8da7-461f34e8c7a5" executionId="a7ce1291-0909-4864-a1b8-d40e83a17f74" testListId="8c84fa94-04c1-424b-9868-57a2d4851a1d" />
    <TestEntry testId="2dad6e12-9729-124c-ea09-8c1169c424da" executionId="76f339b2-0443-4a2e-8083-07ad2cd34c44" testListId="8c84fa94-04c1-424b-9868-57a2d4851a1d" />
    <TestEntry testId="bb40f890-a62b-eabc-5b08-bffb7875d40b" executionId="b23f3c89-d9a2-4d85-97ad-b4e16603042e" testListId="8c84fa94-04c1-424b-9868-57a2d4851a1d" />
    <TestEntry testId="fc75bc3a-fd9e-2cef-e33a-d12ef3e1ad51" executionId="f953b609-7c39-4ea4-8d83-2922696b9095" testListId="8c84fa94-04c1-424b-9868-57a2d4851a1d" />
    <TestEntry testId="7198e5b2-8bd9-6ad3-1ae0-e0d93d7ce966" executionId="5de25ba1-d3a1-4daf-9a84-f5e52366dcfe" testListId="8c84fa94-04c1-424b-9868-57a2d4851a1d" />
    <TestEntry testId="a58f4d76-8dc3-82e2-d9a3-9ddda593ad71" executionId="63a83972-66a8-4664-8dec-36e3dd6227db" testListId="8c84fa94-04c1-424b-9868-57a2d4851a1d" />
    <TestEntry testId="942034e6-d375-a594-6989-ce9709d3e15c" executionId="84d24e8d-46ff-4b6a-9b9c-47ff47210026" testListId="8c84fa94-04c1-424b-9868-57a2d4851a1d" />
    <TestEntry testId="f32398ad-6ae9-2def-dafd-048cdcaf03b9" executionId="d22a8f8c-fac3-46a2-b0c2-82cca2045fa5" testListId="8c84fa94-04c1-424b-9868-57a2d4851a1d" />
    <TestEntry testId="9f89c854-38b3-088e-4352-059ecf4caeb3" executionId="1c36279e-181d-429b-b405-e194527e0959" testListId="8c84fa94-04c1-424b-9868-57a2d4851a1d" />
    <TestEntry testId="5415f7bf-96d0-eb6d-a79e-a35bdc9d1aa1" executionId="0b9cea9d-1f87-4758-a57e-44a8b2b39d51" testListId="8c84fa94-04c1-424b-9868-57a2d4851a1d" />
    <TestEntry testId="d29ef367-02a6-508f-e77d-df56cf2b70b8" executionId="561abb1d-75b9-4d0f-b004-1debed877682" testListId="8c84fa94-04c1-424b-9868-57a2d4851a1d" />
    <TestEntry testId="9e70106c-faa2-a6a8-356e-759c8a327ed2" executionId="6f8dfd6d-4ab1-48b8-9361-88d2a5ed288b" testListId="8c84fa94-04c1-424b-9868-57a2d4851a1d" />
    <TestEntry testId="711bd7c0-e486-1f73-8a8a-12083d1aaf7f" executionId="5bcb8856-36a3-4d71-88aa-1e6a17ef5f83" testListId="8c84fa94-04c1-424b-9868-57a2d4851a1d" />
    <TestEntry testId="a70d3b66-5aaf-8448-e91d-2b62b18b513e" executionId="77681b24-4b1d-487d-93a4-a19440fcccf4" testListId="8c84fa94-04c1-424b-9868-57a2d4851a1d" />
    <TestEntry testId="97020ce9-68aa-306a-a752-4f2c2a3b80df" executionId="29890b9d-118b-46dd-a493-364eb6ca5bcf" testListId="8c84fa94-04c1-424b-9868-57a2d4851a1d" />
    <TestEntry testId="0d8c4ef2-c488-8476-456f-7c8913ee25b4" executionId="9f26a20a-2cec-4384-b6ff-948e1da0b321" testListId="8c84fa94-04c1-424b-9868-57a2d4851a1d" />
    <TestEntry testId="ebcfa407-44cf-d16c-909e-64c20ca1fba0" executionId="2b799ed7-224e-4d62-b319-a4c02f34006a" testListId="8c84fa94-04c1-424b-9868-57a2d4851a1d" />
    <TestEntry testId="5038a11e-827c-034a-e40d-22186e66a26a" executionId="a659851b-94d3-419d-82fb-74b430a377a1" testListId="8c84fa94-04c1-424b-9868-57a2d4851a1d" />
    <TestEntry testId="85603bd9-c8db-d487-fc14-3d6f7abb9a59" executionId="5eafc754-08b5-4694-90c4-8a00099d5288" testListId="8c84fa94-04c1-424b-9868-57a2d4851a1d" />
    <TestEntry testId="07b54811-58bc-3f17-8d87-57b7d517291d" executionId="cd3b0638-0954-457a-835b-6ec61bdfc6f8" testListId="8c84fa94-04c1-424b-9868-57a2d4851a1d" />
    <TestEntry testId="0edb40e7-c2cd-9749-4e68-6aaf39e098ea" executionId="19ca136c-0049-45c1-8aaf-b5f359e78869" testListId="8c84fa94-04c1-424b-9868-57a2d4851a1d" />
    <TestEntry testId="a2ea1d6e-4892-1378-89a5-cbbfdfad028b" executionId="3e0665d7-75f4-4fb9-b463-d1fd4f327b40" testListId="8c84fa94-04c1-424b-9868-57a2d4851a1d" />
    <TestEntry testId="35d553c6-07bf-eb01-ef79-2db0c363ebf1" executionId="07e34820-b523-49d7-a363-c8bf5dbbf36b" testListId="8c84fa94-04c1-424b-9868-57a2d4851a1d" />
    <TestEntry testId="ec4deae9-5267-1135-d336-879e446779ec" executionId="a153225b-f53f-4122-9b3d-c78a36120022" testListId="8c84fa94-04c1-424b-9868-57a2d4851a1d" />
    <TestEntry testId="c6c53883-3c17-c205-527a-1f2ced0b0e7e" executionId="d34f45f4-5b48-421e-80bf-a1d87acafb48" testListId="8c84fa94-04c1-424b-9868-57a2d4851a1d" />
    <TestEntry testId="ec9eeef6-283c-d7e9-6044-487db696bd6c" executionId="a2e46875-e593-4017-b3cb-c48545bc22e4" testListId="8c84fa94-04c1-424b-9868-57a2d4851a1d" />
    <TestEntry testId="fd42055b-fca7-e0a6-36c7-e031f452635a" executionId="2526a6af-d255-4af2-b6e3-8e23da30e207" testListId="8c84fa94-04c1-424b-9868-57a2d4851a1d" />
    <TestEntry testId="8a787587-1088-2afb-16fd-10b8acfb6186" executionId="51dd3f22-9844-47e6-9621-854e9139ecf0" testListId="8c84fa94-04c1-424b-9868-57a2d4851a1d" />
    <TestEntry testId="0fb852b4-b92c-0b00-40d6-e122811c5e99" executionId="b5d06d43-93bf-4df8-b080-763bc532d417" testListId="8c84fa94-04c1-424b-9868-57a2d4851a1d" />
    <TestEntry testId="66e5f875-c2eb-fea5-945b-ae08a3c9b330" executionId="fde87aa5-575b-4bce-bbf5-4b48d61c6343" testListId="8c84fa94-04c1-424b-9868-57a2d4851a1d" />
    <TestEntry testId="2ac0426c-13e7-c4b9-fde1-b74a781397bd" executionId="11e83751-7b58-42b0-9801-91fe761d3375" testListId="8c84fa94-04c1-424b-9868-57a2d4851a1d" />
    <TestEntry testId="cb38fdfe-1e93-9ba6-a861-bab5c223667a" executionId="73218863-3a96-49d2-8a63-21a9332ce8f0" testListId="8c84fa94-04c1-424b-9868-57a2d4851a1d" />
    <TestEntry testId="93ff5932-8023-127c-f70f-00b5c3f4e356" executionId="5ae47f6d-200d-48e2-ac9b-253cd35ccfea" testListId="8c84fa94-04c1-424b-9868-57a2d4851a1d" />
    <TestEntry testId="f4baef8f-d6fa-dc3e-31f5-027cea9313d9" executionId="59f0c7d7-9f71-438d-9eac-f0496aba76a1" testListId="8c84fa94-04c1-424b-9868-57a2d4851a1d" />
    <TestEntry testId="b6a82ade-894c-6c5b-cf2d-ad2fabf5cb6f" executionId="bdc9ef3f-91a8-4534-aa27-369067e60c81" testListId="8c84fa94-04c1-424b-9868-57a2d4851a1d" />
    <TestEntry testId="e0350aab-d43d-f601-e352-e0b9241048d5" executionId="298b8d93-4bfe-4508-95e4-eb0babcf37b8" testListId="8c84fa94-04c1-424b-9868-57a2d4851a1d" />
    <TestEntry testId="9dfe53c1-4f30-4244-1642-59111774bba7" executionId="1204fdb6-7627-4160-93b3-6b12f0cac389" testListId="8c84fa94-04c1-424b-9868-57a2d4851a1d" />
    <TestEntry testId="7a49ed8e-3964-0115-ed20-39b0eaac0393" executionId="b4b4f259-651f-40df-99d2-066580d35caa" testListId="8c84fa94-04c1-424b-9868-57a2d4851a1d" />
    <TestEntry testId="25b5b8b8-f8f6-64d6-42c8-a17938985fb0" executionId="9008e842-2eae-4d2f-aeb5-d99ffc395a75" testListId="8c84fa94-04c1-424b-9868-57a2d4851a1d" />
    <TestEntry testId="552f1ff8-605f-0df9-9137-4100a5f2f3d8" executionId="20179d1a-ff9e-45e0-8264-59a226b84ab5" testListId="8c84fa94-04c1-424b-9868-57a2d4851a1d" />
    <TestEntry testId="7ee31b5e-f600-1ab9-c5dd-ceefaddada13" executionId="ad3c4c78-11ae-4140-9a29-5e36c68cc433" testListId="8c84fa94-04c1-424b-9868-57a2d4851a1d" />
    <TestEntry testId="47de574b-138c-49f3-2bc5-516b888258f1" executionId="6f7d8e9c-974a-4304-a414-4ebd113013e1" testListId="8c84fa94-04c1-424b-9868-57a2d4851a1d" />
    <TestEntry testId="5ac3d5a6-a73c-96ff-0485-c477d0b66208" executionId="752ede62-3542-4d21-a88c-38484ff850b5" testListId="8c84fa94-04c1-424b-9868-57a2d4851a1d" />
    <TestEntry testId="7912b0a2-1adb-a11e-5fd5-fc2ec3915ec5" executionId="2b909a78-a0a1-4598-bf7b-0d97f081b899" testListId="8c84fa94-04c1-424b-9868-57a2d4851a1d" />
    <TestEntry testId="9015069b-ab6a-93fb-b4c9-625de08ad1a4" executionId="0804ad29-2960-4e8b-b028-010f324c34bc" testListId="8c84fa94-04c1-424b-9868-57a2d4851a1d" />
    <TestEntry testId="dcac1550-c38b-b314-aa6d-d43c5ad1f5b3" executionId="56df259f-7a68-4d2a-a447-fb7c8edab218" testListId="8c84fa94-04c1-424b-9868-57a2d4851a1d" />
    <TestEntry testId="16e39cfd-973e-9063-ea55-63730b470c86" executionId="a1227789-5d1d-47ad-a698-2ebbf048bad2" testListId="8c84fa94-04c1-424b-9868-57a2d4851a1d" />
    <TestEntry testId="9064ed59-6d82-010f-3b3f-069c0d202938" executionId="0f813f88-a9ce-401b-8fe8-600959673b84" testListId="8c84fa94-04c1-424b-9868-57a2d4851a1d" />
    <TestEntry testId="9548e950-7a8d-d61d-e62c-c6c109822415" executionId="8f140266-52d9-40f4-90c1-a9aaadde82ea" testListId="8c84fa94-04c1-424b-9868-57a2d4851a1d" />
    <TestEntry testId="06eb9778-d21e-ddd8-6eaa-3762dbca0da3" executionId="898eed55-b121-47eb-9af0-ff6c0cf5a2bc" testListId="8c84fa94-04c1-424b-9868-57a2d4851a1d" />
    <TestEntry testId="e3f6a6bd-757a-95b0-0880-060e2e2228bd" executionId="4cd21df2-ebf8-4eab-837a-1d8acd55d0e0" testListId="8c84fa94-04c1-424b-9868-57a2d4851a1d" />
    <TestEntry testId="8e23e6d7-2a8d-9c3d-5e28-d46a378fb7a8" executionId="d6297201-3138-4b51-b60e-ae88956f8451" testListId="8c84fa94-04c1-424b-9868-57a2d4851a1d" />
    <TestEntry testId="2a84683c-350f-4a4b-6072-53f7d7b7b6af" executionId="19843a76-e281-463b-9c32-3c725b781ada" testListId="8c84fa94-04c1-424b-9868-57a2d4851a1d" />
    <TestEntry testId="60563a73-6fdc-9acc-ccd2-19e2d6102586" executionId="9a13f0ef-105c-4408-8aa0-363b6c02c5af" testListId="8c84fa94-04c1-424b-9868-57a2d4851a1d" />
    <TestEntry testId="f4f186fe-0a8c-d480-d2b3-c676916bfac4" executionId="3e73df15-ea0c-4b3a-97f7-a158c9f9a22f" testListId="8c84fa94-04c1-424b-9868-57a2d4851a1d" />
    <TestEntry testId="b3571259-5a1a-9710-921b-3fdbf3794dba" executionId="df69edbd-82fe-4262-8a8d-e9c16ac80c8a" testListId="8c84fa94-04c1-424b-9868-57a2d4851a1d" />
    <TestEntry testId="1793b2a4-d218-da26-5edd-577e804edd44" executionId="022ef244-1445-4e38-9477-15dcaac22053" testListId="8c84fa94-04c1-424b-9868-57a2d4851a1d" />
    <TestEntry testId="bc087a31-d536-c61b-7287-b34438f126af" executionId="9cacbf4c-0d9f-4cbf-af5e-e017754ccb8c" testListId="8c84fa94-04c1-424b-9868-57a2d4851a1d" />
    <TestEntry testId="2244ea50-46c2-a55e-a812-5de4dff25d2c" executionId="f847664b-12d5-40bc-b839-eb4e497ac648" testListId="8c84fa94-04c1-424b-9868-57a2d4851a1d" />
    <TestEntry testId="6b7cbe1d-8edc-1c29-b3cc-221b7f2125f1" executionId="81a7f90f-b01e-4b98-b15f-a0ae40a89dec" testListId="8c84fa94-04c1-424b-9868-57a2d4851a1d" />
    <TestEntry testId="e0ffc012-12d3-3b76-7e1e-df39507c2666" executionId="ff3b008d-45ae-4005-b61d-7d8b57a9d9e0" testListId="8c84fa94-04c1-424b-9868-57a2d4851a1d" />
    <TestEntry testId="b0e90196-9392-acab-4aaf-a81802fb1b1a" executionId="176f2fb8-654a-4f43-823f-588374b92c44" testListId="8c84fa94-04c1-424b-9868-57a2d4851a1d" />
    <TestEntry testId="77b4aeea-288c-4f00-1176-64e6bdd0bdeb" executionId="c8241db2-de4a-4546-8425-63d1a9512b0c" testListId="8c84fa94-04c1-424b-9868-57a2d4851a1d" />
    <TestEntry testId="f7468abf-293b-a7d4-d612-0da59b5ec75a" executionId="d0ce4c81-cfb8-462a-90cb-deda1e4293b4" testListId="8c84fa94-04c1-424b-9868-57a2d4851a1d" />
    <TestEntry testId="ed8cc751-2cde-0364-c290-babfeef83c9c" executionId="af20f656-5c69-4950-bb31-db2e87f7d6cd" testListId="8c84fa94-04c1-424b-9868-57a2d4851a1d" />
    <TestEntry testId="73b03a75-d47f-f3c5-db53-6a629b1ae560" executionId="f4e2a80f-04ae-48da-83fd-06168fe806e3" testListId="8c84fa94-04c1-424b-9868-57a2d4851a1d" />
    <TestEntry testId="b5837faf-faf7-98ae-18c9-b3ab13d7d0c3" executionId="9a024bef-36bb-443c-9bbe-a1a48e44f3b0" testListId="8c84fa94-04c1-424b-9868-57a2d4851a1d" />
    <TestEntry testId="5d807aff-9551-dc05-2aea-2f6cf6a3af53" executionId="baaa0434-592a-406d-acc3-c7d53fc17791" testListId="8c84fa94-04c1-424b-9868-57a2d4851a1d" />
    <TestEntry testId="38fafbfd-2434-40dd-d59d-78de333da773" executionId="bbe206cf-952b-4999-a56e-e63fc3642478" testListId="8c84fa94-04c1-424b-9868-57a2d4851a1d" />
    <TestEntry testId="6750a892-c51a-8270-f487-d94c701ec104" executionId="0bbff3a4-6fcf-40e6-857d-71614098bb6e" testListId="8c84fa94-04c1-424b-9868-57a2d4851a1d" />
    <TestEntry testId="2387969c-9081-6d94-9592-07bb8e4e0daa" executionId="586d9a62-d3e5-4e4a-93f8-ed92172dd42c" testListId="8c84fa94-04c1-424b-9868-57a2d4851a1d" />
    <TestEntry testId="b8caf8dd-e728-e02d-4dc4-017cbefd4f55" executionId="565549f8-6121-4332-9d10-dca149cf4141" testListId="8c84fa94-04c1-424b-9868-57a2d4851a1d" />
  </TestEntries>
  <TestLists>
    <TestList name="Ergebnisse nicht in einer Liste" id="8c84fa94-04c1-424b-9868-57a2d4851a1d" />
    <TestList name="Alle geladenen Ergebnisse" id="19431567-8539-422a-85d7-44ee4e166bda" />
  </TestLists>
  <ResultSummary outcome="Completed">
    <Counters total="525" executed="525" passed="525" failed="0" error="0" timeout="0" aborted="0" inconclusive="0" passedButRunAborted="0" notRunnable="0" notExecuted="0" disconnected="0" warning="0" completed="0" inProgress="0" pending="0" />
    <Output>
      <StdOut>[xUnit.net 00:00:00.00] xUnit.net VSTest Adapter v3.1.5+1b188a7b0a (64-bit .NET 10.0.7)&#xD;
[xUnit.net 00:00:00.16]   Discovering: Romulus.Tests&#xD;
[xUnit.net 00:00:00.91]   Discovered:  Romulus.Tests&#xD;
[xUnit.net 00:00:01.01]   Starting:    Romulus.Tests&#xD;
info: Microsoft.Hosting.Lifetime[14]&#xD;
      Now listening on: http://127.0.0.1:7878&#xD;
info: Microsoft.Hosting.Lifetime[0]&#xD;
      Application started. Press Ctrl+C to shut down.&#xD;
info: Microsoft.Hosting.Lifetime[0]&#xD;
      Hosting environment: Development&#xD;
info: Microsoft.Hosting.Lifetime[0]&#xD;
      Content root path: C:\Code\Sortierung\src\Romulus.Api&#xD;
[2026-04-23T06:18:05.8241380Z] 0e9c7c76956848ae POST /runs \u001a 200 (91842ms)&#xD;
[2026-04-23T06:19:37.7038304Z] cacc45865f76417f POST /runs/782523ae10c443aa81e8c39f97e804d4/rollback \u001a 200 (34ms)&#xD;
info: Microsoft.Hosting.Lifetime[0]&#xD;
      Application is shutting down...&#xD;
info: Microsoft.Hosting.Lifetime[14]&#xD;
      Now listening on: http://127.0.0.1:7878&#xD;
info: Microsoft.Hosting.Lifetime[0]&#xD;
      Application started. Press Ctrl+C to shut down.&#xD;
info: Microsoft.Hosting.Lifetime[0]&#xD;
      Hosting environment: Development&#xD;
info: Microsoft.Hosting.Lifetime[0]&#xD;
      Content root path: C:\Code\Sortierung\src\Romulus.Api&#xD;
[2026-04-23T06:19:37.9805348Z] f8a61a8b79084f1f POST /runs \u001a 200 (91732ms)&#xD;
info: Microsoft.Hosting.Lifetime[0]&#xD;
      Application is shutting down...&#xD;
[xUnit.net 00:09:18.54]   Finished:    Romulus.Tests&#xD;
</StdOut>
    </Output>
  </ResultSummary>
</TestRun>