<?xml version="1.0" encoding="utf-8"?>
<TestRun id="a744c0f3-5ab5-458a-8741-e664c2f2f26f" name="Cemal@ASUSTOWER 2026-04-26 22:06:42" runUser="AsusTower\Cemal" xmlns="http://microsoft.com/schemas/VisualStudio/TeamTest/2010">
  <Times creation="2026-04-26T22:06:42.6179582+02:00" queuing="2026-04-26T22:06:42.6179583+02:00" start="2026-04-26T22:05:22.1910791+02:00" finish="2026-04-26T22:06:42.6356346+02:00" />
  <TestSettings name="default" id="d3367bfd-7044-476e-8597-c247d4686928">
    <Deployment runDeploymentRoot="Cemal_ASUSTOWER_2026-04-26_22_06_42" />
  </TestSettings>
  <Results>
    <UnitTestResult executionId="810b7194-091e-43d9-9d2d-11e7b332dfd8" testId="5a03f87f-32e1-a861-386e-950dd0de8f28" testName="Romulus.Tests.Benchmark.BaselineRegressionGateTests.BenchmarkResults_NoRegressionVsBaseline" computerName="ASUSTOWER" duration="00:01:18.2751517" startTime="2026-04-26T22:05:24.1715526+02:00" endTime="2026-04-26T22:06:42.4638107+02:00" testType="13cdc9d9-ddb5-4fa4-a97d-d965ccfc6d4b" outcome="Passed" testListId="8c84fa94-04c1-424b-9868-57a2d4851a1d" relativeResultsDirectory="810b7194-091e-43d9-9d2d-11e7b332dfd8">
      <Output>
        <StdOut>Trend direction: stable (WrongSlope=0.000760, UnsafeSlope=0.000000)&#xD;
WrongMatchRateDelta=0.000000&#xD;
UnsafeSortRateDelta=0.000000&#xD;
UnknownToWrongMigrationRate=0.000000</StdOut>
      </Output>
    </UnitTestResult>
  </Results>
  <TestDefinitions>
    <UnitTest name="Romulus.Tests.Benchmark.BaselineRegressionGateTests.BenchmarkResults_NoRegressionVsBaseline" storage="c:\code\sortierung\src\romulus.tests\bin\debug\net10.0-windows\romulus.tests.dll" id="5a03f87f-32e1-a861-386e-950dd0de8f28">
      <Execution id="810b7194-091e-43d9-9d2d-11e7b332dfd8" />
      <TestMethod codeBase="C:\Code\Sortierung\src\Romulus.Tests\bin\Debug\net10.0-windows\Romulus.Tests.dll" adapterTypeName="executor://xunit/VsTestRunner3/netcore/" className="Romulus.Tests.Benchmark.BaselineRegressionGateTests" name="BenchmarkResults_NoRegressionVsBaseline" />
    </UnitTest>
  </TestDefinitions>
  <TestEntries>
    <TestEntry testId="5a03f87f-32e1-a861-386e-950dd0de8f28" executionId="810b7194-091e-43d9-9d2d-11e7b332dfd8" testListId="8c84fa94-04c1-424b-9868-57a2d4851a1d" />
  </TestEntries>
  <TestLists>
    <TestList name="Ergebnisse nicht in einer Liste" id="8c84fa94-04c1-424b-9868-57a2d4851a1d" />
    <TestList name="Alle geladenen Ergebnisse" id="19431567-8539-422a-85d7-44ee4e166bda" />
  </TestLists>
  <ResultSummary outcome="Completed">
    <Counters total="1" executed="1" passed="1" failed="0" error="0" timeout="0" aborted="0" inconclusive="0" passedButRunAborted="0" notRunnable="0" notExecuted="0" disconnected="0" warning="0" completed="0" inProgress="0" pending="0" />
    <Output>
      <StdOut>[xUnit.net 00:00:00.00] xUnit.net VSTest Adapter v3.1.5+1b188a7b0a (64-bit .NET 10.0.7)&#xD;
[xUnit.net 00:00:00.18]   Discovering: Romulus.Tests&#xD;
[xUnit.net 00:00:01.04]   Discovered:  Romulus.Tests&#xD;
[xUnit.net 00:00:01.08]   Starting:    Romulus.Tests&#xD;
[xUnit.net 00:01:19.68]   Finished:    Romulus.Tests&#xD;
</StdOut>
    </Output>
  </ResultSummary>
</TestRun>